{"C:\\Users\\mvber\\Desktop\\Cursor\\Aplicação\\frontend\\src\\App.jsx": {"path":"C:\\Users\\mvber\\Desktop\\Cursor\\Aplicação\\frontend\\src\\App.jsx","statementMap":{"0":{"start":{"line":8,"column":2},"end":{"line":25,"column":3}}},"fnMap":{"0":{"name":"App","decl":{"start":{"line":7,"column":24},"end":{"line":7,"column":27}},"loc":{"start":{"line":7,"column":30},"end":{"line":26,"column":1}},"line":7}},"branchMap":{},"s":{"0":0},"f":{"0":0},"b":{}}
,"C:\\Users\\mvber\\Desktop\\Cursor\\Aplicação\\frontend\\src\\api\\client.js": {"path":"C:\\Users\\mvber\\Desktop\\Cursor\\Aplicação\\frontend\\src\\api\\client.js","statementMap":{"0":{"start":{"line":3,"column":12},"end":{"line":5,"column":2}}},"fnMap":{},"branchMap":{"0":{"loc":{"start":{"line":4,"column":11},"end":{"line":4,"column":73}},"type":"binary-expr","locations":[{"start":{"line":4,"column":11},"end":{"line":4,"column":39}},{"start":{"line":4,"column":43},"end":{"line":4,"column":73}}],"line":4}},"s":{"0":0},"f":{},"b":{"0":[0,0]}}
,"C:\\Users\\mvber\\Desktop\\Cursor\\Aplicação\\frontend\\src\\components\\ActionItems.jsx": {"path":"C:\\Users\\mvber\\Desktop\\Cursor\\Aplicação\\frontend\\src\\components\\ActionItems.jsx","statementMap":{"0":{"start":{"line":5,"column":28},"end":{"line":5,"column":40}},"1":{"start":{"line":6,"column":38},"end":{"line":6,"column":50}},"2":{"start":{"line":8,"column":21},"end":{"line":11,"column":3}},"3":{"start":{"line":9,"column":14},"end":{"line":9,"column":73}},"4":{"start":{"line":10,"column":4},"end":{"line":10,"column":86}},"5":{"start":{"line":10,"column":67},"end":{"line":10,"column":85}},"6":{"start":{"line":13,"column":2},"end":{"line":15,"column":29}},"7":{"start":{"line":14,"column":4},"end":{"line":14,"column":16}},"8":{"start":{"line":17,"column":18},"end":{"line":23,"column":3}},"9":{"start":{"line":18,"column":18},"end":{"line":18,"column":43}},"10":{"start":{"line":19,"column":4},"end":{"line":19,"column":22}},"11":{"start":{"line":19,"column":16},"end":{"line":19,"column":22}},"12":{"start":{"line":20,"column":17},"end":{"line":20,"column":96}},"13":{"start":{"line":21,"column":4},"end":{"line":21,"column":90}},"14":{"start":{"line":22,"column":4},"end":{"line":22,"column":16}},"15":{"start":{"line":25,"column":2},"end":{"line":45,"column":3}},"16":{"start":{"line":29,"column":50},"end":{"line":29,"column":79}},"17":{"start":{"line":39,"column":10},"end":{"line":41,"column":15}}},"fnMap":{"0":{"name":"ActionItems","decl":{"start":{"line":4,"column":24},"end":{"line":4,"column":35}},"loc":{"start":{"line":4,"column":51},"end":{"line":46,"column":1}},"line":4},"1":{"name":"(anonymous_1)","decl":{"start":{"line":8,"column":21},"end":{"line":8,"column":22}},"loc":{"start":{"line":8,"column":27},"end":{"line":11,"column":3}},"line":8},"2":{"name":"(anonymous_2)","decl":{"start":{"line":10,"column":60},"end":{"line":10,"column":61}},"loc":{"start":{"line":10,"column":67},"end":{"line":10,"column":85}},"line":10},"3":{"name":"(anonymous_3)","decl":{"start":{"line":13,"column":12},"end":{"line":13,"column":13}},"loc":{"start":{"line":13,"column":18},"end":{"line":15,"column":3}},"line":13},"4":{"name":"(anonymous_4)","decl":{"start":{"line":17,"column":18},"end":{"line":17,"column":19}},"loc":{"start":{"line":17,"column":30},"end":{"line":23,"column":3}},"line":17},"5":{"name":"(anonymous_5)","decl":{"start":{"line":29,"column":45},"end":{"line":29,"column":46}},"loc":{"start":{"line":29,"column":50},"end":{"line":29,"column":79}},"line":29},"6":{"name":"(anonymous_6)","decl":{"start":{"line":38,"column":19},"end":{"line":38,"column":20}},"loc":{"start":{"line":39,"column":10},"end":{"line":41,"column":15}},"line":39}},"branchMap":{"0":{"loc":{"start":{"line":9,"column":14},"end":{"line":9,"column":73}},"type":"cond-expr","locations":[{"start":{"line":9,"column":27},"end":{"line":9,"column":68}},{"start":{"line":9,"column":71},"end":{"line":9,"column":73}}],"line":9},"1":{"loc":{"start":{"line":19,"column":4},"end":{"line":19,"column":22}},"type":"if","locations":[{"start":{"line":19,"column":4},"end":{"line":19,"column":22}},{"start":{},"end":{}}],"line":19}},"s":{"0":7,"1":7,"2":7,"3":5,"4":5,"5":5,"6":7,"7":4,"8":7,"9":1,"10":1,"11":0,"12":1,"13":1,"14":1,"15":7,"16":1,"17":6},"f":{"0":7,"1":5,"2":5,"3":4,"4":1,"5":1,"6":6},"b":{"0":[1,4],"1":[0,1]},"_coverageSchema":"1a1c01bbd47fc00a2c39e90264f33305004495a9","hash":"f724765fb72fa21dcbc00cf9f5a8bbb62ccf1826"}
,"C:\\Users\\mvber\\Desktop\\Cursor\\Aplicação\\frontend\\src\\components\\Checklist.jsx": {"path":"C:\\Users\\mvber\\Desktop\\Cursor\\Aplicação\\frontend\\src\\components\\Checklist.jsx","statementMap":{"0":{"start":{"line":5,"column":30},"end":{"line":5,"column":42}},"1":{"start":{"line":6,"column":34},"end":{"line":6,"column":46}},"2":{"start":{"line":7,"column":28},"end":{"line":7,"column":40}},"3":{"start":{"line":9,"column":22},"end":{"line":11,"column":3}},"4":{"start":{"line":10,"column":4},"end":{"line":10,"column":87}},"5":{"start":{"line":10,"column":67},"end":{"line":10,"column":86}},"6":{"start":{"line":13,"column":2},"end":{"line":15,"column":17}},"7":{"start":{"line":14,"column":4},"end":{"line":14,"column":17}},"8":{"start":{"line":17,"column":19},"end":{"line":22,"column":3}},"9":{"start":{"line":18,"column":4},"end":{"line":18,"column":32}},"10":{"start":{"line":18,"column":26},"end":{"line":18,"column":32}},"11":{"start":{"line":19,"column":4},"end":{"line":19,"column":81}},"12":{"start":{"line":20,"column":4},"end":{"line":20,"column":19}},"13":{"start":{"line":21,"column":4},"end":{"line":21,"column":17}},"14":{"start":{"line":24,"column":18},"end":{"line":30,"column":3}},"15":{"start":{"line":25,"column":18},"end":{"line":25,"column":43}},"16":{"start":{"line":26,"column":4},"end":{"line":26,"column":22}},"17":{"start":{"line":26,"column":16},"end":{"line":26,"column":22}},"18":{"start":{"line":27,"column":17},"end":{"line":27,"column":96}},"19":{"start":{"line":28,"column":4},"end":{"line":28,"column":84}},"20":{"start":{"line":29,"column":4},"end":{"line":29,"column":17}},"21":{"start":{"line":32,"column":2},"end":{"line":52,"column":3}},"22":{"start":{"line":35,"column":47},"end":{"line":35,"column":74}},"23":{"start":{"line":41,"column":10},"end":{"line":48,"column":16}},"24":{"start":{"line":44,"column":37},"end":{"line":44,"column":50}}},"fnMap":{"0":{"name":"Checklist","decl":{"start":{"line":4,"column":24},"end":{"line":4,"column":33}},"loc":{"start":{"line":4,"column":49},"end":{"line":53,"column":1}},"line":4},"1":{"name":"(anonymous_1)","decl":{"start":{"line":9,"column":22},"end":{"line":9,"column":23}},"loc":{"start":{"line":9,"column":28},"end":{"line":11,"column":3}},"line":9},"2":{"name":"(anonymous_2)","decl":{"start":{"line":10,"column":60},"end":{"line":10,"column":61}},"loc":{"start":{"line":10,"column":67},"end":{"line":10,"column":86}},"line":10},"3":{"name":"(anonymous_3)","decl":{"start":{"line":13,"column":12},"end":{"line":13,"column":13}},"loc":{"start":{"line":13,"column":18},"end":{"line":15,"column":3}},"line":13},"4":{"name":"(anonymous_4)","decl":{"start":{"line":17,"column":19},"end":{"line":17,"column":20}},"loc":{"start":{"line":17,"column":31},"end":{"line":22,"column":3}},"line":17},"5":{"name":"(anonymous_5)","decl":{"start":{"line":24,"column":18},"end":{"line":24,"column":19}},"loc":{"start":{"line":24,"column":37},"end":{"line":30,"column":3}},"line":24},"6":{"name":"(anonymous_6)","decl":{"start":{"line":35,"column":42},"end":{"line":35,"column":43}},"loc":{"start":{"line":35,"column":47},"end":{"line":35,"column":74}},"line":35},"7":{"name":"(anonymous_7)","decl":{"start":{"line":40,"column":20},"end":{"line":40,"column":21}},"loc":{"start":{"line":41,"column":10},"end":{"line":48,"column":16}},"line":41},"8":{"name":"(anonymous_8)","decl":{"start":{"line":44,"column":31},"end":{"line":44,"column":32}},"loc":{"start":{"line":44,"column":37},"end":{"line":44,"column":50}},"line":44}},"branchMap":{"0":{"loc":{"start":{"line":18,"column":4},"end":{"line":18,"column":32}},"type":"if","locations":[{"start":{"line":18,"column":4},"end":{"line":18,"column":32}},{"start":{},"end":{}}],"line":18},"1":{"loc":{"start":{"line":26,"column":4},"end":{"line":26,"column":22}},"type":"if","locations":[{"start":{"line":26,"column":4},"end":{"line":26,"column":22}},{"start":{},"end":{}}],"line":26},"2":{"loc":{"start":{"line":27,"column":17},"end":{"line":27,"column":96}},"type":"cond-expr","locations":[{"start":{"line":27,"column":73},"end":{"line":27,"column":87}},{"start":{"line":27,"column":90},"end":{"line":27,"column":96}}],"line":27}},"s":{"0":7,"1":7,"2":7,"3":7,"4":5,"5":5,"6":7,"7":3,"8":7,"9":1,"10":0,"11":1,"12":1,"13":1,"14":7,"15":1,"16":1,"17":0,"18":1,"19":1,"20":1,"21":7,"22":1,"23":5,"24":1},"f":{"0":7,"1":5,"2":5,"3":3,"4":1,"5":1,"6":1,"7":5,"8":1},"b":{"0":[0,1],"1":[0,1],"2":[1,0]},"_coverageSchema":"1a1c01bbd47fc00a2c39e90264f33305004495a9","hash":"25bcae0d059f280a3b8a179e1090e3d35ea41984"}
,"C:\\Users\\mvber\\Desktop\\Cursor\\Aplicação\\frontend\\src\\components\\dashboard\\PortfolioOverview.tsx": {"path":"C:\\Users\\mvber\\Desktop\\Cursor\\Aplicação\\frontend\\src\\components\\dashboard\\PortfolioOverview.tsx","statementMap":{"0":{"start":{"line":30,"column":43},"end":{"line":250,"column":1}},"1":{"start":{"line":31,"column":34},"end":{"line":31,"column":57}},"2":{"start":{"line":32,"column":32},"end":{"line":32,"column":71}},"3":{"start":{"line":33,"column":32},"end":{"line":33,"column":46}},"4":{"start":{"line":34,"column":28},"end":{"line":34,"column":57}},"5":{"start":{"line":36,"column":2},"end":{"line":38,"column":9}},"6":{"start":{"line":37,"column":4},"end":{"line":37,"column":25}},"7":{"start":{"line":40,"column":29},"end":{"line":59,"column":3}},"8":{"start":{"line":41,"column":4},"end":{"line":58,"column":5}},"9":{"start":{"line":42,"column":6},"end":{"line":42,"column":23}},"10":{"start":{"line":43,"column":6},"end":{"line":43,"column":21}},"11":{"start":{"line":46,"column":50},"end":{"line":49,"column":8}},"12":{"start":{"line":51,"column":6},"end":{"line":51,"column":39}},"13":{"start":{"line":52,"column":6},"end":{"line":52,"column":41}},"14":{"start":{"line":54,"column":6},"end":{"line":54,"column":67}},"15":{"start":{"line":55,"column":6},"end":{"line":55,"column":59}},"16":{"start":{"line":57,"column":6},"end":{"line":57,"column":24}},"17":{"start":{"line":61,"column":2},"end":{"line":67,"column":3}},"18":{"start":{"line":62,"column":4},"end":{"line":66,"column":6}},"19":{"start":{"line":69,"column":2},"end":{"line":93,"column":3}},"20":{"start":{"line":70,"column":4},"end":{"line":92,"column":6}},"21":{"start":{"line":95,"column":2},"end":{"line":249,"column":4}},"22":{"start":{"line":138,"column":10},"end":{"line":142,"column":16}},"23":{"start":{"line":153,"column":38},"end":{"line":153,"column":85}},"24":{"start":{"line":153,"column":59},"end":{"line":153,"column":84}},"25":{"start":{"line":154,"column":38},"end":{"line":154,"column":104}},"26":{"start":{"line":154,"column":75},"end":{"line":154,"column":100}},"27":{"start":{"line":155,"column":35},"end":{"line":155,"column":100}},"28":{"start":{"line":155,"column":72},"end":{"line":155,"column":96}},"29":{"start":{"line":157,"column":12},"end":{"line":168,"column":14}},"30":{"start":{"line":211,"column":16},"end":{"line":242,"column":21}},"31":{"start":{"line":252,"column":23},"end":{"line":261,"column":1}},"32":{"start":{"line":253,"column":2},"end":{"line":260,"column":3}},"33":{"start":{"line":254,"column":22},"end":{"line":254,"column":46}},"34":{"start":{"line":255,"column":21},"end":{"line":255,"column":43}},"35":{"start":{"line":256,"column":20},"end":{"line":256,"column":43}},"36":{"start":{"line":257,"column":20},"end":{"line":257,"column":40}},"37":{"start":{"line":258,"column":24},"end":{"line":258,"column":45}},"38":{"start":{"line":259,"column":13},"end":{"line":259,"column":34}},"39":{"start":{"line":263,"column":22},"end":{"line":272,"column":1}},"40":{"start":{"line":264,"column":2},"end":{"line":271,"column":3}},"41":{"start":{"line":265,"column":22},"end":{"line":265,"column":41}},"42":{"start":{"line":266,"column":21},"end":{"line":266,"column":37}},"43":{"start":{"line":267,"column":20},"end":{"line":267,"column":37}},"44":{"start":{"line":268,"column":20},"end":{"line":268,"column":38}},"45":{"start":{"line":269,"column":24},"end":{"line":269,"column":46}},"46":{"start":{"line":270,"column":13},"end":{"line":270,"column":35}}},"fnMap":{"0":{"name":"(anonymous_0)","decl":{"start":{"line":30,"column":43},"end":{"line":30,"column":44}},"loc":{"start":{"line":30,"column":49},"end":{"line":250,"column":1}},"line":30},"1":{"name":"(anonymous_1)","decl":{"start":{"line":36,"column":12},"end":{"line":36,"column":13}},"loc":{"start":{"line":36,"column":18},"end":{"line":38,"column":3}},"line":36},"2":{"name":"(anonymous_2)","decl":{"start":{"line":40,"column":29},"end":{"line":40,"column":30}},"loc":{"start":{"line":40,"column":41},"end":{"line":59,"column":3}},"line":40},"3":{"name":"(anonymous_3)","decl":{"start":{"line":137,"column":63},"end":{"line":137,"column":64}},"loc":{"start":{"line":138,"column":10},"end":{"line":142,"column":16}},"line":138},"4":{"name":"(anonymous_4)","decl":{"start":{"line":152,"column":68},"end":{"line":152,"column":69}},"loc":{"start":{"line":152,"column":92},"end":{"line":169,"column":11}},"line":152},"5":{"name":"(anonymous_5)","decl":{"start":{"line":153,"column":54},"end":{"line":153,"column":55}},"loc":{"start":{"line":153,"column":59},"end":{"line":153,"column":84}},"line":153},"6":{"name":"(anonymous_6)","decl":{"start":{"line":154,"column":63},"end":{"line":154,"column":64}},"loc":{"start":{"line":154,"column":75},"end":{"line":154,"column":100}},"line":154},"7":{"name":"(anonymous_7)","decl":{"start":{"line":155,"column":60},"end":{"line":155,"column":61}},"loc":{"start":{"line":155,"column":72},"end":{"line":155,"column":96}},"line":155},"8":{"name":"(anonymous_8)","decl":{"start":{"line":210,"column":28},"end":{"line":210,"column":29}},"loc":{"start":{"line":211,"column":16},"end":{"line":242,"column":21}},"line":211},"9":{"name":"(anonymous_9)","decl":{"start":{"line":252,"column":23},"end":{"line":252,"column":24}},"loc":{"start":{"line":252,"column":43},"end":{"line":261,"column":1}},"line":252},"10":{"name":"(anonymous_10)","decl":{"start":{"line":263,"column":22},"end":{"line":263,"column":23}},"loc":{"start":{"line":263,"column":42},"end":{"line":272,"column":1}},"line":263}},"branchMap":{"0":{"loc":{"start":{"line":61,"column":2},"end":{"line":67,"column":3}},"type":"if","locations":[{"start":{"line":61,"column":2},"end":{"line":67,"column":3}},{"start":{},"end":{}}],"line":61},"1":{"loc":{"start":{"line":69,"column":2},"end":{"line":93,"column":3}},"type":"if","locations":[{"start":{"line":69,"column":2},"end":{"line":93,"column":3}},{"start":{},"end":{}}],"line":69},"2":{"loc":{"start":{"line":137,"column":24},"end":{"line":137,"column":57}},"type":"binary-expr","locations":[{"start":{"line":137,"column":24},"end":{"line":137,"column":51}},{"start":{"line":137,"column":55},"end":{"line":137,"column":57}}],"line":137},"3":{"loc":{"start":{"line":152,"column":26},"end":{"line":152,"column":62}},"type":"binary-expr","locations":[{"start":{"line":152,"column":26},"end":{"line":152,"column":56}},{"start":{"line":152,"column":60},"end":{"line":152,"column":62}}],"line":152},"4":{"loc":{"start":{"line":225,"column":21},"end":{"line":225,"column":49}},"type":"binary-expr","locations":[{"start":{"line":225,"column":21},"end":{"line":225,"column":40}},{"start":{"line":225,"column":44},"end":{"line":225,"column":49}}],"line":225},"5":{"loc":{"start":{"line":231,"column":21},"end":{"line":231,"column":116}},"type":"cond-expr","locations":[{"start":{"line":231,"column":52},"end":{"line":231,"column":108}},{"start":{"line":231,"column":111},"end":{"line":231,"column":116}}],"line":231},"6":{"loc":{"start":{"line":237,"column":21},"end":{"line":237,"column":47}},"type":"binary-expr","locations":[{"start":{"line":237,"column":21},"end":{"line":237,"column":38}},{"start":{"line":237,"column":42},"end":{"line":237,"column":47}}],"line":237},"7":{"loc":{"start":{"line":240,"column":21},"end":{"line":240,"column":46}},"type":"binary-expr","locations":[{"start":{"line":240,"column":21},"end":{"line":240,"column":37}},{"start":{"line":240,"column":41},"end":{"line":240,"column":46}}],"line":240},"8":{"loc":{"start":{"line":253,"column":2},"end":{"line":260,"column":3}},"type":"switch","locations":[{"start":{"line":254,"column":4},"end":{"line":254,"column":46}},{"start":{"line":255,"column":4},"end":{"line":255,"column":43}},{"start":{"line":256,"column":4},"end":{"line":256,"column":43}},{"start":{"line":257,"column":4},"end":{"line":257,"column":40}},{"start":{"line":258,"column":4},"end":{"line":258,"column":45}},{"start":{"line":259,"column":4},"end":{"line":259,"column":34}}],"line":253},"9":{"loc":{"start":{"line":264,"column":2},"end":{"line":271,"column":3}},"type":"switch","locations":[{"start":{"line":265,"column":4},"end":{"line":265,"column":41}},{"start":{"line":266,"column":4},"end":{"line":266,"column":37}},{"start":{"line":267,"column":4},"end":{"line":267,"column":37}},{"start":{"line":268,"column":4},"end":{"line":268,"column":38}},{"start":{"line":269,"column":4},"end":{"line":269,"column":46}},{"start":{"line":270,"column":4},"end":{"line":270,"column":35}}],"line":264}},"s":{"0":0,"1":0,"2":0,"3":0,"4":0,"5":0,"6":0,"7":0,"8":0,"9":0,"10":0,"11":0,"12":0,"13":0,"14":0,"15":0,"16":0,"17":0,"18":0,"19":0,"20":0,"21":0,"22":0,"23":0,"24":0,"25":0,"26":0,"27":0,"28":0,"29":0,"30":0,"31":0,"32":0,"33":0,"34":0,"35":0,"36":0,"37":0,"38":0,"39":0,"40":0,"41":0,"42":0,"43":0,"44":0,"45":0,"46":0},"f":{"0":0,"1":0,"2":0,"3":0,"4":0,"5":0,"6":0,"7":0,"8":0,"9":0,"10":0},"b":{"0":[0,0],"1":[0,0],"2":[0,0],"3":[0,0],"4":[0,0],"5":[0,0],"6":[0,0],"7":[0,0],"8":[0,0,0,0,0,0],"9":[0,0,0,0,0,0]}}
,"C:\\Users\\mvber\\Desktop\\Cursor\\Aplicação\\frontend\\src\\pages\\ProjectDetail.jsx": {"path":"C:\\Users\\mvber\\Desktop\\Cursor\\Aplicação\\frontend\\src\\pages\\ProjectDetail.jsx","statementMap":{"0":{"start":{"line":8,"column":17},"end":{"line":8,"column":28}},"1":{"start":{"line":9,"column":32},"end":{"line":9,"column":46}},"2":{"start":{"line":10,"column":24},"end":{"line":10,"column":45}},"3":{"start":{"line":12,"column":2},"end":{"line":14,"column":10}},"4":{"start":{"line":13,"column":4},"end":{"line":13,"column":85}},"5":{"start":{"line":13,"column":43},"end":{"line":13,"column":63}},"6":{"start":{"line":16,"column":2},"end":{"line":16,"column":47}},"7":{"start":{"line":16,"column":16},"end":{"line":16,"column":47}},"8":{"start":{"line":18,"column":2},"end":{"line":34,"column":3}},"9":{"start":{"line":24,"column":31},"end":{"line":24,"column":50}},"10":{"start":{"line":25,"column":31},"end":{"line":25,"column":48}}},"fnMap":{"0":{"name":"ProjectDetail","decl":{"start":{"line":7,"column":24},"end":{"line":7,"column":37}},"loc":{"start":{"line":7,"column":40},"end":{"line":35,"column":1}},"line":7},"1":{"name":"(anonymous_1)","decl":{"start":{"line":12,"column":12},"end":{"line":12,"column":13}},"loc":{"start":{"line":12,"column":18},"end":{"line":14,"column":3}},"line":12},"2":{"name":"(anonymous_2)","decl":{"start":{"line":13,"column":36},"end":{"line":13,"column":37}},"loc":{"start":{"line":13,"column":43},"end":{"line":13,"column":63}},"line":13},"3":{"name":"(anonymous_3)","decl":{"start":{"line":24,"column":25},"end":{"line":24,"column":26}},"loc":{"start":{"line":24,"column":31},"end":{"line":24,"column":50}},"line":24},"4":{"name":"(anonymous_4)","decl":{"start":{"line":25,"column":25},"end":{"line":25,"column":26}},"loc":{"start":{"line":25,"column":31},"end":{"line":25,"column":48}},"line":25}},"branchMap":{"0":{"loc":{"start":{"line":16,"column":2},"end":{"line":16,"column":47}},"type":"if","locations":[{"start":{"line":16,"column":2},"end":{"line":16,"column":47}},{"start":{},"end":{}}],"line":16},"1":{"loc":{"start":{"line":28,"column":7},"end":{"line":32,"column":7}},"type":"cond-expr","locations":[{"start":{"line":29,"column":8},"end":{"line":29,"column":36}},{"start":{"line":31,"column":8},"end":{"line":31,"column":38}}],"line":28}},"s":{"0":4,"1":3,"2":3,"3":3,"4":1,"5":1,"6":3,"7":1,"8":2,"9":0,"10":1},"f":{"0":4,"1":1,"2":1,"3":0,"4":1},"b":{"0":[1,2],"1":[1,1]},"_coverageSchema":"1a1c01bbd47fc00a2c39e90264f33305004495a9","hash":"a2a508ba603132640a6d0502ba52726773e13993"}
,"C:\\Users\\mvber\\Desktop\\Cursor\\Aplicação\\frontend\\src\\pages\\ProjectsList.jsx": {"path":"C:\\Users\\mvber\\Desktop\\Cursor\\Aplicação\\frontend\\src\\pages\\ProjectsList.jsx","statementMap":{"0":{"start":{"line":6,"column":34},"end":{"line":6,"column":46}},"1":{"start":{"line":8,"column":2},"end":{"line":10,"column":8}},"2":{"start":{"line":9,"column":4},"end":{"line":9,"column":80}},"3":{"start":{"line":9,"column":37},"end":{"line":9,"column":58}},"4":{"start":{"line":12,"column":2},"end":{"line":23,"column":3}},"5":{"start":{"line":17,"column":10},"end":{"line":19,"column":15}}},"fnMap":{"0":{"name":"ProjectsList","decl":{"start":{"line":5,"column":24},"end":{"line":5,"column":36}},"loc":{"start":{"line":5,"column":39},"end":{"line":24,"column":1}},"line":5},"1":{"name":"(anonymous_1)","decl":{"start":{"line":8,"column":12},"end":{"line":8,"column":13}},"loc":{"start":{"line":8,"column":18},"end":{"line":10,"column":3}},"line":8},"2":{"name":"(anonymous_2)","decl":{"start":{"line":9,"column":30},"end":{"line":9,"column":31}},"loc":{"start":{"line":9,"column":37},"end":{"line":9,"column":58}},"line":9},"3":{"name":"(anonymous_3)","decl":{"start":{"line":16,"column":22},"end":{"line":16,"column":23}},"loc":{"start":{"line":17,"column":10},"end":{"line":19,"column":15}},"line":17}},"branchMap":{},"s":{"0":2,"1":2,"2":1,"3":1,"4":2,"5":2},"f":{"0":2,"1":1,"2":1,"3":2},"b":{},"_coverageSchema":"1a1c01bbd47fc00a2c39e90264f33305004495a9","hash":"bc1573bba9f4ad8457d7fb8c7f23600943027f3c"}
,"C:\\Users\\mvber\\Desktop\\Cursor\\Aplicação\\frontend\\src\\types\\portfolio.ts": {"path":"C:\\Users\\mvber\\Desktop\\Cursor\\Aplicação\\frontend\\src\\types\\portfolio.ts","statementMap":{},"fnMap":{},"branchMap":{},"s":{},"f":{},"b":{}}
}
