TN:
SF:src\App.jsx
FN:7,App
FNF:1
FNH:0
FNDA:0,App
DA:8,0
LF:1
LH:0
BRF:0
BRH:0
end_of_record
TN:
SF:src\api\client.js
FNF:0
FNH:0
DA:3,0
LF:1
LH:0
BRDA:4,0,0,0
BRDA:4,0,1,0
BRF:2
BRH:0
end_of_record
TN:
SF:src\components\ActionItems.jsx
FN:4,ActionItems
FN:8,(anonymous_1)
FN:10,(anonymous_2)
FN:13,(anonymous_3)
FN:17,(anonymous_4)
FN:29,(anonymous_5)
FN:38,(anonymous_6)
FNF:7
FNH:7
FNDA:7,ActionItems
FNDA:5,(anonymous_1)
FNDA:5,(anonymous_2)
FNDA:4,(anonymous_3)
FNDA:1,(anonymous_4)
FNDA:1,(anonymous_5)
FNDA:6,(anonymous_6)
DA:5,7
DA:6,7
DA:8,7
DA:9,5
DA:10,5
DA:13,7
DA:14,4
DA:17,7
DA:18,1
DA:19,1
DA:20,1
DA:21,1
DA:22,1
DA:25,7
DA:29,1
DA:39,6
LF:16
LH:16
BRDA:9,0,0,1
BRDA:9,0,1,4
BRDA:19,1,0,0
BRDA:19,1,1,1
BRF:4
BRH:3
end_of_record
TN:
SF:src\components\Checklist.jsx
FN:4,Checklist
FN:9,(anonymous_1)
FN:10,(anonymous_2)
FN:13,(anonymous_3)
FN:17,(anonymous_4)
FN:24,(anonymous_5)
FN:35,(anonymous_6)
FN:40,(anonymous_7)
FN:44,(anonymous_8)
FNF:9
FNH:9
FNDA:7,Checklist
FNDA:5,(anonymous_1)
FNDA:5,(anonymous_2)
FNDA:3,(anonymous_3)
FNDA:1,(anonymous_4)
FNDA:1,(anonymous_5)
FNDA:1,(anonymous_6)
FNDA:5,(anonymous_7)
FNDA:1,(anonymous_8)
DA:5,7
DA:6,7
DA:7,7
DA:9,7
DA:10,5
DA:13,7
DA:14,3
DA:17,7
DA:18,1
DA:19,1
DA:20,1
DA:21,1
DA:24,7
DA:25,1
DA:26,1
DA:27,1
DA:28,1
DA:29,1
DA:32,7
DA:35,1
DA:41,5
DA:44,1
LF:22
LH:22
BRDA:18,0,0,0
BRDA:18,0,1,1
BRDA:26,1,0,0
BRDA:26,1,1,1
BRDA:27,2,0,1
BRDA:27,2,1,0
BRF:6
BRH:3
end_of_record
TN:
SF:src\components\dashboard\PortfolioOverview.tsx
FN:30,(anonymous_0)
FN:36,(anonymous_1)
FN:40,(anonymous_2)
FN:137,(anonymous_3)
FN:152,(anonymous_4)
FN:153,(anonymous_5)
FN:154,(anonymous_6)
FN:155,(anonymous_7)
FN:210,(anonymous_8)
FN:252,(anonymous_9)
FN:263,(anonymous_10)
FNF:11
FNH:0
FNDA:0,(anonymous_0)
FNDA:0,(anonymous_1)
FNDA:0,(anonymous_2)
FNDA:0,(anonymous_3)
FNDA:0,(anonymous_4)
FNDA:0,(anonymous_5)
FNDA:0,(anonymous_6)
FNDA:0,(anonymous_7)
FNDA:0,(anonymous_8)
FNDA:0,(anonymous_9)
FNDA:0,(anonymous_10)
DA:30,0
DA:31,0
DA:32,0
DA:33,0
DA:34,0
DA:36,0
DA:37,0
DA:40,0
DA:41,0
DA:42,0
DA:43,0
DA:46,0
DA:51,0
DA:52,0
DA:54,0
DA:55,0
DA:57,0
DA:61,0
DA:62,0
DA:69,0
DA:70,0
DA:95,0
DA:138,0
DA:153,0
DA:154,0
DA:155,0
DA:157,0
DA:211,0
DA:252,0
DA:253,0
DA:254,0
DA:255,0
DA:256,0
DA:257,0
DA:258,0
DA:259,0
DA:263,0
DA:264,0
DA:265,0
DA:266,0
DA:267,0
DA:268,0
DA:269,0
DA:270,0
LF:44
LH:0
BRDA:61,0,0,0
BRDA:61,0,1,0
BRDA:69,1,0,0
BRDA:69,1,1,0
BRDA:137,2,0,0
BRDA:137,2,1,0
BRDA:152,3,0,0
BRDA:152,3,1,0
BRDA:225,4,0,0
BRDA:225,4,1,0
BRDA:231,5,0,0
BRDA:231,5,1,0
BRDA:237,6,0,0
BRDA:237,6,1,0
BRDA:240,7,0,0
BRDA:240,7,1,0
BRDA:253,8,0,0
BRDA:253,8,1,0
BRDA:253,8,2,0
BRDA:253,8,3,0
BRDA:253,8,4,0
BRDA:253,8,5,0
BRDA:264,9,0,0
BRDA:264,9,1,0
BRDA:264,9,2,0
BRDA:264,9,3,0
BRDA:264,9,4,0
BRDA:264,9,5,0
BRF:28
BRH:0
end_of_record
TN:
SF:src\pages\ProjectDetail.jsx
FN:7,ProjectDetail
FN:12,(anonymous_1)
FN:13,(anonymous_2)
FN:24,(anonymous_3)
FN:25,(anonymous_4)
FNF:5
FNH:4
FNDA:4,ProjectDetail
FNDA:1,(anonymous_1)
FNDA:1,(anonymous_2)
FNDA:0,(anonymous_3)
FNDA:1,(anonymous_4)
DA:8,4
DA:9,3
DA:10,3
DA:12,3
DA:13,1
DA:16,3
DA:18,2
DA:24,0
DA:25,1
LF:9
LH:8
BRDA:16,0,0,1
BRDA:16,0,1,2
BRDA:28,1,0,1
BRDA:28,1,1,1
BRF:4
BRH:4
end_of_record
TN:
SF:src\pages\ProjectsList.jsx
FN:5,ProjectsList
FN:8,(anonymous_1)
FN:9,(anonymous_2)
FN:16,(anonymous_3)
FNF:4
FNH:4
FNDA:2,ProjectsList
FNDA:1,(anonymous_1)
FNDA:1,(anonymous_2)
FNDA:2,(anonymous_3)
DA:6,2
DA:8,2
DA:9,1
DA:12,2
DA:17,2
LF:5
LH:5
BRF:0
BRH:0
end_of_record
TN:
SF:src\types\portfolio.ts
FNF:0
FNH:0
LF:0
LH:0
BRF:0
BRH:0
end_of_record
