{"C:\\Users\\mvber\\Desktop\\Cursor\\Aplicação\\frontend\\src\\App.jsx": {"path":"C:\\Users\\mvber\\Desktop\\Cursor\\Aplicação\\frontend\\src\\App.jsx","statementMap":{"0":{"start":{"line":18,"column":44},"end":{"line":18,"column":53}},"1":{"start":{"line":19,"column":19},"end":{"line":19,"column":32}},"2":{"start":{"line":20,"column":2},"end":{"line":92,"column":3}},"3":{"start":{"line":70,"column":43},"end":{"line":70,"column":52}},"4":{"start":{"line":70,"column":53},"end":{"line":70,"column":90}}},"fnMap":{"0":{"name":"App","decl":{"start":{"line":17,"column":24},"end":{"line":17,"column":27}},"loc":{"start":{"line":17,"column":30},"end":{"line":93,"column":1}},"line":17},"1":{"name":"(anonymous_1)","decl":{"start":{"line":70,"column":35},"end":{"line":70,"column":36}},"loc":{"start":{"line":70,"column":41},"end":{"line":70,"column":92}},"line":70}},"branchMap":{"0":{"loc":{"start":{"line":29,"column":15},"end":{"line":72,"column":15}},"type":"binary-expr","locations":[{"start":{"line":29,"column":15},"end":{"line":29,"column":30}},{"start":{"line":30,"column":16},"end":{"line":71,"column":19}}],"line":29}},"s":{"0":0,"1":0,"2":0,"3":0,"4":0},"f":{"0":0,"1":0},"b":{"0":[0,0]}}
,"C:\\Users\\mvber\\Desktop\\Cursor\\Aplicação\\frontend\\src\\api\\actionItems.ts": {"path":"C:\\Users\\mvber\\Desktop\\Cursor\\Aplicação\\frontend\\src\\api\\actionItems.ts","statementMap":{"0":{"start":{"line":12,"column":30},"end":{"line":166,"column":1}},"1":{"start":{"line":15,"column":19},"end":{"line":15,"column":40}},"2":{"start":{"line":17,"column":4},"end":{"line":17,"column":59}},"3":{"start":{"line":17,"column":23},"end":{"line":17,"column":59}},"4":{"start":{"line":18,"column":4},"end":{"line":18,"column":65}},"5":{"start":{"line":18,"column":25},"end":{"line":18,"column":65}},"6":{"start":{"line":19,"column":4},"end":{"line":19,"column":71}},"7":{"start":{"line":19,"column":27},"end":{"line":19,"column":71}},"8":{"start":{"line":20,"column":4},"end":{"line":20,"column":88}},"9":{"start":{"line":20,"column":29},"end":{"line":20,"column":88}},"10":{"start":{"line":22,"column":21},"end":{"line":22,"column":72}},"11":{"start":{"line":23,"column":4},"end":{"line":23,"column":25}},"12":{"start":{"line":28,"column":21},"end":{"line":28,"column":57}},"13":{"start":{"line":29,"column":4},"end":{"line":29,"column":25}},"14":{"start":{"line":34,"column":21},"end":{"line":34,"column":58}},"15":{"start":{"line":35,"column":4},"end":{"line":35,"column":25}},"16":{"start":{"line":40,"column":21},"end":{"line":40,"column":63}},"17":{"start":{"line":41,"column":4},"end":{"line":41,"column":25}},"18":{"start":{"line":46,"column":4},"end":{"line":46,"column":44}},"19":{"start":{"line":51,"column":19},"end":{"line":51,"column":40}},"20":{"start":{"line":53,"column":4},"end":{"line":53,"column":59}},"21":{"start":{"line":53,"column":23},"end":{"line":53,"column":59}},"22":{"start":{"line":54,"column":4},"end":{"line":54,"column":65}},"23":{"start":{"line":54,"column":25},"end":{"line":54,"column":65}},"24":{"start":{"line":55,"column":4},"end":{"line":55,"column":71}},"25":{"start":{"line":55,"column":27},"end":{"line":55,"column":71}},"26":{"start":{"line":57,"column":21},"end":{"line":57,"column":94}},"27":{"start":{"line":58,"column":4},"end":{"line":58,"column":25}},"28":{"start":{"line":63,"column":16},"end":{"line":65,"column":29}},"29":{"start":{"line":67,"column":21},"end":{"line":67,"column":39}},"30":{"start":{"line":68,"column":4},"end":{"line":68,"column":25}},"31":{"start":{"line":73,"column":21},"end":{"line":73,"column":67}},"32":{"start":{"line":74,"column":4},"end":{"line":74,"column":25}},"33":{"start":{"line":79,"column":16},"end":{"line":81,"column":61}},"34":{"start":{"line":83,"column":21},"end":{"line":83,"column":39}},"35":{"start":{"line":84,"column":4},"end":{"line":84,"column":25}},"36":{"start":{"line":89,"column":16},"end":{"line":91,"column":40}},"37":{"start":{"line":93,"column":21},"end":{"line":93,"column":39}},"38":{"start":{"line":94,"column":4},"end":{"line":94,"column":25}},"39":{"start":{"line":99,"column":16},"end":{"line":101,"column":36}},"40":{"start":{"line":103,"column":21},"end":{"line":103,"column":39}},"41":{"start":{"line":104,"column":4},"end":{"line":104,"column":25}},"42":{"start":{"line":109,"column":16},"end":{"line":111,"column":44}},"43":{"start":{"line":113,"column":21},"end":{"line":113,"column":39}},"44":{"start":{"line":114,"column":4},"end":{"line":114,"column":25}},"45":{"start":{"line":119,"column":4},"end":{"line":119,"column":50}},"46":{"start":{"line":124,"column":4},"end":{"line":124,"column":54}},"47":{"start":{"line":129,"column":4},"end":{"line":129,"column":52}},"48":{"start":{"line":134,"column":16},"end":{"line":136,"column":31}},"49":{"start":{"line":138,"column":21},"end":{"line":138,"column":39}},"50":{"start":{"line":139,"column":4},"end":{"line":139,"column":25}},"51":{"start":{"line":144,"column":4},"end":{"line":144,"column":52}},"52":{"start":{"line":149,"column":4},"end":{"line":149,"column":54}},"53":{"start":{"line":154,"column":4},"end":{"line":154,"column":50}},"54":{"start":{"line":159,"column":4},"end":{"line":159,"column":52}},"55":{"start":{"line":164,"column":4},"end":{"line":164,"column":50}},"56":{"start":{"line":169,"column":30},"end":{"line":267,"column":1}},"57":{"start":{"line":170,"column":40},"end":{"line":170,"column":66}},"58":{"start":{"line":171,"column":32},"end":{"line":171,"column":47}},"59":{"start":{"line":172,"column":28},"end":{"line":172,"column":57}},"60":{"start":{"line":174,"column":27},"end":{"line":187,"column":3}},"61":{"start":{"line":175,"column":4},"end":{"line":186,"column":5}},"62":{"start":{"line":176,"column":6},"end":{"line":176,"column":23}},"63":{"start":{"line":177,"column":6},"end":{"line":177,"column":21}},"64":{"start":{"line":178,"column":19},"end":{"line":180,"column":76}},"65":{"start":{"line":181,"column":6},"end":{"line":181,"column":27}},"66":{"start":{"line":183,"column":6},"end":{"line":183,"column":85}},"67":{"start":{"line":185,"column":6},"end":{"line":185,"column":24}},"68":{"start":{"line":189,"column":27},"end":{"line":202,"column":3}},"69":{"start":{"line":190,"column":4},"end":{"line":201,"column":5}},"70":{"start":{"line":191,"column":6},"end":{"line":191,"column":23}},"71":{"start":{"line":192,"column":6},"end":{"line":192,"column":21}},"72":{"start":{"line":193,"column":28},"end":{"line":193,"column":61}},"73":{"start":{"line":194,"column":6},"end":{"line":194,"column":55}},"74":{"start":{"line":194,"column":29},"end":{"line":194,"column":53}},"75":{"start":{"line":195,"column":6},"end":{"line":195,"column":27}},"76":{"start":{"line":197,"column":6},"end":{"line":197,"column":81}},"77":{"start":{"line":198,"column":6},"end":{"line":198,"column":16}},"78":{"start":{"line":200,"column":6},"end":{"line":200,"column":24}},"79":{"start":{"line":204,"column":27},"end":{"line":217,"column":3}},"80":{"start":{"line":205,"column":4},"end":{"line":216,"column":5}},"81":{"start":{"line":206,"column":6},"end":{"line":206,"column":23}},"82":{"start":{"line":207,"column":6},"end":{"line":207,"column":21}},"83":{"start":{"line":208,"column":32},"end":{"line":208,"column":69}},"84":{"start":{"line":209,"column":6},"end":{"line":209,"column":90}},"85":{"start":{"line":209,"column":29},"end":{"line":209,"column":88}},"86":{"start":{"line":209,"column":46},"end":{"line":209,"column":87}},"87":{"start":{"line":210,"column":6},"end":{"line":210,"column":31}},"88":{"start":{"line":212,"column":6},"end":{"line":212,"column":85}},"89":{"start":{"line":213,"column":6},"end":{"line":213,"column":16}},"90":{"start":{"line":215,"column":6},"end":{"line":215,"column":24}},"91":{"start":{"line":219,"column":27},"end":{"line":231,"column":3}},"92":{"start":{"line":220,"column":4},"end":{"line":230,"column":5}},"93":{"start":{"line":221,"column":6},"end":{"line":221,"column":23}},"94":{"start":{"line":222,"column":6},"end":{"line":222,"column":21}},"95":{"start":{"line":223,"column":6},"end":{"line":223,"column":38}},"96":{"start":{"line":224,"column":6},"end":{"line":224,"column":66}},"97":{"start":{"line":224,"column":29},"end":{"line":224,"column":64}},"98":{"start":{"line":224,"column":49},"end":{"line":224,"column":63}},"99":{"start":{"line":226,"column":6},"end":{"line":226,"column":83}},"100":{"start":{"line":227,"column":6},"end":{"line":227,"column":16}},"101":{"start":{"line":229,"column":6},"end":{"line":229,"column":24}},"102":{"start":{"line":233,"column":26},"end":{"line":235,"column":3}},"103":{"start":{"line":234,"column":4},"end":{"line":234,"column":57}},"104":{"start":{"line":237,"column":27},"end":{"line":239,"column":3}},"105":{"start":{"line":238,"column":4},"end":{"line":238,"column":59}},"106":{"start":{"line":241,"column":24},"end":{"line":243,"column":3}},"107":{"start":{"line":242,"column":4},"end":{"line":242,"column":55}},"108":{"start":{"line":245,"column":17},"end":{"line":247,"column":3}},"109":{"start":{"line":246,"column":4},"end":{"line":246,"column":57}},"110":{"start":{"line":249,"column":20},"end":{"line":251,"column":3}},"111":{"start":{"line":250,"column":4},"end":{"line":250,"column":55}},"112":{"start":{"line":253,"column":2},"end":{"line":266,"column":4}}},"fnMap":{"0":{"name":"(anonymous_0)","decl":{"start":{"line":14,"column":2},"end":{"line":14,"column":3}},"loc":{"start":{"line":14,"column":67},"end":{"line":24,"column":3}},"line":14},"1":{"name":"(anonymous_1)","decl":{"start":{"line":27,"column":2},"end":{"line":27,"column":3}},"loc":{"start":{"line":27,"column":49},"end":{"line":30,"column":3}},"line":27},"2":{"name":"(anonymous_2)","decl":{"start":{"line":33,"column":2},"end":{"line":33,"column":3}},"loc":{"start":{"line":33,"column":67},"end":{"line":36,"column":3}},"line":33},"3":{"name":"(anonymous_3)","decl":{"start":{"line":39,"column":2},"end":{"line":39,"column":3}},"loc":{"start":{"line":39,"column":79},"end":{"line":42,"column":3}},"line":39},"4":{"name":"(anonymous_4)","decl":{"start":{"line":45,"column":2},"end":{"line":45,"column":3}},"loc":{"start":{"line":45,"column":42},"end":{"line":47,"column":3}},"line":45},"5":{"name":"(anonymous_5)","decl":{"start":{"line":50,"column":2},"end":{"line":50,"column":3}},"loc":{"start":{"line":50,"column":112},"end":{"line":59,"column":3}},"line":50},"6":{"name":"(anonymous_6)","decl":{"start":{"line":62,"column":2},"end":{"line":62,"column":3}},"loc":{"start":{"line":62,"column":63},"end":{"line":69,"column":3}},"line":62},"7":{"name":"(anonymous_7)","decl":{"start":{"line":72,"column":2},"end":{"line":72,"column":3}},"loc":{"start":{"line":72,"column":65},"end":{"line":75,"column":3}},"line":72},"8":{"name":"(anonymous_8)","decl":{"start":{"line":78,"column":2},"end":{"line":78,"column":3}},"loc":{"start":{"line":78,"column":73},"end":{"line":85,"column":3}},"line":78},"9":{"name":"(anonymous_9)","decl":{"start":{"line":88,"column":2},"end":{"line":88,"column":3}},"loc":{"start":{"line":88,"column":79},"end":{"line":95,"column":3}},"line":88},"10":{"name":"(anonymous_10)","decl":{"start":{"line":98,"column":2},"end":{"line":98,"column":3}},"loc":{"start":{"line":98,"column":75},"end":{"line":105,"column":3}},"line":98},"11":{"name":"(anonymous_11)","decl":{"start":{"line":108,"column":2},"end":{"line":108,"column":3}},"loc":{"start":{"line":108,"column":83},"end":{"line":115,"column":3}},"line":108},"12":{"name":"(anonymous_12)","decl":{"start":{"line":118,"column":2},"end":{"line":118,"column":3}},"loc":{"start":{"line":118,"column":62},"end":{"line":120,"column":3}},"line":118},"13":{"name":"(anonymous_13)","decl":{"start":{"line":123,"column":2},"end":{"line":123,"column":3}},"loc":{"start":{"line":123,"column":65},"end":{"line":125,"column":3}},"line":123},"14":{"name":"(anonymous_14)","decl":{"start":{"line":128,"column":2},"end":{"line":128,"column":3}},"loc":{"start":{"line":128,"column":64},"end":{"line":130,"column":3}},"line":128},"15":{"name":"(anonymous_15)","decl":{"start":{"line":133,"column":2},"end":{"line":133,"column":3}},"loc":{"start":{"line":133,"column":62},"end":{"line":140,"column":3}},"line":133},"16":{"name":"(anonymous_16)","decl":{"start":{"line":143,"column":2},"end":{"line":143,"column":3}},"loc":{"start":{"line":143,"column":57},"end":{"line":145,"column":3}},"line":143},"17":{"name":"(anonymous_17)","decl":{"start":{"line":148,"column":2},"end":{"line":148,"column":3}},"loc":{"start":{"line":148,"column":58},"end":{"line":150,"column":3}},"line":148},"18":{"name":"(anonymous_18)","decl":{"start":{"line":153,"column":2},"end":{"line":153,"column":3}},"loc":{"start":{"line":153,"column":55},"end":{"line":155,"column":3}},"line":153},"19":{"name":"(anonymous_19)","decl":{"start":{"line":158,"column":2},"end":{"line":158,"column":3}},"loc":{"start":{"line":158,"column":48},"end":{"line":160,"column":3}},"line":158},"20":{"name":"(anonymous_20)","decl":{"start":{"line":163,"column":2},"end":{"line":163,"column":3}},"loc":{"start":{"line":163,"column":51},"end":{"line":165,"column":3}},"line":163},"21":{"name":"(anonymous_21)","decl":{"start":{"line":169,"column":30},"end":{"line":169,"column":31}},"loc":{"start":{"line":169,"column":54},"end":{"line":267,"column":1}},"line":169},"22":{"name":"(anonymous_22)","decl":{"start":{"line":174,"column":27},"end":{"line":174,"column":28}},"loc":{"start":{"line":174,"column":66},"end":{"line":187,"column":3}},"line":174},"23":{"name":"(anonymous_23)","decl":{"start":{"line":189,"column":27},"end":{"line":189,"column":28}},"loc":{"start":{"line":189,"column":68},"end":{"line":202,"column":3}},"line":189},"24":{"name":"(anonymous_24)","decl":{"start":{"line":194,"column":21},"end":{"line":194,"column":22}},"loc":{"start":{"line":194,"column":29},"end":{"line":194,"column":53}},"line":194},"25":{"name":"(anonymous_25)","decl":{"start":{"line":204,"column":27},"end":{"line":204,"column":28}},"loc":{"start":{"line":204,"column":80},"end":{"line":217,"column":3}},"line":204},"26":{"name":"(anonymous_26)","decl":{"start":{"line":209,"column":21},"end":{"line":209,"column":22}},"loc":{"start":{"line":209,"column":29},"end":{"line":209,"column":88}},"line":209},"27":{"name":"(anonymous_27)","decl":{"start":{"line":209,"column":38},"end":{"line":209,"column":39}},"loc":{"start":{"line":209,"column":46},"end":{"line":209,"column":87}},"line":209},"28":{"name":"(anonymous_28)","decl":{"start":{"line":219,"column":27},"end":{"line":219,"column":28}},"loc":{"start":{"line":219,"column":49},"end":{"line":231,"column":3}},"line":219},"29":{"name":"(anonymous_29)","decl":{"start":{"line":224,"column":21},"end":{"line":224,"column":22}},"loc":{"start":{"line":224,"column":29},"end":{"line":224,"column":64}},"line":224},"30":{"name":"(anonymous_30)","decl":{"start":{"line":224,"column":41},"end":{"line":224,"column":42}},"loc":{"start":{"line":224,"column":49},"end":{"line":224,"column":63}},"line":224},"31":{"name":"(anonymous_31)","decl":{"start":{"line":233,"column":26},"end":{"line":233,"column":27}},"loc":{"start":{"line":233,"column":48},"end":{"line":235,"column":3}},"line":233},"32":{"name":"(anonymous_32)","decl":{"start":{"line":237,"column":27},"end":{"line":237,"column":28}},"loc":{"start":{"line":237,"column":49},"end":{"line":239,"column":3}},"line":237},"33":{"name":"(anonymous_33)","decl":{"start":{"line":241,"column":24},"end":{"line":241,"column":25}},"loc":{"start":{"line":241,"column":46},"end":{"line":243,"column":3}},"line":241},"34":{"name":"(anonymous_34)","decl":{"start":{"line":245,"column":17},"end":{"line":245,"column":18}},"loc":{"start":{"line":245,"column":39},"end":{"line":247,"column":3}},"line":245},"35":{"name":"(anonymous_35)","decl":{"start":{"line":249,"column":20},"end":{"line":249,"column":21}},"loc":{"start":{"line":249,"column":42},"end":{"line":251,"column":3}},"line":249}},"branchMap":{"0":{"loc":{"start":{"line":17,"column":4},"end":{"line":17,"column":59}},"type":"if","locations":[{"start":{"line":17,"column":4},"end":{"line":17,"column":59}},{"start":{},"end":{}}],"line":17},"1":{"loc":{"start":{"line":18,"column":4},"end":{"line":18,"column":65}},"type":"if","locations":[{"start":{"line":18,"column":4},"end":{"line":18,"column":65}},{"start":{},"end":{}}],"line":18},"2":{"loc":{"start":{"line":19,"column":4},"end":{"line":19,"column":71}},"type":"if","locations":[{"start":{"line":19,"column":4},"end":{"line":19,"column":71}},{"start":{},"end":{}}],"line":19},"3":{"loc":{"start":{"line":20,"column":4},"end":{"line":20,"column":88}},"type":"if","locations":[{"start":{"line":20,"column":4},"end":{"line":20,"column":88}},{"start":{},"end":{}}],"line":20},"4":{"loc":{"start":{"line":53,"column":4},"end":{"line":53,"column":59}},"type":"if","locations":[{"start":{"line":53,"column":4},"end":{"line":53,"column":59}},{"start":{},"end":{}}],"line":53},"5":{"loc":{"start":{"line":54,"column":4},"end":{"line":54,"column":65}},"type":"if","locations":[{"start":{"line":54,"column":4},"end":{"line":54,"column":65}},{"start":{},"end":{}}],"line":54},"6":{"loc":{"start":{"line":55,"column":4},"end":{"line":55,"column":71}},"type":"if","locations":[{"start":{"line":55,"column":4},"end":{"line":55,"column":71}},{"start":{},"end":{}}],"line":55},"7":{"loc":{"start":{"line":63,"column":16},"end":{"line":65,"column":29}},"type":"cond-expr","locations":[{"start":{"line":64,"column":8},"end":{"line":64,"column":51}},{"start":{"line":65,"column":8},"end":{"line":65,"column":29}}],"line":63},"8":{"loc":{"start":{"line":79,"column":16},"end":{"line":81,"column":61}},"type":"cond-expr","locations":[{"start":{"line":80,"column":8},"end":{"line":80,"column":83}},{"start":{"line":81,"column":8},"end":{"line":81,"column":61}}],"line":79},"9":{"loc":{"start":{"line":89,"column":16},"end":{"line":91,"column":40}},"type":"cond-expr","locations":[{"start":{"line":90,"column":8},"end":{"line":90,"column":62}},{"start":{"line":91,"column":8},"end":{"line":91,"column":40}}],"line":89},"10":{"loc":{"start":{"line":99,"column":16},"end":{"line":101,"column":36}},"type":"cond-expr","locations":[{"start":{"line":100,"column":8},"end":{"line":100,"column":58}},{"start":{"line":101,"column":8},"end":{"line":101,"column":36}}],"line":99},"11":{"loc":{"start":{"line":109,"column":16},"end":{"line":111,"column":44}},"type":"cond-expr","locations":[{"start":{"line":110,"column":8},"end":{"line":110,"column":66}},{"start":{"line":111,"column":8},"end":{"line":111,"column":44}}],"line":109},"12":{"loc":{"start":{"line":134,"column":16},"end":{"line":136,"column":31}},"type":"cond-expr","locations":[{"start":{"line":135,"column":8},"end":{"line":135,"column":53}},{"start":{"line":136,"column":8},"end":{"line":136,"column":31}}],"line":134},"13":{"loc":{"start":{"line":178,"column":19},"end":{"line":180,"column":76}},"type":"cond-expr","locations":[{"start":{"line":179,"column":10},"end":{"line":179,"column":63}},{"start":{"line":180,"column":10},"end":{"line":180,"column":76}}],"line":178},"14":{"loc":{"start":{"line":183,"column":15},"end":{"line":183,"column":83}},"type":"cond-expr","locations":[{"start":{"line":183,"column":38},"end":{"line":183,"column":49}},{"start":{"line":183,"column":52},"end":{"line":183,"column":83}}],"line":183},"15":{"loc":{"start":{"line":197,"column":15},"end":{"line":197,"column":79}},"type":"cond-expr","locations":[{"start":{"line":197,"column":38},"end":{"line":197,"column":49}},{"start":{"line":197,"column":52},"end":{"line":197,"column":79}}],"line":197},"16":{"loc":{"start":{"line":209,"column":46},"end":{"line":209,"column":87}},"type":"cond-expr","locations":[{"start":{"line":209,"column":63},"end":{"line":209,"column":80}},{"start":{"line":209,"column":83},"end":{"line":209,"column":87}}],"line":209},"17":{"loc":{"start":{"line":212,"column":15},"end":{"line":212,"column":83}},"type":"cond-expr","locations":[{"start":{"line":212,"column":38},"end":{"line":212,"column":49}},{"start":{"line":212,"column":52},"end":{"line":212,"column":83}}],"line":212},"18":{"loc":{"start":{"line":226,"column":15},"end":{"line":226,"column":81}},"type":"cond-expr","locations":[{"start":{"line":226,"column":38},"end":{"line":226,"column":49}},{"start":{"line":226,"column":52},"end":{"line":226,"column":81}}],"line":226}},"s":{"0":2,"1":4,"2":4,"3":1,"4":4,"5":1,"6":4,"7":1,"8":4,"9":1,"10":4,"11":3,"12":1,"13":1,"14":2,"15":2,"16":4,"17":4,"18":2,"19":2,"20":2,"21":0,"22":2,"23":1,"24":2,"25":1,"26":2,"27":2,"28":1,"29":1,"30":1,"31":0,"32":0,"33":1,"34":1,"35":1,"36":3,"37":3,"38":3,"39":1,"40":1,"41":1,"42":1,"43":1,"44":1,"45":1,"46":1,"47":0,"48":1,"49":1,"50":1,"51":1,"52":1,"53":0,"54":0,"55":0,"56":2,"57":11,"58":11,"59":11,"60":11,"61":2,"62":2,"63":2,"64":2,"65":1,"66":1,"67":2,"68":11,"69":1,"70":1,"71":1,"72":1,"73":1,"74":1,"75":1,"76":0,"77":0,"78":1,"79":11,"80":1,"81":1,"82":1,"83":1,"84":1,"85":1,"86":1,"87":1,"88":0,"89":0,"90":1,"91":11,"92":1,"93":1,"94":1,"95":1,"96":1,"97":1,"98":1,"99":0,"100":0,"101":1,"102":11,"103":0,"104":11,"105":0,"106":11,"107":0,"108":11,"109":0,"110":11,"111":0,"112":11},"f":{"0":4,"1":1,"2":2,"3":4,"4":2,"5":2,"6":1,"7":0,"8":1,"9":3,"10":1,"11":1,"12":1,"13":1,"14":0,"15":1,"16":1,"17":1,"18":0,"19":0,"20":0,"21":11,"22":2,"23":1,"24":1,"25":1,"26":1,"27":1,"28":1,"29":1,"30":1,"31":0,"32":0,"33":0,"34":0,"35":0},"b":{"0":[1,3],"1":[1,3],"2":[1,3],"3":[1,3],"4":[0,2],"5":[1,1],"6":[1,1],"7":[0,1],"8":[0,1],"9":[0,3],"10":[0,1],"11":[0,1],"12":[0,1],"13":[0,2],"14":[1,0],"15":[0,0],"16":[1,0],"17":[0,0],"18":[0,0]},"_coverageSchema":"1a1c01bbd47fc00a2c39e90264f33305004495a9","hash":"c86800b0584f9efb86e318e9357808d851bf52cd"}
,"C:\\Users\\mvber\\Desktop\\Cursor\\Aplicação\\frontend\\src\\api\\auth.ts": {"path":"C:\\Users\\mvber\\Desktop\\Cursor\\Aplicação\\frontend\\src\\api\\auth.ts","statementMap":{"0":{"start":{"line":16,"column":19},"end":{"line":16,"column":69}},"1":{"start":{"line":17,"column":2},"end":{"line":17,"column":39}}},"fnMap":{"0":{"name":"login","decl":{"start":{"line":15,"column":22},"end":{"line":15,"column":27}},"loc":{"start":{"line":15,"column":85},"end":{"line":18,"column":1}},"line":15}},"branchMap":{},"s":{"0":0,"1":0},"f":{"0":0},"b":{},"_coverageSchema":"1a1c01bbd47fc00a2c39e90264f33305004495a9","hash":"eeaf58b954e349f1f35bd4491abe6194932bb193"}
,"C:\\Users\\mvber\\Desktop\\Cursor\\Aplicação\\frontend\\src\\api\\client.js": {"path":"C:\\Users\\mvber\\Desktop\\Cursor\\Aplicação\\frontend\\src\\api\\client.js","statementMap":{"0":{"start":{"line":4,"column":19},"end":{"line":27,"column":1}},"1":{"start":{"line":6,"column":2},"end":{"line":8,"column":3}},"2":{"start":{"line":7,"column":4},"end":{"line":7,"column":41}},"3":{"start":{"line":11,"column":2},"end":{"line":13,"column":3}},"4":{"start":{"line":12,"column":4},"end":{"line":12,"column":35}},"5":{"start":{"line":16,"column":2},"end":{"line":18,"column":3}},"6":{"start":{"line":17,"column":4},"end":{"line":17,"column":39}},"7":{"start":{"line":21,"column":2},"end":{"line":23,"column":3}},"8":{"start":{"line":22,"column":4},"end":{"line":22,"column":20}},"9":{"start":{"line":26,"column":2},"end":{"line":26,"column":39}},"10":{"start":{"line":29,"column":12},"end":{"line":32,"column":2}},"11":{"start":{"line":35,"column":0},"end":{"line":51,"column":2}},"12":{"start":{"line":37,"column":20},"end":{"line":37,"column":55}},"13":{"start":{"line":39,"column":14},"end":{"line":39,"column":18}},"14":{"start":{"line":40,"column":2},"end":{"line":44,"column":12}},"15":{"start":{"line":41,"column":4},"end":{"line":43,"column":5}},"16":{"start":{"line":42,"column":6},"end":{"line":42,"column":55}},"17":{"start":{"line":45,"column":2},"end":{"line":49,"column":3}},"18":{"start":{"line":50,"column":2},"end":{"line":50,"column":15}},"19":{"start":{"line":54,"column":0},"end":{"line":81,"column":1}},"20":{"start":{"line":55,"column":16},"end":{"line":55,"column":24}},"21":{"start":{"line":57,"column":4},"end":{"line":59,"column":5}},"22":{"start":{"line":58,"column":6},"end":{"line":58,"column":70}},"23":{"start":{"line":60,"column":4},"end":{"line":62,"column":5}},"24":{"start":{"line":61,"column":6},"end":{"line":61,"column":48}},"25":{"start":{"line":64,"column":4},"end":{"line":78,"column":5}},"26":{"start":{"line":65,"column":6},"end":{"line":77,"column":16}},"27":{"start":{"line":66,"column":20},"end":{"line":66,"column":43}},"28":{"start":{"line":67,"column":27},"end":{"line":67,"column":81}},"29":{"start":{"line":68,"column":8},"end":{"line":76,"column":9}},"30":{"start":{"line":69,"column":10},"end":{"line":69,"column":54}},"31":{"start":{"line":70,"column":10},"end":{"line":70,"column":53}},"32":{"start":{"line":72,"column":28},"end":{"line":72,"column":65}},"33":{"start":{"line":73,"column":10},"end":{"line":75,"column":11}},"34":{"start":{"line":74,"column":12},"end":{"line":74,"column":45}},"35":{"start":{"line":79,"column":4},"end":{"line":79,"column":32}}},"fnMap":{"0":{"name":"(anonymous_0)","decl":{"start":{"line":4,"column":19},"end":{"line":4,"column":20}},"loc":{"start":{"line":4,"column":25},"end":{"line":27,"column":1}},"line":4},"1":{"name":"(anonymous_1)","decl":{"start":{"line":35,"column":29},"end":{"line":35,"column":30}},"loc":{"start":{"line":35,"column":41},"end":{"line":51,"column":1}},"line":35},"2":{"name":"(anonymous_2)","decl":{"start":{"line":55,"column":2},"end":{"line":55,"column":3}},"loc":{"start":{"line":55,"column":16},"end":{"line":55,"column":24}},"line":55},"3":{"name":"(anonymous_3)","decl":{"start":{"line":56,"column":2},"end":{"line":56,"column":3}},"loc":{"start":{"line":56,"column":13},"end":{"line":80,"column":3}},"line":56}},"branchMap":{"0":{"loc":{"start":{"line":6,"column":2},"end":{"line":8,"column":3}},"type":"if","locations":[{"start":{"line":6,"column":2},"end":{"line":8,"column":3}},{"start":{},"end":{}}],"line":6},"1":{"loc":{"start":{"line":6,"column":6},"end":{"line":6,"column":86}},"type":"binary-expr","locations":[{"start":{"line":6,"column":6},"end":{"line":6,"column":36}},{"start":{"line":6,"column":40},"end":{"line":6,"column":51}},{"start":{"line":6,"column":55},"end":{"line":6,"column":86}}],"line":6},"2":{"loc":{"start":{"line":11,"column":2},"end":{"line":13,"column":3}},"type":"if","locations":[{"start":{"line":11,"column":2},"end":{"line":13,"column":3}},{"start":{},"end":{}}],"line":11},"3":{"loc":{"start":{"line":11,"column":6},"end":{"line":11,"column":79}},"type":"binary-expr","locations":[{"start":{"line":11,"column":6},"end":{"line":11,"column":36}},{"start":{"line":11,"column":40},"end":{"line":11,"column":51}},{"start":{"line":11,"column":55},"end":{"line":11,"column":79}}],"line":11},"4":{"loc":{"start":{"line":16,"column":2},"end":{"line":18,"column":3}},"type":"if","locations":[{"start":{"line":16,"column":2},"end":{"line":18,"column":3}},{"start":{},"end":{}}],"line":16},"5":{"loc":{"start":{"line":16,"column":6},"end":{"line":16,"column":97}},"type":"binary-expr","locations":[{"start":{"line":16,"column":6},"end":{"line":16,"column":35}},{"start":{"line":16,"column":39},"end":{"line":16,"column":54}},{"start":{"line":16,"column":58},"end":{"line":16,"column":97}}],"line":16},"6":{"loc":{"start":{"line":21,"column":2},"end":{"line":23,"column":3}},"type":"if","locations":[{"start":{"line":21,"column":2},"end":{"line":23,"column":3}},{"start":{},"end":{}}],"line":21},"7":{"loc":{"start":{"line":41,"column":4},"end":{"line":43,"column":5}},"type":"if","locations":[{"start":{"line":41,"column":4},"end":{"line":43,"column":5}},{"start":{},"end":{}}],"line":41},"8":{"loc":{"start":{"line":46,"column":8},"end":{"line":46,"column":28}},"type":"binary-expr","locations":[{"start":{"line":46,"column":8},"end":{"line":46,"column":22}},{"start":{"line":46,"column":26},"end":{"line":46,"column":28}}],"line":46},"9":{"loc":{"start":{"line":48,"column":8},"end":{"line":48,"column":57}},"type":"cond-expr","locations":[{"start":{"line":48,"column":16},"end":{"line":48,"column":52}},{"start":{"line":48,"column":55},"end":{"line":48,"column":57}}],"line":48},"10":{"loc":{"start":{"line":57,"column":4},"end":{"line":59,"column":5}},"type":"if","locations":[{"start":{"line":57,"column":4},"end":{"line":59,"column":5}},{"start":{},"end":{}}],"line":57},"11":{"loc":{"start":{"line":60,"column":4},"end":{"line":62,"column":5}},"type":"if","locations":[{"start":{"line":60,"column":4},"end":{"line":62,"column":5}},{"start":{},"end":{}}],"line":60},"12":{"loc":{"start":{"line":60,"column":8},"end":{"line":60,"column":95}},"type":"binary-expr","locations":[{"start":{"line":60,"column":8},"end":{"line":60,"column":22}},{"start":{"line":60,"column":26},"end":{"line":60,"column":45}},{"start":{"line":60,"column":49},"end":{"line":60,"column":95}}],"line":60},"13":{"loc":{"start":{"line":64,"column":4},"end":{"line":78,"column":5}},"type":"if","locations":[{"start":{"line":64,"column":4},"end":{"line":78,"column":5}},{"start":{},"end":{}}],"line":64},"14":{"loc":{"start":{"line":64,"column":8},"end":{"line":64,"column":55}},"type":"binary-expr","locations":[{"start":{"line":64,"column":8},"end":{"line":64,"column":22}},{"start":{"line":64,"column":26},"end":{"line":64,"column":55}}],"line":64},"15":{"loc":{"start":{"line":66,"column":20},"end":{"line":66,"column":43}},"type":"binary-expr","locations":[{"start":{"line":66,"column":20},"end":{"line":66,"column":37}},{"start":{"line":66,"column":41},"end":{"line":66,"column":43}}],"line":66},"16":{"loc":{"start":{"line":67,"column":27},"end":{"line":67,"column":81}},"type":"binary-expr","locations":[{"start":{"line":67,"column":27},"end":{"line":67,"column":50}},{"start":{"line":67,"column":54},"end":{"line":67,"column":81}}],"line":67},"17":{"loc":{"start":{"line":68,"column":8},"end":{"line":76,"column":9}},"type":"if","locations":[{"start":{"line":68,"column":8},"end":{"line":76,"column":9}},{"start":{},"end":{}}],"line":68},"18":{"loc":{"start":{"line":68,"column":12},"end":{"line":68,"column":56}},"type":"binary-expr","locations":[{"start":{"line":68,"column":12},"end":{"line":68,"column":23}},{"start":{"line":68,"column":27},"end":{"line":68,"column":56}}],"line":68},"19":{"loc":{"start":{"line":73,"column":10},"end":{"line":75,"column":11}},"type":"if","locations":[{"start":{"line":73,"column":10},"end":{"line":75,"column":11}},{"start":{},"end":{}}],"line":73}},"s":{"0":8,"1":8,"2":6,"3":2,"4":0,"5":2,"6":0,"7":2,"8":2,"9":0,"10":8,"11":8,"12":4,"13":4,"14":4,"15":4,"16":4,"17":4,"18":4,"19":8,"20":0,"21":0,"22":0,"23":0,"24":0,"25":0,"26":0,"27":0,"28":0,"29":0,"30":0,"31":0,"32":0,"33":0,"34":0,"35":0},"f":{"0":8,"1":4,"2":0,"3":0},"b":{"0":[6,2],"1":[8,8,8],"2":[0,2],"3":[2,2,2],"4":[0,2],"5":[2,2,2],"6":[2,0],"7":[4,0],"8":[4,0],"9":[0,4],"10":[0,0],"11":[0,0],"12":[0,0,0],"13":[0,0],"14":[0,0],"15":[0,0],"16":[0,0],"17":[0,0],"18":[0,0],"19":[0,0]},"_coverageSchema":"1a1c01bbd47fc00a2c39e90264f33305004495a9","hash":"389d77058691968390c9c72d978ec27066a39c48"}
,"C:\\Users\\mvber\\Desktop\\Cursor\\Aplicação\\frontend\\src\\api\\clients.ts": {"path":"C:\\Users\\mvber\\Desktop\\Cursor\\Aplicação\\frontend\\src\\api\\clients.ts","statementMap":{"0":{"start":{"line":14,"column":26},"end":{"line":79,"column":1}},"1":{"start":{"line":23,"column":19},"end":{"line":23,"column":40}},"2":{"start":{"line":24,"column":4},"end":{"line":24,"column":54}},"3":{"start":{"line":25,"column":4},"end":{"line":25,"column":43}},"4":{"start":{"line":26,"column":4},"end":{"line":26,"column":45}},"5":{"start":{"line":28,"column":4},"end":{"line":30,"column":5}},"6":{"start":{"line":29,"column":6},"end":{"line":29,"column":47}},"7":{"start":{"line":31,"column":4},"end":{"line":33,"column":5}},"8":{"start":{"line":32,"column":6},"end":{"line":32,"column":76}},"9":{"start":{"line":35,"column":21},"end":{"line":35,"column":67}},"10":{"start":{"line":36,"column":4},"end":{"line":36,"column":25}},"11":{"start":{"line":41,"column":21},"end":{"line":41,"column":52}},"12":{"start":{"line":42,"column":4},"end":{"line":42,"column":25}},"13":{"start":{"line":47,"column":21},"end":{"line":47,"column":53}},"14":{"start":{"line":48,"column":4},"end":{"line":48,"column":25}},"15":{"start":{"line":53,"column":21},"end":{"line":53,"column":58}},"16":{"start":{"line":54,"column":4},"end":{"line":54,"column":25}},"17":{"start":{"line":59,"column":4},"end":{"line":59,"column":39}},"18":{"start":{"line":64,"column":21},"end":{"line":64,"column":58}},"19":{"start":{"line":65,"column":4},"end":{"line":65,"column":25}},"20":{"start":{"line":70,"column":21},"end":{"line":70,"column":57}},"21":{"start":{"line":71,"column":4},"end":{"line":71,"column":25}},"22":{"start":{"line":76,"column":21},"end":{"line":76,"column":76}},"23":{"start":{"line":77,"column":4},"end":{"line":77,"column":25}},"24":{"start":{"line":82,"column":26},"end":{"line":174,"column":1}},"25":{"start":{"line":83,"column":32},"end":{"line":83,"column":61}},"26":{"start":{"line":84,"column":32},"end":{"line":84,"column":47}},"27":{"start":{"line":85,"column":28},"end":{"line":85,"column":57}},"28":{"start":{"line":87,"column":23},"end":{"line":103,"column":3}},"29":{"start":{"line":93,"column":4},"end":{"line":102,"column":5}},"30":{"start":{"line":94,"column":6},"end":{"line":94,"column":23}},"31":{"start":{"line":95,"column":6},"end":{"line":95,"column":21}},"32":{"start":{"line":96,"column":19},"end":{"line":96,"column":110}},"33":{"start":{"line":97,"column":6},"end":{"line":97,"column":23}},"34":{"start":{"line":99,"column":6},"end":{"line":99,"column":81}},"35":{"start":{"line":101,"column":6},"end":{"line":101,"column":24}},"36":{"start":{"line":105,"column":23},"end":{"line":118,"column":3}},"37":{"start":{"line":106,"column":4},"end":{"line":117,"column":5}},"38":{"start":{"line":107,"column":6},"end":{"line":107,"column":23}},"39":{"start":{"line":108,"column":6},"end":{"line":108,"column":21}},"40":{"start":{"line":109,"column":24},"end":{"line":109,"column":53}},"41":{"start":{"line":110,"column":6},"end":{"line":110,"column":47}},"42":{"start":{"line":110,"column":25},"end":{"line":110,"column":45}},"43":{"start":{"line":111,"column":6},"end":{"line":111,"column":23}},"44":{"start":{"line":113,"column":6},"end":{"line":113,"column":77}},"45":{"start":{"line":114,"column":6},"end":{"line":114,"column":16}},"46":{"start":{"line":116,"column":6},"end":{"line":116,"column":24}},"47":{"start":{"line":120,"column":23},"end":{"line":133,"column":3}},"48":{"start":{"line":121,"column":4},"end":{"line":132,"column":5}},"49":{"start":{"line":122,"column":6},"end":{"line":122,"column":23}},"50":{"start":{"line":123,"column":6},"end":{"line":123,"column":21}},"51":{"start":{"line":124,"column":28},"end":{"line":124,"column":61}},"52":{"start":{"line":125,"column":6},"end":{"line":125,"column":88}},"53":{"start":{"line":125,"column":25},"end":{"line":125,"column":86}},"54":{"start":{"line":125,"column":44},"end":{"line":125,"column":85}},"55":{"start":{"line":126,"column":6},"end":{"line":126,"column":27}},"56":{"start":{"line":128,"column":6},"end":{"line":128,"column":81}},"57":{"start":{"line":129,"column":6},"end":{"line":129,"column":16}},"58":{"start":{"line":131,"column":6},"end":{"line":131,"column":24}},"59":{"start":{"line":135,"column":23},"end":{"line":147,"column":3}},"60":{"start":{"line":136,"column":4},"end":{"line":146,"column":5}},"61":{"start":{"line":137,"column":6},"end":{"line":137,"column":23}},"62":{"start":{"line":138,"column":6},"end":{"line":138,"column":21}},"63":{"start":{"line":139,"column":6},"end":{"line":139,"column":34}},"64":{"start":{"line":140,"column":6},"end":{"line":140,"column":66}},"65":{"start":{"line":140,"column":25},"end":{"line":140,"column":64}},"66":{"start":{"line":140,"column":47},"end":{"line":140,"column":63}},"67":{"start":{"line":142,"column":6},"end":{"line":142,"column":79}},"68":{"start":{"line":143,"column":6},"end":{"line":143,"column":16}},"69":{"start":{"line":145,"column":6},"end":{"line":145,"column":24}},"70":{"start":{"line":149,"column":28},"end":{"line":162,"column":3}},"71":{"start":{"line":150,"column":4},"end":{"line":161,"column":5}},"72":{"start":{"line":151,"column":6},"end":{"line":151,"column":23}},"73":{"start":{"line":152,"column":6},"end":{"line":152,"column":21}},"74":{"start":{"line":153,"column":25},"end":{"line":153,"column":58}},"75":{"start":{"line":154,"column":6},"end":{"line":154,"column":51}},"76":{"start":{"line":154,"column":25},"end":{"line":154,"column":49}},"77":{"start":{"line":155,"column":6},"end":{"line":155,"column":24}},"78":{"start":{"line":157,"column":6},"end":{"line":157,"column":78}},"79":{"start":{"line":158,"column":6},"end":{"line":158,"column":16}},"80":{"start":{"line":160,"column":6},"end":{"line":160,"column":24}},"81":{"start":{"line":164,"column":2},"end":{"line":173,"column":4}},"82":{"start":{"line":177,"column":25},"end":{"line":217,"column":1}},"83":{"start":{"line":178,"column":30},"end":{"line":178,"column":59}},"84":{"start":{"line":179,"column":32},"end":{"line":179,"column":47}},"85":{"start":{"line":180,"column":28},"end":{"line":180,"column":57}},"86":{"start":{"line":182,"column":22},"end":{"line":193,"column":3}},"87":{"start":{"line":183,"column":4},"end":{"line":192,"column":5}},"88":{"start":{"line":184,"column":6},"end":{"line":184,"column":23}},"89":{"start":{"line":185,"column":6},"end":{"line":185,"column":21}},"90":{"start":{"line":186,"column":19},"end":{"line":186,"column":47}},"91":{"start":{"line":187,"column":6},"end":{"line":187,"column":22}},"92":{"start":{"line":189,"column":6},"end":{"line":189,"column":80}},"93":{"start":{"line":191,"column":6},"end":{"line":191,"column":24}},"94":{"start":{"line":195,"column":23},"end":{"line":208,"column":3}},"95":{"start":{"line":196,"column":4},"end":{"line":207,"column":5}},"96":{"start":{"line":197,"column":6},"end":{"line":197,"column":23}},"97":{"start":{"line":198,"column":6},"end":{"line":198,"column":21}},"98":{"start":{"line":199,"column":28},"end":{"line":199,"column":61}},"99":{"start":{"line":200,"column":6},"end":{"line":200,"column":31}},"100":{"start":{"line":201,"column":6},"end":{"line":201,"column":27}},"101":{"start":{"line":203,"column":6},"end":{"line":203,"column":81}},"102":{"start":{"line":204,"column":6},"end":{"line":204,"column":16}},"103":{"start":{"line":206,"column":6},"end":{"line":206,"column":24}},"104":{"start":{"line":210,"column":2},"end":{"line":216,"column":4}}},"fnMap":{"0":{"name":"(anonymous_0)","decl":{"start":{"line":16,"column":2},"end":{"line":16,"column":3}},"loc":{"start":{"line":22,"column":30},"end":{"line":37,"column":3}},"line":22},"1":{"name":"(anonymous_1)","decl":{"start":{"line":40,"column":2},"end":{"line":40,"column":3}},"loc":{"start":{"line":40,"column":45},"end":{"line":43,"column":3}},"line":40},"2":{"name":"(anonymous_2)","decl":{"start":{"line":46,"column":2},"end":{"line":46,"column":3}},"loc":{"start":{"line":46,"column":52},"end":{"line":49,"column":3}},"line":46},"3":{"name":"(anonymous_3)","decl":{"start":{"line":52,"column":2},"end":{"line":52,"column":3}},"loc":{"start":{"line":52,"column":64},"end":{"line":55,"column":3}},"line":52},"4":{"name":"(anonymous_4)","decl":{"start":{"line":58,"column":2},"end":{"line":58,"column":3}},"loc":{"start":{"line":58,"column":42},"end":{"line":60,"column":3}},"line":58},"5":{"name":"(anonymous_5)","decl":{"start":{"line":63,"column":2},"end":{"line":63,"column":3}},"loc":{"start":{"line":63,"column":62},"end":{"line":66,"column":3}},"line":63},"6":{"name":"(anonymous_6)","decl":{"start":{"line":69,"column":2},"end":{"line":69,"column":3}},"loc":{"start":{"line":69,"column":62},"end":{"line":72,"column":3}},"line":69},"7":{"name":"(anonymous_7)","decl":{"start":{"line":75,"column":2},"end":{"line":75,"column":3}},"loc":{"start":{"line":75,"column":50},"end":{"line":78,"column":3}},"line":75},"8":{"name":"(anonymous_8)","decl":{"start":{"line":82,"column":26},"end":{"line":82,"column":27}},"loc":{"start":{"line":82,"column":49},"end":{"line":174,"column":1}},"line":82},"9":{"name":"(anonymous_9)","decl":{"start":{"line":87,"column":23},"end":{"line":87,"column":24}},"loc":{"start":{"line":92,"column":7},"end":{"line":103,"column":3}},"line":92},"10":{"name":"(anonymous_10)","decl":{"start":{"line":105,"column":23},"end":{"line":105,"column":24}},"loc":{"start":{"line":105,"column":53},"end":{"line":118,"column":3}},"line":105},"11":{"name":"(anonymous_11)","decl":{"start":{"line":110,"column":17},"end":{"line":110,"column":18}},"loc":{"start":{"line":110,"column":25},"end":{"line":110,"column":45}},"line":110},"12":{"name":"(anonymous_12)","decl":{"start":{"line":120,"column":23},"end":{"line":120,"column":24}},"loc":{"start":{"line":120,"column":65},"end":{"line":133,"column":3}},"line":120},"13":{"name":"(anonymous_13)","decl":{"start":{"line":125,"column":17},"end":{"line":125,"column":18}},"loc":{"start":{"line":125,"column":25},"end":{"line":125,"column":86}},"line":125},"14":{"name":"(anonymous_14)","decl":{"start":{"line":125,"column":34},"end":{"line":125,"column":35}},"loc":{"start":{"line":125,"column":44},"end":{"line":125,"column":85}},"line":125},"15":{"name":"(anonymous_15)","decl":{"start":{"line":135,"column":23},"end":{"line":135,"column":24}},"loc":{"start":{"line":135,"column":45},"end":{"line":147,"column":3}},"line":135},"16":{"name":"(anonymous_16)","decl":{"start":{"line":140,"column":17},"end":{"line":140,"column":18}},"loc":{"start":{"line":140,"column":25},"end":{"line":140,"column":64}},"line":140},"17":{"name":"(anonymous_17)","decl":{"start":{"line":140,"column":37},"end":{"line":140,"column":38}},"loc":{"start":{"line":140,"column":47},"end":{"line":140,"column":63}},"line":140},"18":{"name":"(anonymous_18)","decl":{"start":{"line":149,"column":28},"end":{"line":149,"column":29}},"loc":{"start":{"line":149,"column":62},"end":{"line":162,"column":3}},"line":149},"19":{"name":"(anonymous_19)","decl":{"start":{"line":154,"column":17},"end":{"line":154,"column":18}},"loc":{"start":{"line":154,"column":25},"end":{"line":154,"column":49}},"line":154},"20":{"name":"(anonymous_20)","decl":{"start":{"line":177,"column":25},"end":{"line":177,"column":26}},"loc":{"start":{"line":177,"column":41},"end":{"line":217,"column":1}},"line":177},"21":{"name":"(anonymous_21)","decl":{"start":{"line":182,"column":22},"end":{"line":182,"column":23}},"loc":{"start":{"line":182,"column":34},"end":{"line":193,"column":3}},"line":182},"22":{"name":"(anonymous_22)","decl":{"start":{"line":195,"column":23},"end":{"line":195,"column":24}},"loc":{"start":{"line":195,"column":53},"end":{"line":208,"column":3}},"line":195}},"branchMap":{"0":{"loc":{"start":{"line":18,"column":4},"end":{"line":18,"column":20}},"type":"default-arg","locations":[{"start":{"line":18,"column":19},"end":{"line":18,"column":20}}],"line":18},"1":{"loc":{"start":{"line":19,"column":4},"end":{"line":19,"column":23}},"type":"default-arg","locations":[{"start":{"line":19,"column":20},"end":{"line":19,"column":23}}],"line":19},"2":{"loc":{"start":{"line":28,"column":4},"end":{"line":30,"column":5}},"type":"if","locations":[{"start":{"line":28,"column":4},"end":{"line":30,"column":5}},{"start":{},"end":{}}],"line":28},"3":{"loc":{"start":{"line":31,"column":4},"end":{"line":33,"column":5}},"type":"if","locations":[{"start":{"line":31,"column":4},"end":{"line":33,"column":5}},{"start":{},"end":{}}],"line":31},"4":{"loc":{"start":{"line":88,"column":4},"end":{"line":88,"column":20}},"type":"default-arg","locations":[{"start":{"line":88,"column":19},"end":{"line":88,"column":20}}],"line":88},"5":{"loc":{"start":{"line":89,"column":4},"end":{"line":89,"column":23}},"type":"default-arg","locations":[{"start":{"line":89,"column":20},"end":{"line":89,"column":23}}],"line":89},"6":{"loc":{"start":{"line":99,"column":15},"end":{"line":99,"column":79}},"type":"cond-expr","locations":[{"start":{"line":99,"column":38},"end":{"line":99,"column":49}},{"start":{"line":99,"column":52},"end":{"line":99,"column":79}}],"line":99},"7":{"loc":{"start":{"line":113,"column":15},"end":{"line":113,"column":75}},"type":"cond-expr","locations":[{"start":{"line":113,"column":38},"end":{"line":113,"column":49}},{"start":{"line":113,"column":52},"end":{"line":113,"column":75}}],"line":113},"8":{"loc":{"start":{"line":125,"column":44},"end":{"line":125,"column":85}},"type":"cond-expr","locations":[{"start":{"line":125,"column":63},"end":{"line":125,"column":76}},{"start":{"line":125,"column":79},"end":{"line":125,"column":85}}],"line":125},"9":{"loc":{"start":{"line":128,"column":15},"end":{"line":128,"column":79}},"type":"cond-expr","locations":[{"start":{"line":128,"column":38},"end":{"line":128,"column":49}},{"start":{"line":128,"column":52},"end":{"line":128,"column":79}}],"line":128},"10":{"loc":{"start":{"line":142,"column":15},"end":{"line":142,"column":77}},"type":"cond-expr","locations":[{"start":{"line":142,"column":38},"end":{"line":142,"column":49}},{"start":{"line":142,"column":52},"end":{"line":142,"column":77}}],"line":142},"11":{"loc":{"start":{"line":157,"column":15},"end":{"line":157,"column":76}},"type":"cond-expr","locations":[{"start":{"line":157,"column":38},"end":{"line":157,"column":49}},{"start":{"line":157,"column":52},"end":{"line":157,"column":76}}],"line":157},"12":{"loc":{"start":{"line":189,"column":15},"end":{"line":189,"column":78}},"type":"cond-expr","locations":[{"start":{"line":189,"column":38},"end":{"line":189,"column":49}},{"start":{"line":189,"column":52},"end":{"line":189,"column":78}}],"line":189},"13":{"loc":{"start":{"line":203,"column":15},"end":{"line":203,"column":79}},"type":"cond-expr","locations":[{"start":{"line":203,"column":38},"end":{"line":203,"column":49}},{"start":{"line":203,"column":52},"end":{"line":203,"column":79}}],"line":203}},"s":{"0":1,"1":0,"2":0,"3":0,"4":0,"5":0,"6":0,"7":0,"8":0,"9":0,"10":0,"11":0,"12":0,"13":0,"14":0,"15":0,"16":0,"17":0,"18":0,"19":0,"20":0,"21":0,"22":0,"23":0,"24":1,"25":0,"26":0,"27":0,"28":0,"29":0,"30":0,"31":0,"32":0,"33":0,"34":0,"35":0,"36":0,"37":0,"38":0,"39":0,"40":0,"41":0,"42":0,"43":0,"44":0,"45":0,"46":0,"47":0,"48":0,"49":0,"50":0,"51":0,"52":0,"53":0,"54":0,"55":0,"56":0,"57":0,"58":0,"59":0,"60":0,"61":0,"62":0,"63":0,"64":0,"65":0,"66":0,"67":0,"68":0,"69":0,"70":0,"71":0,"72":0,"73":0,"74":0,"75":0,"76":0,"77":0,"78":0,"79":0,"80":0,"81":0,"82":1,"83":0,"84":0,"85":0,"86":0,"87":0,"88":0,"89":0,"90":0,"91":0,"92":0,"93":0,"94":0,"95":0,"96":0,"97":0,"98":0,"99":0,"100":0,"101":0,"102":0,"103":0,"104":0},"f":{"0":0,"1":0,"2":0,"3":0,"4":0,"5":0,"6":0,"7":0,"8":0,"9":0,"10":0,"11":0,"12":0,"13":0,"14":0,"15":0,"16":0,"17":0,"18":0,"19":0,"20":0,"21":0,"22":0},"b":{"0":[0],"1":[0],"2":[0,0],"3":[0,0],"4":[0],"5":[0],"6":[0,0],"7":[0,0],"8":[0,0],"9":[0,0],"10":[0,0],"11":[0,0],"12":[0,0],"13":[0,0]},"_coverageSchema":"1a1c01bbd47fc00a2c39e90264f33305004495a9","hash":"5cfdb40418a377db64fef13c9991794ca15bbb85"}
,"C:\\Users\\mvber\\Desktop\\Cursor\\Aplicação\\frontend\\src\\api\\index.ts": {"path":"C:\\Users\\mvber\\Desktop\\Cursor\\Aplicação\\frontend\\src\\api\\index.ts","statementMap":{},"fnMap":{},"branchMap":{},"s":{},"f":{},"b":{},"_coverageSchema":"1a1c01bbd47fc00a2c39e90264f33305004495a9","hash":"614abfeacef18ea0835a576a0f7f96fc6fbbf7c5"}
,"C:\\Users\\mvber\\Desktop\\Cursor\\Aplicação\\frontend\\src\\api\\portfolios.ts": {"path":"C:\\Users\\mvber\\Desktop\\Cursor\\Aplicação\\frontend\\src\\api\\portfolios.ts","statementMap":{"0":{"start":{"line":12,"column":29},"end":{"line":70,"column":1}},"1":{"start":{"line":15,"column":19},"end":{"line":15,"column":40}},"2":{"start":{"line":16,"column":4},"end":{"line":18,"column":5}},"3":{"start":{"line":17,"column":6},"end":{"line":17,"column":48}},"4":{"start":{"line":20,"column":21},"end":{"line":20,"column":70}},"5":{"start":{"line":21,"column":4},"end":{"line":21,"column":25}},"6":{"start":{"line":26,"column":21},"end":{"line":26,"column":55}},"7":{"start":{"line":27,"column":4},"end":{"line":27,"column":25}},"8":{"start":{"line":32,"column":21},"end":{"line":32,"column":56}},"9":{"start":{"line":33,"column":4},"end":{"line":33,"column":25}},"10":{"start":{"line":38,"column":21},"end":{"line":38,"column":61}},"11":{"start":{"line":39,"column":4},"end":{"line":39,"column":25}},"12":{"start":{"line":44,"column":4},"end":{"line":44,"column":42}},"13":{"start":{"line":49,"column":21},"end":{"line":49,"column":66}},"14":{"start":{"line":50,"column":4},"end":{"line":50,"column":25}},"15":{"start":{"line":55,"column":21},"end":{"line":55,"column":66}},"16":{"start":{"line":56,"column":4},"end":{"line":56,"column":25}},"17":{"start":{"line":61,"column":21},"end":{"line":61,"column":68}},"18":{"start":{"line":62,"column":4},"end":{"line":62,"column":25}},"19":{"start":{"line":67,"column":21},"end":{"line":67,"column":64}},"20":{"start":{"line":68,"column":4},"end":{"line":68,"column":25}},"21":{"start":{"line":73,"column":29},"end":{"line":176,"column":1}},"22":{"start":{"line":74,"column":38},"end":{"line":74,"column":70}},"23":{"start":{"line":75,"column":32},"end":{"line":75,"column":47}},"24":{"start":{"line":76,"column":28},"end":{"line":76,"column":57}},"25":{"start":{"line":78,"column":26},"end":{"line":89,"column":3}},"26":{"start":{"line":79,"column":4},"end":{"line":88,"column":5}},"27":{"start":{"line":80,"column":6},"end":{"line":80,"column":23}},"28":{"start":{"line":81,"column":6},"end":{"line":81,"column":21}},"29":{"start":{"line":82,"column":19},"end":{"line":82,"column":62}},"30":{"start":{"line":83,"column":6},"end":{"line":83,"column":26}},"31":{"start":{"line":85,"column":6},"end":{"line":85,"column":83}},"32":{"start":{"line":87,"column":6},"end":{"line":87,"column":24}},"33":{"start":{"line":91,"column":26},"end":{"line":104,"column":3}},"34":{"start":{"line":92,"column":4},"end":{"line":103,"column":5}},"35":{"start":{"line":93,"column":6},"end":{"line":93,"column":23}},"36":{"start":{"line":94,"column":6},"end":{"line":94,"column":21}},"37":{"start":{"line":95,"column":27},"end":{"line":95,"column":59}},"38":{"start":{"line":96,"column":6},"end":{"line":96,"column":53}},"39":{"start":{"line":96,"column":28},"end":{"line":96,"column":51}},"40":{"start":{"line":97,"column":6},"end":{"line":97,"column":26}},"41":{"start":{"line":99,"column":6},"end":{"line":99,"column":79}},"42":{"start":{"line":100,"column":6},"end":{"line":100,"column":16}},"43":{"start":{"line":102,"column":6},"end":{"line":102,"column":24}},"44":{"start":{"line":106,"column":26},"end":{"line":119,"column":3}},"45":{"start":{"line":107,"column":4},"end":{"line":118,"column":5}},"46":{"start":{"line":108,"column":6},"end":{"line":108,"column":23}},"47":{"start":{"line":109,"column":6},"end":{"line":109,"column":21}},"48":{"start":{"line":110,"column":31},"end":{"line":110,"column":67}},"49":{"start":{"line":111,"column":6},"end":{"line":111,"column":79}},"50":{"start":{"line":111,"column":28},"end":{"line":111,"column":77}},"51":{"start":{"line":111,"column":42},"end":{"line":111,"column":76}},"52":{"start":{"line":112,"column":6},"end":{"line":112,"column":30}},"53":{"start":{"line":114,"column":6},"end":{"line":114,"column":83}},"54":{"start":{"line":115,"column":6},"end":{"line":115,"column":16}},"55":{"start":{"line":117,"column":6},"end":{"line":117,"column":24}},"56":{"start":{"line":121,"column":26},"end":{"line":133,"column":3}},"57":{"start":{"line":122,"column":4},"end":{"line":132,"column":5}},"58":{"start":{"line":123,"column":6},"end":{"line":123,"column":23}},"59":{"start":{"line":124,"column":6},"end":{"line":124,"column":21}},"60":{"start":{"line":125,"column":6},"end":{"line":125,"column":37}},"61":{"start":{"line":126,"column":6},"end":{"line":126,"column":59}},"62":{"start":{"line":126,"column":28},"end":{"line":126,"column":57}},"63":{"start":{"line":126,"column":45},"end":{"line":126,"column":56}},"64":{"start":{"line":128,"column":6},"end":{"line":128,"column":81}},"65":{"start":{"line":129,"column":6},"end":{"line":129,"column":16}},"66":{"start":{"line":131,"column":6},"end":{"line":131,"column":24}},"67":{"start":{"line":135,"column":28},"end":{"line":148,"column":3}},"68":{"start":{"line":136,"column":4},"end":{"line":147,"column":5}},"69":{"start":{"line":137,"column":6},"end":{"line":137,"column":23}},"70":{"start":{"line":138,"column":6},"end":{"line":138,"column":21}},"71":{"start":{"line":139,"column":33},"end":{"line":139,"column":65}},"72":{"start":{"line":140,"column":6},"end":{"line":140,"column":81}},"73":{"start":{"line":140,"column":28},"end":{"line":140,"column":79}},"74":{"start":{"line":140,"column":42},"end":{"line":140,"column":78}},"75":{"start":{"line":141,"column":6},"end":{"line":141,"column":32}},"76":{"start":{"line":143,"column":6},"end":{"line":143,"column":80}},"77":{"start":{"line":144,"column":6},"end":{"line":144,"column":16}},"78":{"start":{"line":146,"column":6},"end":{"line":146,"column":24}},"79":{"start":{"line":150,"column":30},"end":{"line":163,"column":3}},"80":{"start":{"line":151,"column":4},"end":{"line":162,"column":5}},"81":{"start":{"line":152,"column":6},"end":{"line":152,"column":23}},"82":{"start":{"line":153,"column":6},"end":{"line":153,"column":21}},"83":{"start":{"line":154,"column":35},"end":{"line":154,"column":69}},"84":{"start":{"line":155,"column":6},"end":{"line":155,"column":83}},"85":{"start":{"line":155,"column":28},"end":{"line":155,"column":81}},"86":{"start":{"line":155,"column":42},"end":{"line":155,"column":80}},"87":{"start":{"line":156,"column":6},"end":{"line":156,"column":34}},"88":{"start":{"line":158,"column":6},"end":{"line":158,"column":83}},"89":{"start":{"line":159,"column":6},"end":{"line":159,"column":16}},"90":{"start":{"line":161,"column":6},"end":{"line":161,"column":24}},"91":{"start":{"line":165,"column":2},"end":{"line":175,"column":4}},"92":{"start":{"line":179,"column":28},"end":{"line":219,"column":1}},"93":{"start":{"line":180,"column":36},"end":{"line":180,"column":68}},"94":{"start":{"line":181,"column":32},"end":{"line":181,"column":47}},"95":{"start":{"line":182,"column":28},"end":{"line":182,"column":57}},"96":{"start":{"line":184,"column":25},"end":{"line":195,"column":3}},"97":{"start":{"line":185,"column":4},"end":{"line":194,"column":5}},"98":{"start":{"line":186,"column":6},"end":{"line":186,"column":23}},"99":{"start":{"line":187,"column":6},"end":{"line":187,"column":21}},"100":{"start":{"line":188,"column":19},"end":{"line":188,"column":50}},"101":{"start":{"line":189,"column":6},"end":{"line":189,"column":25}},"102":{"start":{"line":191,"column":6},"end":{"line":191,"column":82}},"103":{"start":{"line":193,"column":6},"end":{"line":193,"column":24}},"104":{"start":{"line":197,"column":26},"end":{"line":210,"column":3}},"105":{"start":{"line":198,"column":4},"end":{"line":209,"column":5}},"106":{"start":{"line":199,"column":6},"end":{"line":199,"column":23}},"107":{"start":{"line":200,"column":6},"end":{"line":200,"column":21}},"108":{"start":{"line":201,"column":31},"end":{"line":201,"column":67}},"109":{"start":{"line":202,"column":6},"end":{"line":202,"column":37}},"110":{"start":{"line":203,"column":6},"end":{"line":203,"column":30}},"111":{"start":{"line":205,"column":6},"end":{"line":205,"column":83}},"112":{"start":{"line":206,"column":6},"end":{"line":206,"column":16}},"113":{"start":{"line":208,"column":6},"end":{"line":208,"column":24}},"114":{"start":{"line":212,"column":2},"end":{"line":218,"column":4}}},"fnMap":{"0":{"name":"(anonymous_0)","decl":{"start":{"line":14,"column":2},"end":{"line":14,"column":3}},"loc":{"start":{"line":14,"column":78},"end":{"line":22,"column":3}},"line":14},"1":{"name":"(anonymous_1)","decl":{"start":{"line":25,"column":2},"end":{"line":25,"column":3}},"loc":{"start":{"line":25,"column":48},"end":{"line":28,"column":3}},"line":25},"2":{"name":"(anonymous_2)","decl":{"start":{"line":31,"column":2},"end":{"line":31,"column":3}},"loc":{"start":{"line":31,"column":58},"end":{"line":34,"column":3}},"line":31},"3":{"name":"(anonymous_3)","decl":{"start":{"line":37,"column":2},"end":{"line":37,"column":3}},"loc":{"start":{"line":37,"column":70},"end":{"line":40,"column":3}},"line":37},"4":{"name":"(anonymous_4)","decl":{"start":{"line":43,"column":2},"end":{"line":43,"column":3}},"loc":{"start":{"line":43,"column":42},"end":{"line":45,"column":3}},"line":43},"5":{"name":"(anonymous_5)","decl":{"start":{"line":48,"column":2},"end":{"line":48,"column":3}},"loc":{"start":{"line":48,"column":43},"end":{"line":51,"column":3}},"line":48},"6":{"name":"(anonymous_6)","decl":{"start":{"line":54,"column":2},"end":{"line":54,"column":3}},"loc":{"start":{"line":54,"column":49},"end":{"line":57,"column":3}},"line":54},"7":{"name":"(anonymous_7)","decl":{"start":{"line":60,"column":2},"end":{"line":60,"column":3}},"loc":{"start":{"line":60,"column":51},"end":{"line":63,"column":3}},"line":60},"8":{"name":"(anonymous_8)","decl":{"start":{"line":66,"column":2},"end":{"line":66,"column":3}},"loc":{"start":{"line":66,"column":68},"end":{"line":69,"column":3}},"line":66},"9":{"name":"(anonymous_9)","decl":{"start":{"line":73,"column":29},"end":{"line":73,"column":30}},"loc":{"start":{"line":73,"column":35},"end":{"line":176,"column":1}},"line":73},"10":{"name":"(anonymous_10)","decl":{"start":{"line":78,"column":26},"end":{"line":78,"column":27}},"loc":{"start":{"line":78,"column":70},"end":{"line":89,"column":3}},"line":78},"11":{"name":"(anonymous_11)","decl":{"start":{"line":91,"column":26},"end":{"line":91,"column":27}},"loc":{"start":{"line":91,"column":59},"end":{"line":104,"column":3}},"line":91},"12":{"name":"(anonymous_12)","decl":{"start":{"line":96,"column":20},"end":{"line":96,"column":21}},"loc":{"start":{"line":96,"column":28},"end":{"line":96,"column":51}},"line":96},"13":{"name":"(anonymous_13)","decl":{"start":{"line":106,"column":26},"end":{"line":106,"column":27}},"loc":{"start":{"line":106,"column":71},"end":{"line":119,"column":3}},"line":106},"14":{"name":"(anonymous_14)","decl":{"start":{"line":111,"column":20},"end":{"line":111,"column":21}},"loc":{"start":{"line":111,"column":28},"end":{"line":111,"column":77}},"line":111},"15":{"name":"(anonymous_15)","decl":{"start":{"line":111,"column":37},"end":{"line":111,"column":38}},"loc":{"start":{"line":111,"column":42},"end":{"line":111,"column":76}},"line":111},"16":{"name":"(anonymous_16)","decl":{"start":{"line":121,"column":26},"end":{"line":121,"column":27}},"loc":{"start":{"line":121,"column":48},"end":{"line":133,"column":3}},"line":121},"17":{"name":"(anonymous_17)","decl":{"start":{"line":126,"column":20},"end":{"line":126,"column":21}},"loc":{"start":{"line":126,"column":28},"end":{"line":126,"column":57}},"line":126},"18":{"name":"(anonymous_18)","decl":{"start":{"line":126,"column":40},"end":{"line":126,"column":41}},"loc":{"start":{"line":126,"column":45},"end":{"line":126,"column":56}},"line":126},"19":{"name":"(anonymous_19)","decl":{"start":{"line":135,"column":28},"end":{"line":135,"column":29}},"loc":{"start":{"line":135,"column":50},"end":{"line":148,"column":3}},"line":135},"20":{"name":"(anonymous_20)","decl":{"start":{"line":140,"column":20},"end":{"line":140,"column":21}},"loc":{"start":{"line":140,"column":28},"end":{"line":140,"column":79}},"line":140},"21":{"name":"(anonymous_21)","decl":{"start":{"line":140,"column":37},"end":{"line":140,"column":38}},"loc":{"start":{"line":140,"column":42},"end":{"line":140,"column":78}},"line":140},"22":{"name":"(anonymous_22)","decl":{"start":{"line":150,"column":30},"end":{"line":150,"column":31}},"loc":{"start":{"line":150,"column":52},"end":{"line":163,"column":3}},"line":150},"23":{"name":"(anonymous_23)","decl":{"start":{"line":155,"column":20},"end":{"line":155,"column":21}},"loc":{"start":{"line":155,"column":28},"end":{"line":155,"column":81}},"line":155},"24":{"name":"(anonymous_24)","decl":{"start":{"line":155,"column":37},"end":{"line":155,"column":38}},"loc":{"start":{"line":155,"column":42},"end":{"line":155,"column":80}},"line":155},"25":{"name":"(anonymous_25)","decl":{"start":{"line":179,"column":28},"end":{"line":179,"column":29}},"loc":{"start":{"line":179,"column":44},"end":{"line":219,"column":1}},"line":179},"26":{"name":"(anonymous_26)","decl":{"start":{"line":184,"column":25},"end":{"line":184,"column":26}},"loc":{"start":{"line":184,"column":37},"end":{"line":195,"column":3}},"line":184},"27":{"name":"(anonymous_27)","decl":{"start":{"line":197,"column":26},"end":{"line":197,"column":27}},"loc":{"start":{"line":197,"column":59},"end":{"line":210,"column":3}},"line":197}},"branchMap":{"0":{"loc":{"start":{"line":14,"column":15},"end":{"line":14,"column":47}},"type":"default-arg","locations":[{"start":{"line":14,"column":42},"end":{"line":14,"column":47}}],"line":14},"1":{"loc":{"start":{"line":16,"column":4},"end":{"line":18,"column":5}},"type":"if","locations":[{"start":{"line":16,"column":4},"end":{"line":18,"column":5}},{"start":{},"end":{}}],"line":16},"2":{"loc":{"start":{"line":78,"column":33},"end":{"line":78,"column":65}},"type":"default-arg","locations":[{"start":{"line":78,"column":60},"end":{"line":78,"column":65}}],"line":78},"3":{"loc":{"start":{"line":85,"column":15},"end":{"line":85,"column":81}},"type":"cond-expr","locations":[{"start":{"line":85,"column":38},"end":{"line":85,"column":49}},{"start":{"line":85,"column":52},"end":{"line":85,"column":81}}],"line":85},"4":{"loc":{"start":{"line":99,"column":15},"end":{"line":99,"column":77}},"type":"cond-expr","locations":[{"start":{"line":99,"column":38},"end":{"line":99,"column":49}},{"start":{"line":99,"column":52},"end":{"line":99,"column":77}}],"line":99},"5":{"loc":{"start":{"line":111,"column":42},"end":{"line":111,"column":76}},"type":"cond-expr","locations":[{"start":{"line":111,"column":56},"end":{"line":111,"column":72}},{"start":{"line":111,"column":75},"end":{"line":111,"column":76}}],"line":111},"6":{"loc":{"start":{"line":114,"column":15},"end":{"line":114,"column":81}},"type":"cond-expr","locations":[{"start":{"line":114,"column":38},"end":{"line":114,"column":49}},{"start":{"line":114,"column":52},"end":{"line":114,"column":81}}],"line":114},"7":{"loc":{"start":{"line":128,"column":15},"end":{"line":128,"column":79}},"type":"cond-expr","locations":[{"start":{"line":128,"column":38},"end":{"line":128,"column":49}},{"start":{"line":128,"column":52},"end":{"line":128,"column":79}}],"line":128},"8":{"loc":{"start":{"line":140,"column":42},"end":{"line":140,"column":78}},"type":"cond-expr","locations":[{"start":{"line":140,"column":56},"end":{"line":140,"column":74}},{"start":{"line":140,"column":77},"end":{"line":140,"column":78}}],"line":140},"9":{"loc":{"start":{"line":143,"column":15},"end":{"line":143,"column":78}},"type":"cond-expr","locations":[{"start":{"line":143,"column":38},"end":{"line":143,"column":49}},{"start":{"line":143,"column":52},"end":{"line":143,"column":78}}],"line":143},"10":{"loc":{"start":{"line":155,"column":42},"end":{"line":155,"column":80}},"type":"cond-expr","locations":[{"start":{"line":155,"column":56},"end":{"line":155,"column":76}},{"start":{"line":155,"column":79},"end":{"line":155,"column":80}}],"line":155},"11":{"loc":{"start":{"line":158,"column":15},"end":{"line":158,"column":81}},"type":"cond-expr","locations":[{"start":{"line":158,"column":38},"end":{"line":158,"column":49}},{"start":{"line":158,"column":52},"end":{"line":158,"column":81}}],"line":158},"12":{"loc":{"start":{"line":191,"column":15},"end":{"line":191,"column":80}},"type":"cond-expr","locations":[{"start":{"line":191,"column":38},"end":{"line":191,"column":49}},{"start":{"line":191,"column":52},"end":{"line":191,"column":80}}],"line":191},"13":{"loc":{"start":{"line":205,"column":15},"end":{"line":205,"column":81}},"type":"cond-expr","locations":[{"start":{"line":205,"column":38},"end":{"line":205,"column":49}},{"start":{"line":205,"column":52},"end":{"line":205,"column":81}}],"line":205}},"s":{"0":1,"1":0,"2":0,"3":0,"4":0,"5":0,"6":0,"7":0,"8":0,"9":0,"10":0,"11":0,"12":0,"13":0,"14":0,"15":0,"16":0,"17":0,"18":0,"19":0,"20":0,"21":1,"22":0,"23":0,"24":0,"25":0,"26":0,"27":0,"28":0,"29":0,"30":0,"31":0,"32":0,"33":0,"34":0,"35":0,"36":0,"37":0,"38":0,"39":0,"40":0,"41":0,"42":0,"43":0,"44":0,"45":0,"46":0,"47":0,"48":0,"49":0,"50":0,"51":0,"52":0,"53":0,"54":0,"55":0,"56":0,"57":0,"58":0,"59":0,"60":0,"61":0,"62":0,"63":0,"64":0,"65":0,"66":0,"67":0,"68":0,"69":0,"70":0,"71":0,"72":0,"73":0,"74":0,"75":0,"76":0,"77":0,"78":0,"79":0,"80":0,"81":0,"82":0,"83":0,"84":0,"85":0,"86":0,"87":0,"88":0,"89":0,"90":0,"91":0,"92":1,"93":0,"94":0,"95":0,"96":0,"97":0,"98":0,"99":0,"100":0,"101":0,"102":0,"103":0,"104":0,"105":0,"106":0,"107":0,"108":0,"109":0,"110":0,"111":0,"112":0,"113":0,"114":0},"f":{"0":0,"1":0,"2":0,"3":0,"4":0,"5":0,"6":0,"7":0,"8":0,"9":0,"10":0,"11":0,"12":0,"13":0,"14":0,"15":0,"16":0,"17":0,"18":0,"19":0,"20":0,"21":0,"22":0,"23":0,"24":0,"25":0,"26":0,"27":0},"b":{"0":[0],"1":[0,0],"2":[0],"3":[0,0],"4":[0,0],"5":[0,0],"6":[0,0],"7":[0,0],"8":[0,0],"9":[0,0],"10":[0,0],"11":[0,0],"12":[0,0],"13":[0,0]},"_coverageSchema":"1a1c01bbd47fc00a2c39e90264f33305004495a9","hash":"a029c071dc31ffb8ecb70dd9c696070642ba5646"}
,"C:\\Users\\mvber\\Desktop\\Cursor\\Aplicação\\frontend\\src\\api\\projects.ts": {"path":"C:\\Users\\mvber\\Desktop\\Cursor\\Aplicação\\frontend\\src\\api\\projects.ts","statementMap":{"0":{"start":{"line":57,"column":27},"end":{"line":145,"column":1}},"1":{"start":{"line":60,"column":19},"end":{"line":60,"column":40}},"2":{"start":{"line":62,"column":4},"end":{"line":62,"column":65}},"3":{"start":{"line":62,"column":25},"end":{"line":62,"column":65}},"4":{"start":{"line":63,"column":4},"end":{"line":63,"column":74}},"5":{"start":{"line":63,"column":28},"end":{"line":63,"column":74}},"6":{"start":{"line":64,"column":4},"end":{"line":64,"column":71}},"7":{"start":{"line":64,"column":27},"end":{"line":64,"column":71}},"8":{"start":{"line":65,"column":4},"end":{"line":65,"column":74}},"9":{"start":{"line":65,"column":28},"end":{"line":65,"column":74}},"10":{"start":{"line":66,"column":4},"end":{"line":66,"column":65}},"11":{"start":{"line":66,"column":25},"end":{"line":66,"column":65}},"12":{"start":{"line":68,"column":21},"end":{"line":68,"column":80}},"13":{"start":{"line":69,"column":4},"end":{"line":69,"column":25}},"14":{"start":{"line":74,"column":21},"end":{"line":74,"column":65}},"15":{"start":{"line":75,"column":4},"end":{"line":75,"column":25}},"16":{"start":{"line":80,"column":21},"end":{"line":80,"column":54}},"17":{"start":{"line":81,"column":4},"end":{"line":81,"column":25}},"18":{"start":{"line":86,"column":21},"end":{"line":86,"column":59}},"19":{"start":{"line":87,"column":4},"end":{"line":87,"column":25}},"20":{"start":{"line":92,"column":4},"end":{"line":92,"column":40}},"21":{"start":{"line":97,"column":21},"end":{"line":97,"column":53}},"22":{"start":{"line":98,"column":4},"end":{"line":98,"column":25}},"23":{"start":{"line":103,"column":19},"end":{"line":103,"column":40}},"24":{"start":{"line":104,"column":4},"end":{"line":104,"column":50}},"25":{"start":{"line":106,"column":4},"end":{"line":106,"column":65}},"26":{"start":{"line":106,"column":25},"end":{"line":106,"column":65}},"27":{"start":{"line":107,"column":4},"end":{"line":107,"column":74}},"28":{"start":{"line":107,"column":28},"end":{"line":107,"column":74}},"29":{"start":{"line":108,"column":4},"end":{"line":108,"column":71}},"30":{"start":{"line":108,"column":27},"end":{"line":108,"column":71}},"31":{"start":{"line":109,"column":4},"end":{"line":109,"column":74}},"32":{"start":{"line":109,"column":28},"end":{"line":109,"column":74}},"33":{"start":{"line":110,"column":4},"end":{"line":110,"column":65}},"34":{"start":{"line":110,"column":25},"end":{"line":110,"column":65}},"35":{"start":{"line":112,"column":21},"end":{"line":112,"column":80}},"36":{"start":{"line":113,"column":4},"end":{"line":113,"column":25}},"37":{"start":{"line":118,"column":21},"end":{"line":118,"column":98}},"38":{"start":{"line":119,"column":4},"end":{"line":119,"column":25}},"39":{"start":{"line":124,"column":21},"end":{"line":124,"column":76}},"40":{"start":{"line":125,"column":4},"end":{"line":125,"column":25}},"41":{"start":{"line":130,"column":21},"end":{"line":130,"column":102}},"42":{"start":{"line":131,"column":4},"end":{"line":131,"column":25}},"43":{"start":{"line":136,"column":21},"end":{"line":136,"column":100}},"44":{"start":{"line":137,"column":4},"end":{"line":137,"column":25}},"45":{"start":{"line":142,"column":21},"end":{"line":142,"column":102}},"46":{"start":{"line":143,"column":4},"end":{"line":143,"column":25}},"47":{"start":{"line":148,"column":27},"end":{"line":228,"column":1}},"48":{"start":{"line":149,"column":34},"end":{"line":149,"column":68}},"49":{"start":{"line":150,"column":32},"end":{"line":150,"column":47}},"50":{"start":{"line":151,"column":28},"end":{"line":151,"column":57}},"51":{"start":{"line":152,"column":38},"end":{"line":152,"column":76}},"52":{"start":{"line":154,"column":24},"end":{"line":173,"column":3}},"53":{"start":{"line":155,"column":4},"end":{"line":172,"column":5}},"54":{"start":{"line":157,"column":6},"end":{"line":157,"column":41}},"55":{"start":{"line":157,"column":22},"end":{"line":157,"column":41}},"56":{"start":{"line":158,"column":29},"end":{"line":158,"column":50}},"57":{"start":{"line":159,"column":6},"end":{"line":159,"column":36}},"58":{"start":{"line":160,"column":6},"end":{"line":160,"column":23}},"59":{"start":{"line":161,"column":6},"end":{"line":161,"column":21}},"60":{"start":{"line":162,"column":19},"end":{"line":162,"column":87}},"61":{"start":{"line":163,"column":6},"end":{"line":163,"column":24}},"62":{"start":{"line":165,"column":6},"end":{"line":169,"column":7}},"63":{"start":{"line":168,"column":8},"end":{"line":168,"column":83}},"64":{"start":{"line":171,"column":6},"end":{"line":171,"column":24}},"65":{"start":{"line":175,"column":24},"end":{"line":188,"column":3}},"66":{"start":{"line":176,"column":4},"end":{"line":187,"column":5}},"67":{"start":{"line":177,"column":6},"end":{"line":177,"column":23}},"68":{"start":{"line":178,"column":6},"end":{"line":178,"column":21}},"69":{"start":{"line":179,"column":25},"end":{"line":179,"column":55}},"70":{"start":{"line":180,"column":6},"end":{"line":180,"column":49}},"71":{"start":{"line":180,"column":26},"end":{"line":180,"column":47}},"72":{"start":{"line":181,"column":6},"end":{"line":181,"column":24}},"73":{"start":{"line":183,"column":6},"end":{"line":183,"column":77}},"74":{"start":{"line":184,"column":6},"end":{"line":184,"column":16}},"75":{"start":{"line":186,"column":6},"end":{"line":186,"column":24}},"76":{"start":{"line":190,"column":24},"end":{"line":203,"column":3}},"77":{"start":{"line":191,"column":4},"end":{"line":202,"column":5}},"78":{"start":{"line":192,"column":6},"end":{"line":192,"column":23}},"79":{"start":{"line":193,"column":6},"end":{"line":193,"column":21}},"80":{"start":{"line":194,"column":29},"end":{"line":194,"column":63}},"81":{"start":{"line":195,"column":6},"end":{"line":195,"column":75}},"82":{"start":{"line":195,"column":26},"end":{"line":195,"column":73}},"83":{"start":{"line":195,"column":40},"end":{"line":195,"column":72}},"84":{"start":{"line":196,"column":6},"end":{"line":196,"column":28}},"85":{"start":{"line":198,"column":6},"end":{"line":198,"column":81}},"86":{"start":{"line":199,"column":6},"end":{"line":199,"column":16}},"87":{"start":{"line":201,"column":6},"end":{"line":201,"column":24}},"88":{"start":{"line":205,"column":24},"end":{"line":217,"column":3}},"89":{"start":{"line":206,"column":4},"end":{"line":216,"column":5}},"90":{"start":{"line":207,"column":6},"end":{"line":207,"column":23}},"91":{"start":{"line":208,"column":6},"end":{"line":208,"column":21}},"92":{"start":{"line":209,"column":6},"end":{"line":209,"column":35}},"93":{"start":{"line":210,"column":6},"end":{"line":210,"column":57}},"94":{"start":{"line":210,"column":26},"end":{"line":210,"column":55}},"95":{"start":{"line":210,"column":43},"end":{"line":210,"column":54}},"96":{"start":{"line":212,"column":6},"end":{"line":212,"column":79}},"97":{"start":{"line":213,"column":6},"end":{"line":213,"column":16}},"98":{"start":{"line":215,"column":6},"end":{"line":215,"column":24}},"99":{"start":{"line":219,"column":2},"end":{"line":227,"column":4}},"100":{"start":{"line":233,"column":34},"end":{"line":257,"column":1}},"101":{"start":{"line":234,"column":32},"end":{"line":234,"column":71}},"102":{"start":{"line":235,"column":32},"end":{"line":235,"column":47}},"103":{"start":{"line":236,"column":28},"end":{"line":236,"column":57}},"104":{"start":{"line":238,"column":23},"end":{"line":249,"column":3}},"105":{"start":{"line":239,"column":4},"end":{"line":248,"column":5}},"106":{"start":{"line":240,"column":6},"end":{"line":240,"column":23}},"107":{"start":{"line":241,"column":6},"end":{"line":241,"column":21}},"108":{"start":{"line":242,"column":23},"end":{"line":242,"column":57}},"109":{"start":{"line":243,"column":6},"end":{"line":243,"column":32}},"110":{"start":{"line":245,"column":6},"end":{"line":245,"column":81}},"111":{"start":{"line":247,"column":6},"end":{"line":247,"column":24}},"112":{"start":{"line":251,"column":2},"end":{"line":256,"column":4}}},"fnMap":{"0":{"name":"(anonymous_0)","decl":{"start":{"line":59,"column":2},"end":{"line":59,"column":3}},"loc":{"start":{"line":59,"column":94},"end":{"line":70,"column":3}},"line":59},"1":{"name":"(anonymous_1)","decl":{"start":{"line":73,"column":2},"end":{"line":73,"column":3}},"loc":{"start":{"line":73,"column":79},"end":{"line":76,"column":3}},"line":73},"2":{"name":"(anonymous_2)","decl":{"start":{"line":79,"column":2},"end":{"line":79,"column":3}},"loc":{"start":{"line":79,"column":61},"end":{"line":82,"column":3}},"line":79},"3":{"name":"(anonymous_3)","decl":{"start":{"line":85,"column":2},"end":{"line":85,"column":3}},"loc":{"start":{"line":85,"column":73},"end":{"line":88,"column":3}},"line":85},"4":{"name":"(anonymous_4)","decl":{"start":{"line":91,"column":2},"end":{"line":91,"column":3}},"loc":{"start":{"line":91,"column":42},"end":{"line":93,"column":3}},"line":91},"5":{"name":"(anonymous_5)","decl":{"start":{"line":96,"column":2},"end":{"line":96,"column":3}},"loc":{"start":{"line":96,"column":42},"end":{"line":99,"column":3}},"line":96},"6":{"name":"(anonymous_6)","decl":{"start":{"line":102,"column":2},"end":{"line":102,"column":3}},"loc":{"start":{"line":102,"column":106},"end":{"line":114,"column":3}},"line":102},"7":{"name":"(anonymous_7)","decl":{"start":{"line":117,"column":2},"end":{"line":117,"column":3}},"loc":{"start":{"line":117,"column":83},"end":{"line":120,"column":3}},"line":117},"8":{"name":"(anonymous_8)","decl":{"start":{"line":123,"column":2},"end":{"line":123,"column":3}},"loc":{"start":{"line":123,"column":89},"end":{"line":126,"column":3}},"line":123},"9":{"name":"(anonymous_9)","decl":{"start":{"line":129,"column":2},"end":{"line":129,"column":3}},"loc":{"start":{"line":129,"column":95},"end":{"line":132,"column":3}},"line":129},"10":{"name":"(anonymous_10)","decl":{"start":{"line":135,"column":2},"end":{"line":135,"column":3}},"loc":{"start":{"line":135,"column":93},"end":{"line":138,"column":3}},"line":135},"11":{"name":"(anonymous_11)","decl":{"start":{"line":141,"column":2},"end":{"line":141,"column":3}},"loc":{"start":{"line":141,"column":95},"end":{"line":144,"column":3}},"line":141},"12":{"name":"(anonymous_12)","decl":{"start":{"line":148,"column":27},"end":{"line":148,"column":28}},"loc":{"start":{"line":148,"column":33},"end":{"line":228,"column":1}},"line":148},"13":{"name":"(anonymous_13)","decl":{"start":{"line":154,"column":24},"end":{"line":154,"column":25}},"loc":{"start":{"line":154,"column":60},"end":{"line":173,"column":3}},"line":154},"14":{"name":"(anonymous_14)","decl":{"start":{"line":175,"column":24},"end":{"line":175,"column":25}},"loc":{"start":{"line":175,"column":62},"end":{"line":188,"column":3}},"line":175},"15":{"name":"(anonymous_15)","decl":{"start":{"line":180,"column":18},"end":{"line":180,"column":19}},"loc":{"start":{"line":180,"column":26},"end":{"line":180,"column":47}},"line":180},"16":{"name":"(anonymous_16)","decl":{"start":{"line":190,"column":24},"end":{"line":190,"column":25}},"loc":{"start":{"line":190,"column":74},"end":{"line":203,"column":3}},"line":190},"17":{"name":"(anonymous_17)","decl":{"start":{"line":195,"column":18},"end":{"line":195,"column":19}},"loc":{"start":{"line":195,"column":26},"end":{"line":195,"column":73}},"line":195},"18":{"name":"(anonymous_18)","decl":{"start":{"line":195,"column":35},"end":{"line":195,"column":36}},"loc":{"start":{"line":195,"column":40},"end":{"line":195,"column":72}},"line":195},"19":{"name":"(anonymous_19)","decl":{"start":{"line":205,"column":24},"end":{"line":205,"column":25}},"loc":{"start":{"line":205,"column":46},"end":{"line":217,"column":3}},"line":205},"20":{"name":"(anonymous_20)","decl":{"start":{"line":210,"column":18},"end":{"line":210,"column":19}},"loc":{"start":{"line":210,"column":26},"end":{"line":210,"column":55}},"line":210},"21":{"name":"(anonymous_21)","decl":{"start":{"line":210,"column":38},"end":{"line":210,"column":39}},"loc":{"start":{"line":210,"column":43},"end":{"line":210,"column":54}},"line":210},"22":{"name":"(anonymous_22)","decl":{"start":{"line":233,"column":34},"end":{"line":233,"column":35}},"loc":{"start":{"line":233,"column":40},"end":{"line":257,"column":1}},"line":233},"23":{"name":"(anonymous_23)","decl":{"start":{"line":238,"column":23},"end":{"line":238,"column":24}},"loc":{"start":{"line":238,"column":35},"end":{"line":249,"column":3}},"line":238}},"branchMap":{"0":{"loc":{"start":{"line":62,"column":4},"end":{"line":62,"column":65}},"type":"if","locations":[{"start":{"line":62,"column":4},"end":{"line":62,"column":65}},{"start":{},"end":{}}],"line":62},"1":{"loc":{"start":{"line":63,"column":4},"end":{"line":63,"column":74}},"type":"if","locations":[{"start":{"line":63,"column":4},"end":{"line":63,"column":74}},{"start":{},"end":{}}],"line":63},"2":{"loc":{"start":{"line":64,"column":4},"end":{"line":64,"column":71}},"type":"if","locations":[{"start":{"line":64,"column":4},"end":{"line":64,"column":71}},{"start":{},"end":{}}],"line":64},"3":{"loc":{"start":{"line":65,"column":4},"end":{"line":65,"column":74}},"type":"if","locations":[{"start":{"line":65,"column":4},"end":{"line":65,"column":74}},{"start":{},"end":{}}],"line":65},"4":{"loc":{"start":{"line":66,"column":4},"end":{"line":66,"column":65}},"type":"if","locations":[{"start":{"line":66,"column":4},"end":{"line":66,"column":65}},{"start":{},"end":{}}],"line":66},"5":{"loc":{"start":{"line":106,"column":4},"end":{"line":106,"column":65}},"type":"if","locations":[{"start":{"line":106,"column":4},"end":{"line":106,"column":65}},{"start":{},"end":{}}],"line":106},"6":{"loc":{"start":{"line":107,"column":4},"end":{"line":107,"column":74}},"type":"if","locations":[{"start":{"line":107,"column":4},"end":{"line":107,"column":74}},{"start":{},"end":{}}],"line":107},"7":{"loc":{"start":{"line":108,"column":4},"end":{"line":108,"column":71}},"type":"if","locations":[{"start":{"line":108,"column":4},"end":{"line":108,"column":71}},{"start":{},"end":{}}],"line":108},"8":{"loc":{"start":{"line":109,"column":4},"end":{"line":109,"column":74}},"type":"if","locations":[{"start":{"line":109,"column":4},"end":{"line":109,"column":74}},{"start":{},"end":{}}],"line":109},"9":{"loc":{"start":{"line":110,"column":4},"end":{"line":110,"column":65}},"type":"if","locations":[{"start":{"line":110,"column":4},"end":{"line":110,"column":65}},{"start":{},"end":{}}],"line":110},"10":{"loc":{"start":{"line":157,"column":6},"end":{"line":157,"column":41}},"type":"if","locations":[{"start":{"line":157,"column":6},"end":{"line":157,"column":41}},{"start":{},"end":{}}],"line":157},"11":{"loc":{"start":{"line":165,"column":6},"end":{"line":169,"column":7}},"type":"if
[...]
n":31},"end":{"line":314,"column":62}},"line":314},"28":{"name":"(anonymous_28)","decl":{"start":{"line":332,"column":35},"end":{"line":332,"column":36}},"loc":{"start":{"line":333,"column":14},"end":{"line":381,"column":19}},"line":333},"29":{"name":"(anonymous_29)","decl":{"start":{"line":336,"column":25},"end":{"line":336,"column":26}},"loc":{"start":{"line":336,"column":31},"end":{"line":336,"column":56}},"line":336},"30":{"name":"(anonymous_30)","decl":{"start":{"line":371,"column":29},"end":{"line":371,"column":30}},"loc":{"start":{"line":371,"column":36},"end":{"line":374,"column":21}},"line":371},"31":{"name":"(anonymous_31)","decl":{"start":{"line":396,"column":23},"end":{"line":396,"column":24}},"loc":{"start":{"line":396,"column":29},"end":{"line":396,"column":66}},"line":396},"32":{"name":"(anonymous_32)","decl":{"start":{"line":405,"column":23},"end":{"line":405,"column":24}},"loc":{"start":{"line":405,"column":29},"end":{"line":405,"column":75}},"line":405}},"branchMap":{"0":{"loc":{"start":{"line":32,"column":2},"end":{"line":32,"column":17}},"type":"default-arg","locations":[{"start":{"line":32,"column":12},"end":{"line":32,"column":17}}],"line":32},"1":{"loc":{"start":{"line":35,"column":2},"end":{"line":35,"column":18}},"type":"default-arg","locations":[{"start":{"line":35,"column":16},"end":{"line":35,"column":18}}],"line":35},"2":{"loc":{"start":{"line":37,"column":2},"end":{"line":37,"column":16}},"type":"default-arg","locations":[{"start":{"line":37,"column":14},"end":{"line":37,"column":16}}],"line":37},"3":{"loc":{"start":{"line":38,"column":2},"end":{"line":38,"column":19}},"type":"default-arg","locations":[{"start":{"line":38,"column":15},"end":{"line":38,"column":19}}],"line":38},"4":{"loc":{"start":{"line":39,"column":2},"end":{"line":39,"column":20}},"type":"default-arg","locations":[{"start":{"line":39,"column":16},"end":{"line":39,"column":20}}],"line":39},"5":{"loc":{"start":{"line":44,"column":2},"end":{"line":44,"column":26}},"type":"default-arg","locations":[{"start":{"line":44,"column":21},"end":{"line":44,"column":26}}],"line":44},"6":{"loc":{"start":{"line":45,"column":2},"end":{"line":45,"column":15}},"type":"default-arg","locations":[{"start":{"line":45,"column":13},"end":{"line":45,"column":15}}],"line":45},"7":{"loc":{"start":{"line":57,"column":23},"end":{"line":57,"column":69}},"type":"binary-expr","locations":[{"start":{"line":57,"column":23},"end":{"line":57,"column":45}},{"start":{"line":57,"column":49},"end":{"line":57,"column":69}}],"line":57},"8":{"loc":{"start":{"line":58,"column":26},"end":{"line":58,"column":78}},"type":"binary-expr","locations":[{"start":{"line":58,"column":26},"end":{"line":58,"column":51}},{"start":{"line":58,"column":55},"end":{"line":58,"column":78}}],"line":58},"9":{"loc":{"start":{"line":61,"column":4},"end":{"line":62,"column":40}},"type":"if","locations":[{"start":{"line":61,"column":4},"end":{"line":62,"column":40}},{"start":{"line":62,"column":9},"end":{"line":62,"column":40}}],"line":61},"10":{"loc":{"start":{"line":66,"column":4},"end":{"line":67,"column":43}},"type":"if","locations":[{"start":{"line":66,"column":4},"end":{"line":67,"column":43}},{"start":{"line":67,"column":9},"end":{"line":67,"column":43}}],"line":66},"11":{"loc":{"start":{"line":71,"column":22},"end":{"line":71,"column":52}},"type":"binary-expr","locations":[{"start":{"line":71,"column":22},"end":{"line":71,"column":36}},{"start":{"line":71,"column":40},"end":{"line":71,"column":52}}],"line":71},"12":{"loc":{"start":{"line":73,"column":4},"end":{"line":74,"column":28}},"type":"if","locations":[{"start":{"line":73,"column":4},"end":{"line":74,"column":28}},{"start":{"line":74,"column":9},"end":{"line":74,"column":28}}],"line":73},"13":{"loc":{"start":{"line":82,"column":4},"end":{"line":88,"column":5}},"type":"if","locations":[{"start":{"line":82,"column":4},"end":{"line":88,"column":5}},{"start":{},"end":{}}],"line":82},"14":{"loc":{"start":{"line":84,"column":8},"end":{"line":86,"column":96}},"type":"binary-expr","locations":[{"start":{"line":84,"column":8},"end":{"line":84,"column":70}},{"start":{"line":85,"column":9},"end":{"line":85,"column":26}},{"start":{"line":85,"column":30},"end":{"line":85,"column":97}},{"start":{"line":86,"column":9},"end":{"line":86,"column":25}},{"start":{"line":86,"column":29},"end":{"line":86,"column":95}}],"line":84},"15":{"loc":{"start":{"line":91,"column":4},"end":{"line":93,"column":5}},"type":"if","locations":[{"start":{"line":91,"column":4},"end":{"line":93,"column":5}},{"start":{},"end":{}}],"line":91},"16":{"loc":{"start":{"line":96,"column":4},"end":{"line":98,"column":5}},"type":"if","locations":[{"start":{"line":96,"column":4},"end":{"line":98,"column":5}},{"start":{},"end":{}}],"line":96},"17":{"loc":{"start":{"line":107,"column":6},"end":{"line":110,"column":7}},"type":"if","locations":[{"start":{"line":107,"column":6},"end":{"line":110,"column":7}},{"start":{},"end":{}}],"line":107},"18":{"loc":{"start":{"line":107,"column":10},"end":{"line":107,"column":75}},"type":"binary-expr","locations":[{"start":{"line":107,"column":10},"end":{"line":107,"column":39}},{"start":{"line":107,"column":43},"end":{"line":107,"column":75}}],"line":107},"19":{"loc":{"start":{"line":113,"column":20},"end":{"line":113,"column":59}},"type":"binary-expr","locations":[{"start":{"line":113,"column":20},"end":{"line":113,"column":40}},{"start":{"line":113,"column":44},"end":{"line":113,"column":59}}],"line":113},"20":{"loc":{"start":{"line":114,"column":20},"end":{"line":114,"column":59}},"type":"binary-expr","locations":[{"start":{"line":114,"column":20},"end":{"line":114,"column":40}},{"start":{"line":114,"column":44},"end":{"line":114,"column":59}}],"line":114},"21":{"loc":{"start":{"line":115,"column":6},"end":{"line":115,"column":51}},"type":"if","locations":[{"start":{"line":115,"column":6},"end":{"line":115,"column":51}},{"start":{},"end":{}}],"line":115},"22":{"loc":{"start":{"line":115,"column":10},"end":{"line":115,"column":24}},"type":"binary-expr","locations":[{"start":{"line":115,"column":10},"end":{"line":115,"column":15}},{"start":{"line":115,"column":19},"end":{"line":115,"column":24}}],"line":115},"23":{"loc":{"start":{"line":116,"column":6},"end":{"line":116,"column":26}},"type":"if","locations":[{"start":{"line":116,"column":6},"end":{"line":116,"column":26}},{"start":{},"end":{}}],"line":116},"24":{"loc":{"start":{"line":117,"column":6},"end":{"line":117,"column":27}},"type":"if","locations":[{"start":{"line":117,"column":6},"end":{"line":117,"column":27}},{"start":{},"end":{}}],"line":117},"25":{"loc":{"start":{"line":120,"column":6},"end":{"line":124,"column":19}},"type":"if","locations":[{"start":{"line":120,"column":6},"end":{"line":124,"column":19}},{"start":{"line":122,"column":13},"end":{"line":124,"column":19}}],"line":120},"26":{"loc":{"start":{"line":120,"column":10},"end":{"line":120,"column":66}},"type":"binary-expr","locations":[{"start":{"line":120,"column":10},"end":{"line":120,"column":36}},{"start":{"line":120,"column":40},"end":{"line":120,"column":66}}],"line":120},"27":{"loc":{"start":{"line":122,"column":13},"end":{"line":124,"column":19}},"type":"if","locations":[{"start":{"line":122,"column":13},"end":{"line":124,"column":19}},{"start":{"line":123,"column":11},"end":{"line":124,"column":19}}],"line":122},"28":{"loc":{"start":{"line":123,"column":11},"end":{"line":124,"column":19}},"type":"if","locations":[{"start":{"line":123,"column":11},"end":{"line":124,"column":19}},{"start":{"line":124,"column":11},"end":{"line":124,"column":19}}],"line":123},"29":{"loc":{"start":{"line":126,"column":6},"end":{"line":126,"column":46}},"type":"if","locations":[{"start":{"line":126,"column":6},"end":{"line":126,"column":46}},{"start":{},"end":{}}],"line":126},"30":{"loc":{"start":{"line":127,"column":13},"end":{"line":127,"column":56}},"type":"cond-expr","locations":[{"start":{"line":127,"column":46},"end":{"line":127,"column":49}},{"start":{"line":127,"column":52},"end":{"line":127,"column":56}}],"line":127},"31":{"loc":{"start":{"line":135,"column":4},"end":{"line":135,"column":34}},"type":"if","locations":[{"start":{"line":135,"column":4},"end":{"line":135,"column":34}},{"start":{},"end":{}}],"line":135},"32":{"loc":{"start":{"line":141,"column":21},"end":{"line":141,"column":89}},"type":"cond-expr","locations":[{"start":{"line":141,"column":40},"end":{"line":141,"column":85}},{"start":{"line":141,"column":88},"end":{"line":141,"column":89}}],"line":141},"33":{"loc":{"start":{"line":142,"column":28},"end":{"line":144,"column":31}},"type":"cond-expr","locations":[{"start":{"line":143,"column":6},"end":{"line":143,"column":91}},{"start":{"line":144,"column":6},"end":{"line":144,"column":31}}],"line":142},"34":{"loc":{"start":{"line":149,"column":17},"end":{"line":149,"column":78}},"type":"cond-expr","locations":[{"start":{"line":149,"column":64},"end":{"line":149,"column":70}},{"start":{"line":149,"column":73},"end":{"line":149,"column":78}}],"line":149},"35":{"loc":{"start":{"line":149,"column":17},"end":{"line":149,"column":61}},"type":"binary-expr","locations":[{"start":{"line":149,"column":17},"end":{"line":149,"column":33}},{"start":{"line":149,"column":37},"end":{"line":149,"column":61}}],"line":149},"36":{"loc":{"start":{"line":172,"column":9},"end":{"line":172,"column":39}},"type":"binary-expr","locations":[{"start":{"line":172,"column":9},"end":{"line":172,"column":29}},{"start":{"line":172,"column":33},"end":{"line":172,"column":39}}],"line":172},"37":{"loc":{"start":{"line":188,"column":2},"end":{"line":203,"column":3}},"type":"if","locations":[{"start":{"line":188,"column":2},"end":{"line":203,"column":3}},{"start":{},"end":{}}],"line":188},"38":{"loc":{"start":{"line":216,"column":13},"end":{"line":229,"column":13}},"type":"binary-expr","locations":[{"start":{"line":216,"column":13},"end":{"line":216,"column":23}},{"start":{"line":217,"column":14},"end":{"line":228,"column":20}}],"line":216},"39":{"loc":{"start":{"line":232,"column":13},"end":{"line":258,"column":13}},"type":"binary-expr","locations":[{"start":{"line":232,"column":13},"end":{"line":232,"column":24}},{"start":{"line":233,"column":14},"end":{"line":257,"column":20}}],"line":232},"40":{"loc":{"start":{"line":274,"column":19},"end":{"line":276,"column":19}},"type":"binary-expr","locations":[{"start":{"line":274,"column":19},"end":{"line":274,"column":44}},{"start":{"line":275,"column":20},"end":{"line":275,"column":77}}],"line":274},"41":{"loc":{"start":{"line":275,"column":27},"end":{"line":275,"column":69}},"type":"cond-expr","locations":[{"start":{"line":275,"column":60},"end":{"line":275,"column":63}},{"start":{"line":275,"column":66},"end":{"line":275,"column":69}}],"line":275},"42":{"loc":{"start":{"line":285,"column":19},"end":{"line":287,"column":19}},"type":"binary-expr","locations":[{"start":{"line":285,"column":19},"end":{"line":285,"column":49}},{"start":{"line":286,"column":20},"end":{"line":286,"column":77}}],"line":285},"43":{"loc":{"start":{"line":286,"column":27},"end":{"line":286,"column":69}},"type":"cond-expr","locations":[{"start":{"line":286,"column":60},"end":{"line":286,"column":63}},{"start":{"line":286,"column":66},"end":{"line":286,"column":69}}],"line":286},"44":{"loc":{"start":{"line":296,"column":19},"end":{"line":298,"column":19}},"type":"binary-expr","locations":[{"start":{"line":296,"column":19},"end":{"line":296,"column":46}},{"start":{"line":297,"column":20},"end":{"line":297,"column":77}}],"line":296},"45":{"loc":{"start":{"line":297,"column":27},"end":{"line":297,"column":69}},"type":"cond-expr","locations":[{"start":{"line":297,"column":60},"end":{"line":297,"column":63}},{"start":{"line":297,"column":66},"end":{"line":297,"column":69}}],"line":297},"46":{"loc":{"start":{"line":307,"column":19},"end":{"line":309,"column":19}},"type":"binary-expr","locations":[{"start":{"line":307,"column":19},"end":{"line":307,"column":48}},{"start":{"line":308,"column":20},"end":{"line":308,"column":77}}],"line":307},"47":{"loc":{"start":{"line":308,"column":27},"end":{"line":308,"column":69}},"type":"cond-expr","locations":[{"start":{"line":308,"column":60},"end":{"line":308,"column":63}},{"start":{"line":308,"column":66},"end":{"line":308,"column":69}}],"line":308},"48":{"loc":{"start":{"line":318,"column":19},"end":{"line":320,"column":19}},"type":"binary-expr","locations":[{"start":{"line":318,"column":19},"end":{"line":318,"column":57}},{"start":{"line":319,"column":20},"end":{"line":319,"column":77}}],"line":318},"49":{"loc":{"start":{"line":319,"column":27},"end":{"line":319,"column":69}},"type":"cond-expr","locations":[{"start":{"line":319,"column":60},"end":{"line":319,"column":63}},{"start":{"line":319,"column":66},"end":{"line":319,"column":69}}],"line":319},"50":{"loc":{"start":{"line":344,"column":23},"end":{"line":344,"column":60}},"type":"binary-expr","locations":[{"start":{"line":344,"column":23},"end":{"line":344,"column":39}},{"start":{"line":344,"column":43},"end":{"line":344,"column":60}}],"line":344},"51":{"loc":{"start":{"line":362,"column":20},"end":{"line":364,"column":83}},"type":"cond-expr","locations":[{"start":{"line":363,"column":24},"end":{"line":363,"column":77}},{"start":{"line":364,"column":24},"end":{"line":364,"column":83}}],"line":362},"52":{"loc":{"start":{"line":362,"column":21},"end":{"line":362,"column":55}},"type":"binary-expr","locations":[{"start":{"line":362,"column":21},"end":{"line":362,"column":50}},{"start":{"line":362,"column":54},"end":{"line":362,"column":55}}],"line":362},"53":{"loc":{"start":{"line":366,"column":21},"end":{"line":366,"column":55}},"type":"binary-expr","locations":[{"start":{"line":366,"column":21},"end":{"line":366,"column":50}},{"start":{"line":366,"column":54},"end":{"line":366,"column":55}}],"line":366},"54":{"loc":{"start":{"line":387,"column":7},"end":{"line":413,"column":7}},"type":"binary-expr","locations":[{"start":{"line":387,"column":7},"end":{"line":387,"column":23}},{"start":{"line":387,"column":27},"end":{"line":387,"column":41}},{"start":{"line":388,"column":8},"end":{"line":412,"column":14}}],"line":387},"55":{"loc":{"start":{"line":416,"column":7},"end":{"line":429,"column":7}},"type":"binary-expr","locations":[{"start":{"line":416,"column":7},"end":{"line":416,"column":23}},{"start":{"line":416,"column":27},"end":{"line":416,"column":35}},{"start":{"line":417,"column":8},"end":{"line":428,"column":14}}],"line":416},"56":{"loc":{"start":{"line":423,"column":13},"end":{"line":425,"column":57}},"type":"cond-expr","locations":[{"start":{"line":424,"column":16},"end":{"line":424,"column":52}},{"start":{"line":425,"column":16},"end":{"line":425,"column":57}}],"line":423},"57":{"loc":{"start":{"line":423,"column":13},"end":{"line":423,"column":79}},"type":"binary-expr","locations":[{"start":{"line":423,"column":13},"end":{"line":423,"column":24}},{"start":{"line":423,"column":28},"end":{"line":423,"column":50}},{"start":{"line":423,"column":54},"end":{"line":423,"column":79}}],"line":423}},"s":{"0":1,"1":38,"2":38,"3":38,"4":38,"5":38,"6":38,"7":2,"8":0,"9":2,"10":38,"11":2,"12":0,"13":2,"14":38,"15":38,"16":38,"17":0,"18":0,"19":0,"20":38,"21":38,"22":38,"23":5,"24":15,"25":38,"26":3,"27":9,"28":38,"29":2,"30":4,"31":38,"32":88,"33":38,"34":53,"35":53,"36":53,"37":0,"38":0,"39":53,"40":53,"41":53,"42":0,"43":53,"44":0,"45":53,"46":0,"47":53,"48":53,"49":49,"50":4,"51":2,"52":2,"53":2,"54":0,"55":53,"56":0,"57":53,"58":38,"59":88,"60":38,"61":35,"62":35,"63":0,"64":38,"65":38,"66":38,"67":38,"68":3,"69":3,"70":38,"71":85,"72":85,"73":85,"74":38,"75":85,"76":38,"77":85,"78":38,"79":1,"80":5,"81":37,"82":4,"83":2,"84":2,"85":99,"86":67,"87":1,"88":0,"89":1,"90":0,"91":1,"92":85,"93":1,"94":1,"95":1,"96":0,"97":0},"f":{"0":38,"1":2,"2":2,"3":0,"4":38,"5":15,"6":9,"7":4,"8":88,"9":53,"10":88,"11":35,"12":3,"13":3,"14":85,"15":85,"16":85,"17":5,"18":4,"19":2,"20":2,"21":99,"22":67,"23":1,"24":0,"25":1,"26":0,"27":1,"28":85,"29":1,"30":1,"31":0,"32":0},"b":{"0":[37],"1":[33],"2":[37],"3":[37],"4":[37],"5":[38],"6":[38],"7":[38,38],"8":[38,38],"9":[0,2],"10":[0,2],"11":[38,38],"12":[0,0],"13":[5,33],"14":[15,12,12,11,11],"15":[3,35],"16":[2,36],"17":[0,53],"18":[53,53],"19":[53,53],"20":[53,53],"21":[0,53],"22":[53,0],"23":[0,53],"24":[0,53],"25":[49,4],"26":[53,49],"27":[2,2],"28":[2,0],"29":[0,53],"30":[51,2],"31":[35,0],"32":[0,38],"33":[0,38],"34":[1,2],"35":[3,1],"36":[85,1],"37":[1,37],"38":[37,36],"39":[37,36],"40":[37,35],"41":[34,1],"42":[37,0],"43":[0,0],"44":[37,1],"45":[1,0],"46":[37,0],"47":[0,0],"48":[37,1],"49":[1,0],"50":[85,1],"51":[58,27],"52":[85,27],"53":[85,27],"54":[37,0,0],"55":[37,1,1],"56":[0,1],"57":[1,1,1]},"_coverageSchema":"1a1c01bbd47fc00a2c39e90264f33305004495a9","hash":"f56c67bc59aeeb7ab7350f361df98b56d70f8671"}
,"C:\\Users\\mvber\\Desktop\\Cursor\\Aplicação\\frontend\\src\\ui\\tokens\\colors.ts": {"path":"C:\\Users\\mvber\\Desktop\\Cursor\\Aplicação\\frontend\\src\\ui\\tokens\\colors.ts","statementMap":{"0":{"start":{"line":2,"column":22},"end":{"line":91,"column":10}},"1":{"start":{"line":94,"column":30},"end":{"line":103,"column":1}},"2":{"start":{"line":95,"column":44},"end":{"line":101,"column":3}},"3":{"start":{"line":102,"column":2},"end":{"line":102,"column":52}},"4":{"start":{"line":105,"column":40},"end":{"line":114,"column":1}},"5":{"start":{"line":106,"column":44},"end":{"line":112,"column":3}},"6":{"start":{"line":113,"column":2},"end":{"line":113,"column":52}},"7":{"start":{"line":116,"column":32},"end":{"line":124,"column":1}},"8":{"start":{"line":117,"column":46},"end":{"line":122,"column":3}},"9":{"start":{"line":123,"column":2},"end":{"line":123,"column":56}},"10":{"start":{"line":126,"column":34},"end":{"line":138,"column":1}},"11":{"start":{"line":127,"column":42},"end":{"line":136,"column":3}},"12":{"start":{"line":137,"column":2},"end":{"line":137,"column":48}}},"fnMap":{"0":{"name":"(anonymous_0)","decl":{"start":{"line":94,"column":30},"end":{"line":94,"column":31}},"loc":{"start":{"line":94,"column":50},"end":{"line":103,"column":1}},"line":94},"1":{"name":"(anonymous_1)","decl":{"start":{"line":105,"column":40},"end":{"line":105,"column":41}},"loc":{"start":{"line":105,"column":60},"end":{"line":114,"column":1}},"line":105},"2":{"name":"(anonymous_2)","decl":{"start":{"line":116,"column":32},"end":{"line":116,"column":33}},"loc":{"start":{"line":116,"column":54},"end":{"line":124,"column":1}},"line":116},"3":{"name":"(anonymous_3)","decl":{"start":{"line":126,"column":34},"end":{"line":126,"column":35}},"loc":{"start":{"line":126,"column":52},"end":{"line":138,"column":1}},"line":126}},"branchMap":{"0":{"loc":{"start":{"line":102,"column":9},"end":{"line":102,"column":51}},"type":"binary-expr","locations":[{"start":{"line":102,"column":9},"end":{"line":102,"column":26}},{"start":{"line":102,"column":30},"end":{"line":102,"column":51}}],"line":102},"1":{"loc":{"start":{"line":113,"column":9},"end":{"line":113,"column":51}},"type":"binary-expr","locations":[{"start":{"line":113,"column":9},"end":{"line":113,"column":26}},{"start":{"line":113,"column":30},"end":{"line":113,"column":51}}],"line":113},"2":{"loc":{"start":{"line":123,"column":9},"end":{"line":123,"column":55}},"type":"binary-expr","locations":[{"start":{"line":123,"column":9},"end":{"line":123,"column":30}},{"start":{"line":123,"column":34},"end":{"line":123,"column":55}}],"line":123},"3":{"loc":{"start":{"line":137,"column":9},"end":{"line":137,"column":47}},"type":"binary-expr","locations":[{"start":{"line":137,"column":9},"end":{"line":137,"column":22}},{"start":{"line":137,"column":26},"end":{"line":137,"column":47}}],"line":137}},"s":{"0":1,"1":1,"2":18,"3":18,"4":1,"5":18,"6":18,"7":1,"8":18,"9":18,"10":1,"11":21,"12":21},"f":{"0":18,"1":18,"2":18,"3":21},"b":{"0":[18,13],"1":[18,13],"2":[18,14],"3":[21,13]},"_coverageSchema":"1a1c01bbd47fc00a2c39e90264f33305004495a9","hash":"33ff10b6e66072699b93eb713eecd5c067832560"}
}
