TN:
SF:src\App.jsx
FN:17,App
FN:70,(anonymous_1)
FNF:2
FNH:0
FNDA:0,App
FNDA:0,(anonymous_1)
DA:18,0
DA:19,0
DA:20,0
DA:70,0
LF:4
LH:0
BRDA:29,0,0,0
BRDA:29,0,1,0
BRF:2
BRH:0
end_of_record
TN:
SF:src\api\actionItems.ts
FN:14,(anonymous_0)
FN:27,(anonymous_1)
FN:33,(anonymous_2)
FN:39,(anonymous_3)
FN:45,(anonymous_4)
FN:50,(anonymous_5)
FN:62,(anonymous_6)
FN:72,(anonymous_7)
FN:78,(anonymous_8)
FN:88,(anonymous_9)
FN:98,(anonymous_10)
FN:108,(anonymous_11)
FN:118,(anonymous_12)
FN:123,(anonymous_13)
FN:128,(anonymous_14)
FN:133,(anonymous_15)
FN:143,(anonymous_16)
FN:148,(anonymous_17)
FN:153,(anonymous_18)
FN:158,(anonymous_19)
FN:163,(anonymous_20)
FN:169,(anonymous_21)
FN:174,(anonymous_22)
FN:189,(anonymous_23)
FN:194,(anonymous_24)
FN:204,(anonymous_25)
FN:209,(anonymous_26)
FN:209,(anonymous_27)
FN:219,(anonymous_28)
FN:224,(anonymous_29)
FN:224,(anonymous_30)
FN:233,(anonymous_31)
FN:237,(anonymous_32)
FN:241,(anonymous_33)
FN:245,(anonymous_34)
FN:249,(anonymous_35)
FNF:36
FNH:26
FNDA:4,(anonymous_0)
FNDA:1,(anonymous_1)
FNDA:2,(anonymous_2)
FNDA:4,(anonymous_3)
FNDA:2,(anonymous_4)
FNDA:2,(anonymous_5)
FNDA:1,(anonymous_6)
FNDA:0,(anonymous_7)
FNDA:1,(anonymous_8)
FNDA:3,(anonymous_9)
FNDA:1,(anonymous_10)
FNDA:1,(anonymous_11)
FNDA:1,(anonymous_12)
FNDA:1,(anonymous_13)
FNDA:0,(anonymous_14)
FNDA:1,(anonymous_15)
FNDA:1,(anonymous_16)
FNDA:1,(anonymous_17)
FNDA:0,(anonymous_18)
FNDA:0,(anonymous_19)
FNDA:0,(anonymous_20)
FNDA:11,(anonymous_21)
FNDA:2,(anonymous_22)
FNDA:1,(anonymous_23)
FNDA:1,(anonymous_24)
FNDA:1,(anonymous_25)
FNDA:1,(anonymous_26)
FNDA:1,(anonymous_27)
FNDA:1,(anonymous_28)
FNDA:1,(anonymous_29)
FNDA:1,(anonymous_30)
FNDA:0,(anonymous_31)
FNDA:0,(anonymous_32)
FNDA:0,(anonymous_33)
FNDA:0,(anonymous_34)
FNDA:0,(anonymous_35)
DA:12,2
DA:15,4
DA:17,4
DA:18,4
DA:19,4
DA:20,4
DA:22,4
DA:23,3
DA:28,1
DA:29,1
DA:34,2
DA:35,2
DA:40,4
DA:41,4
DA:46,2
DA:51,2
DA:53,2
DA:54,2
DA:55,2
DA:57,2
DA:58,2
DA:63,1
DA:67,1
DA:68,1
DA:73,0
DA:74,0
DA:79,1
DA:83,1
DA:84,1
DA:89,3
DA:93,3
DA:94,3
DA:99,1
DA:103,1
DA:104,1
DA:109,1
DA:113,1
DA:114,1
DA:119,1
DA:124,1
DA:129,0
DA:134,1
DA:138,1
DA:139,1
DA:144,1
DA:149,1
DA:154,0
DA:159,0
DA:164,0
DA:169,2
DA:170,11
DA:171,11
DA:172,11
DA:174,11
DA:175,2
DA:176,2
DA:177,2
DA:178,2
DA:181,1
DA:183,1
DA:185,2
DA:189,11
DA:190,1
DA:191,1
DA:192,1
DA:193,1
DA:194,1
DA:195,1
DA:197,0
DA:198,0
DA:200,1
DA:204,11
DA:205,1
DA:206,1
DA:207,1
DA:208,1
DA:209,1
DA:210,1
DA:212,0
DA:213,0
DA:215,1
DA:219,11
DA:220,1
DA:221,1
DA:222,1
DA:223,1
DA:224,1
DA:226,0
DA:227,0
DA:229,1
DA:233,11
DA:234,0
DA:237,11
DA:238,0
DA:241,11
DA:242,0
DA:245,11
DA:246,0
DA:249,11
DA:250,0
DA:253,11
LF:101
LH:84
BRDA:17,0,0,1
BRDA:17,0,1,3
BRDA:18,1,0,1
BRDA:18,1,1,3
BRDA:19,2,0,1
BRDA:19,2,1,3
BRDA:20,3,0,1
BRDA:20,3,1,3
BRDA:53,4,0,0
BRDA:53,4,1,2
BRDA:54,5,0,1
BRDA:54,5,1,1
BRDA:55,6,0,1
BRDA:55,6,1,1
BRDA:63,7,0,0
BRDA:63,7,1,1
BRDA:79,8,0,0
BRDA:79,8,1,1
BRDA:89,9,0,0
BRDA:89,9,1,3
BRDA:99,10,0,0
BRDA:99,10,1,1
BRDA:109,11,0,0
BRDA:109,11,1,1
BRDA:134,12,0,0
BRDA:134,12,1,1
BRDA:178,13,0,0
BRDA:178,13,1,2
BRDA:183,14,0,1
BRDA:183,14,1,0
BRDA:197,15,0,0
BRDA:197,15,1,0
BRDA:209,16,0,1
BRDA:209,16,1,0
BRDA:212,17,0,0
BRDA:212,17,1,0
BRDA:226,18,0,0
BRDA:226,18,1,0
BRF:38
BRH:22
end_of_record
TN:
SF:src\api\auth.ts
FN:15,login
FNF:1
FNH:0
FNDA:0,login
DA:16,0
DA:17,0
LF:2
LH:0
BRF:0
BRH:0
end_of_record
TN:
SF:src\api\client.js
FN:4,(anonymous_0)
FN:35,(anonymous_1)
FN:55,(anonymous_2)
FN:56,(anonymous_3)
FNF:4
FNH:2
FNDA:8,(anonymous_0)
FNDA:4,(anonymous_1)
FNDA:0,(anonymous_2)
FNDA:0,(anonymous_3)
DA:4,8
DA:6,8
DA:7,6
DA:11,2
DA:12,0
DA:16,2
DA:17,0
DA:21,2
DA:22,2
DA:26,0
DA:29,8
DA:35,8
DA:37,4
DA:39,4
DA:40,4
DA:41,4
DA:42,4
DA:45,4
DA:50,4
DA:54,8
DA:55,0
DA:57,0
DA:58,0
DA:60,0
DA:61,0
DA:64,0
DA:65,0
DA:66,0
DA:67,0
DA:68,0
DA:69,0
DA:70,0
DA:72,0
DA:73,0
DA:74,0
DA:79,0
LF:36
LH:17
BRDA:6,0,0,6
BRDA:6,0,1,2
BRDA:6,1,0,8
BRDA:6,1,1,8
BRDA:6,1,2,8
BRDA:11,2,0,0
BRDA:11,2,1,2
BRDA:11,3,0,2
BRDA:11,3,1,2
BRDA:11,3,2,2
BRDA:16,4,0,0
BRDA:16,4,1,2
BRDA:16,5,0,2
BRDA:16,5,1,2
BRDA:16,5,2,2
BRDA:21,6,0,2
BRDA:21,6,1,0
BRDA:41,7,0,4
BRDA:41,7,1,0
BRDA:46,8,0,4
BRDA:46,8,1,0
BRDA:48,9,0,0
BRDA:48,9,1,4
BRDA:57,10,0,0
BRDA:57,10,1,0
BRDA:60,11,0,0
BRDA:60,11,1,0
BRDA:60,12,0,0
BRDA:60,12,1,0
BRDA:60,12,2,0
BRDA:64,13,0,0
BRDA:64,13,1,0
BRDA:64,14,0,0
BRDA:64,14,1,0
BRDA:66,15,0,0
BRDA:66,15,1,0
BRDA:67,16,0,0
BRDA:67,16,1,0
BRDA:68,17,0,0
BRDA:68,17,1,0
BRDA:68,18,0,0
BRDA:68,18,1,0
BRDA:73,19,0,0
BRDA:73,19,1,0
BRF:44
BRH:17
end_of_record
TN:
SF:src\api\clients.ts
FN:16,(anonymous_0)
FN:40,(anonymous_1)
FN:46,(anonymous_2)
FN:52,(anonymous_3)
FN:58,(anonymous_4)
FN:63,(anonymous_5)
FN:69,(anonymous_6)
FN:75,(anonymous_7)
FN:82,(anonymous_8)
FN:87,(anonymous_9)
FN:105,(anonymous_10)
FN:110,(anonymous_11)
FN:120,(anonymous_12)
FN:125,(anonymous_13)
FN:125,(anonymous_14)
FN:135,(anonymous_15)
FN:140,(anonymous_16)
FN:140,(anonymous_17)
FN:149,(anonymous_18)
FN:154,(anonymous_19)
FN:177,(anonymous_20)
FN:182,(anonymous_21)
FN:195,(anonymous_22)
FNF:23
FNH:0
FNDA:0,(anonymous_0)
FNDA:0,(anonymous_1)
FNDA:0,(anonymous_2)
FNDA:0,(anonymous_3)
FNDA:0,(anonymous_4)
FNDA:0,(anonymous_5)
FNDA:0,(anonymous_6)
FNDA:0,(anonymous_7)
FNDA:0,(anonymous_8)
FNDA:0,(anonymous_9)
FNDA:0,(anonymous_10)
FNDA:0,(anonymous_11)
FNDA:0,(anonymous_12)
FNDA:0,(anonymous_13)
FNDA:0,(anonymous_14)
FNDA:0,(anonymous_15)
FNDA:0,(anonymous_16)
FNDA:0,(anonymous_17)
FNDA:0,(anonymous_18)
FNDA:0,(anonymous_19)
FNDA:0,(anonymous_20)
FNDA:0,(anonymous_21)
FNDA:0,(anonymous_22)
DA:14,1
DA:23,0
DA:24,0
DA:25,0
DA:26,0
DA:28,0
DA:29,0
DA:31,0
DA:32,0
DA:35,0
DA:36,0
DA:41,0
DA:42,0
DA:47,0
DA:48,0
DA:53,0
DA:54,0
DA:59,0
DA:64,0
DA:65,0
DA:70,0
DA:71,0
DA:76,0
DA:77,0
DA:82,1
DA:83,0
DA:84,0
DA:85,0
DA:87,0
DA:93,0
DA:94,0
DA:95,0
DA:96,0
DA:97,0
DA:99,0
DA:101,0
DA:105,0
DA:106,0
DA:107,0
DA:108,0
DA:109,0
DA:110,0
DA:111,0
DA:113,0
DA:114,0
DA:116,0
DA:120,0
DA:121,0
DA:122,0
DA:123,0
DA:124,0
DA:125,0
DA:126,0
DA:128,0
DA:129,0
DA:131,0
DA:135,0
DA:136,0
DA:137,0
DA:138,0
DA:139,0
DA:140,0
DA:142,0
DA:143,0
DA:145,0
DA:149,0
DA:150,0
DA:151,0
DA:152,0
DA:153,0
DA:154,0
DA:155,0
DA:157,0
DA:158,0
DA:160,0
DA:164,0
DA:177,1
DA:178,0
DA:179,0
DA:180,0
DA:182,0
DA:183,0
DA:184,0
DA:185,0
DA:186,0
DA:187,0
DA:189,0
DA:191,0
DA:195,0
DA:196,0
DA:197,0
DA:198,0
DA:199,0
DA:200,0
DA:201,0
DA:203,0
DA:204,0
DA:206,0
DA:210,0
LF:99
LH:3
BRDA:18,0,0,0
BRDA:19,1,0,0
BRDA:28,2,0,0
BRDA:28,2,1,0
BRDA:31,3,0,0
BRDA:31,3,1,0
BRDA:88,4,0,0
BRDA:89,5,0,0
BRDA:99,6,0,0
BRDA:99,6,1,0
BRDA:113,7,0,0
BRDA:113,7,1,0
BRDA:125,8,0,0
BRDA:125,8,1,0
BRDA:128,9,0,0
BRDA:128,9,1,0
BRDA:142,10,0,0
BRDA:142,10,1,0
BRDA:157,11,0,0
BRDA:157,11,1,0
BRDA:189,12,0,0
BRDA:189,12,1,0
BRDA:203,13,0,0
BRDA:203,13,1,0
BRF:24
BRH:0
end_of_record
TN:
SF:src\api\index.ts
FNF:0
FNH:0
LF:0
LH:0
BRF:0
BRH:0
end_of_record
TN:
SF:src\api\portfolios.ts
FN:14,(anonymous_0)
FN:25,(anonymous_1)
FN:31,(anonymous_2)
FN:37,(anonymous_3)
FN:43,(anonymous_4)
FN:48,(anonymous_5)
FN:54,(anonymous_6)
FN:60,(anonymous_7)
FN:66,(anonymous_8)
FN:73,(anonymous_9)
FN:78,(anonymous_10)
FN:91,(anonymous_11)
FN:96,(anonymous_12)
FN:106,(anonymous_13)
FN:111,(anonymous_14)
FN:111,(anonymous_15)
FN:121,(anonymous_16)
FN:126,(anonymous_17)
FN:126,(anonymous_18)
FN:135,(anonymous_19)
FN:140,(anonymous_20)
FN:140,(anonymous_21)
FN:150,(anonymous_22)
FN:155,(anonymous_23)
FN:155,(anonymous_24)
FN:179,(anonymous_25)
FN:184,(anonymous_26)
FN:197,(anonymous_27)
FNF:28
FNH:0
FNDA:0,(anonymous_0)
FNDA:0,(anonymous_1)
FNDA:0,(anonymous_2)
FNDA:0,(anonymous_3)
FNDA:0,(anonymous_4)
FNDA:0,(anonymous_5)
FNDA:0,(anonymous_6)
FNDA:0,(anonymous_7)
FNDA:0,(anonymous_8)
FNDA:0,(anonymous_9)
FNDA:0,(anonymous_10)
FNDA:0,(anonymous_11)
FNDA:0,(anonymous_12)
FNDA:0,(anonymous_13)
FNDA:0,(anonymous_14)
FNDA:0,(anonymous_15)
FNDA:0,(anonymous_16)
FNDA:0,(anonymous_17)
FNDA:0,(anonymous_18)
FNDA:0,(anonymous_19)
FNDA:0,(anonymous_20)
FNDA:0,(anonymous_21)
FNDA:0,(anonymous_22)
FNDA:0,(anonymous_23)
FNDA:0,(anonymous_24)
FNDA:0,(anonymous_25)
FNDA:0,(anonymous_26)
FNDA:0,(anonymous_27)
DA:12,1
DA:15,0
DA:16,0
DA:17,0
DA:20,0
DA:21,0
DA:26,0
DA:27,0
DA:32,0
DA:33,0
DA:38,0
DA:39,0
DA:44,0
DA:49,0
DA:50,0
DA:55,0
DA:56,0
DA:61,0
DA:62,0
DA:67,0
DA:68,0
DA:73,1
DA:74,0
DA:75,0
DA:76,0
DA:78,0
DA:79,0
DA:80,0
DA:81,0
DA:82,0
DA:83,0
DA:85,0
DA:87,0
DA:91,0
DA:92,0
DA:93,0
DA:94,0
DA:95,0
DA:96,0
DA:97,0
DA:99,0
DA:100,0
DA:102,0
DA:106,0
DA:107,0
DA:108,0
DA:109,0
DA:110,0
DA:111,0
DA:112,0
DA:114,0
DA:115,0
DA:117,0
DA:121,0
DA:122,0
DA:123,0
DA:124,0
DA:125,0
DA:126,0
DA:128,0
DA:129,0
DA:131,0
DA:135,0
DA:136,0
DA:137,0
DA:138,0
DA:139,0
DA:140,0
DA:141,0
DA:143,0
DA:144,0
DA:146,0
DA:150,0
DA:151,0
DA:152,0
DA:153,0
DA:154,0
DA:155,0
DA:156,0
DA:158,0
DA:159,0
DA:161,0
DA:165,0
DA:179,1
DA:180,0
DA:181,0
DA:182,0
DA:184,0
DA:185,0
DA:186,0
DA:187,0
DA:188,0
DA:189,0
DA:191,0
DA:193,0
DA:197,0
DA:198,0
DA:199,0
DA:200,0
DA:201,0
DA:202,0
DA:203,0
DA:205,0
DA:206,0
DA:208,0
DA:212,0
LF:106
LH:3
BRDA:14,0,0,0
BRDA:16,1,0,0
BRDA:16,1,1,0
BRDA:78,2,0,0
BRDA:85,3,0,0
BRDA:85,3,1,0
BRDA:99,4,0,0
BRDA:99,4,1,0
BRDA:111,5,0,0
BRDA:111,5,1,0
BRDA:114,6,0,0
BRDA:114,6,1,0
BRDA:128,7,0,0
BRDA:128,7,1,0
BRDA:140,8,0,0
BRDA:140,8,1,0
BRDA:143,9,0,0
BRDA:143,9,1,0
BRDA:155,10,0,0
BRDA:155,10,1,0
BRDA:158,11,0,0
BRDA:158,11,1,0
BRDA:191,12,0,0
BRDA:191,12,1,0
BRDA:205,13,0,0
BRDA:205,13,1,0
BRF:26
BRH:0
end_of_record
TN:
SF:src\api\projects.ts
FN:59,(anonymous_0)
FN:73,(anonymous_1)
FN:79,(anonymous_2)
FN:85,(anonymous_3)
FN:91,(anonymous_4)
FN:96,(anonymous_5)
FN:102,(anonymous_6)
FN:117,(anonymous_7)
FN:123,(anonymous_8)
FN:129,(anonymous_9)
FN:135,(anonymous_10)
FN:141,(anonymous_11)
FN:148,(anonymous_12)
FN:154,(anonymous_13)
FN:175,(anonymous_14)
FN:180,(anonymous_15)
FN:190,(anonymous_16)
FN:195,(anonymous_17)
FN:195,(anonymous_18)
FN:205,(anonymous_19)
FN:210,(anonymous_20)
FN:210,(anonymous_21)
FN:233,(anonymous_22)
FN:238,(anonymous_23)
FNF:24
FNH:24
FNDA:10,(anonymous_0)
FNDA:3,(anonymous_1)
FNDA:8,(anonymous_2)
FNDA:6,(anonymous_3)
FNDA:7,(anonymous_4)
FNDA:1,(anonymous_5)
FNDA:24,(anonymous_6)
FNDA:2,(anonymous_7)
FNDA:1,(anonymous_8)
FNDA:1,(anonymous_9)
FNDA:1,(anonymous_10)
FNDA:1,(anonymous_11)
FNDA:76,(anonymous_12)
FNDA:22,(anonymous_13)
FNDA:5,(anonymous_14)
FNDA:2,(anonymous_15)
FNDA:4,(anonymous_16)
FNDA:2,(anonymous_17)
FNDA:2,(anonymous_18)
FNDA:4,(anonymous_19)
FNDA:2,(anonymous_20)
FNDA:2,(anonymous_21)
FNDA:32,(anonymous_22)
FNDA:12,(anonymous_23)
DA:57,9
DA:60,10
DA:62,10
DA:63,10
DA:64,10
DA:65,10
DA:66,10
DA:68,10
DA:69,5
DA:74,3
DA:75,1
DA:80,8
DA:81,3
DA:86,6
DA:87,3
DA:92,7
DA:97,1
DA:98,1
DA:103,24
DA:104,24
DA:106,24
DA:107,24
DA:108,24
DA:109,24
DA:110,24
DA:112,24
DA:113,18
DA:118,2
DA:119,2
DA:124,1
DA:125,1
DA:130,1
DA:131,1
DA:136,1
DA:137,1
DA:142,1
DA:143,1
DA:148,9
DA:149,76
DA:150,76
DA:151,76
DA:152,76
DA:154,76
DA:155,22
DA:157,22
DA:158,22
DA:159,22
DA:160,22
DA:161,22
DA:162,22
DA:163,16
DA:165,6
DA:168,6
DA:171,22
DA:175,76
DA:176,5
DA:177,5
DA:178,5
DA:179,5
DA:180,2
DA:181,2
DA:183,3
DA:184,3
DA:186,5
DA:190,76
DA:191,4
DA:192,4
DA:193,4
DA:194,4
DA:195,2
DA:196,2
DA:198,2
DA:199,2
DA:201,4
DA:205,76
DA:206,4
DA:207,4
DA:208,4
DA:209,4
DA:210,2
DA:212,2
DA:213,2
DA:215,4
DA:219,76
DA:233,9
DA:234,32
DA:235,32
DA:236,32
DA:238,32
DA:239,12
DA:240,12
DA:241,12
DA:242,12
DA:243,8
DA:245,4
DA:247,12
DA:251,32
LF:97
LH:97
BRDA:62,0,0,1
BRDA:62,0,1,9
BRDA:63,1,0,1
BRDA:63,1,1,9
BRDA:64,2,0,0
BRDA:64,2,1,10
BRDA:65,3,0,1
BRDA:65,3,1,9
BRDA:66,4,0,3
BRDA:66,4,1,7
BRDA:106,5,0,2
BRDA:106,5,1,22
BRDA:107,6,0,1
BRDA:107,6,1,23
BRDA:108,7,0,0
BRDA:108,7,1,24
BRDA:109,8,0,0
BRDA:109,8,1,24
BRDA:110,9,0,0
BRDA:110,9,1,24
BRDA:157,10,0,2
BRDA:157,10,1,20
BRDA:165,11,0,0
BRDA:165,11,1,6
BRDA:165,12,0,6
BRDA:165,12,1,6
BRDA:168,13,0,6
BRDA:168,13,1,0
BRDA:183,14,0,3
BRDA:183,14,1,0
BRDA:195,15,0,2
BRDA:195,15,1,0
BRDA:198,16,0,2
BRDA:198,16,1,0
BRDA:212,17,0,2
BRDA:212,17,1,0
BRDA:245,18,0,3
BRDA:245,18,1,1
BRF:38
BRH:28
end_of_record
TN:
SF:src\api\risks.ts
FN:17,(anonymous_0)
FN:45,(anonymous_1)
FN:51,(anonymous_2)
FN:57,(anonymous_3)
FN:63,(anonymous_4)
FN:68,(anonymous_5)
FN:74,(anonymous_6)
FN:80,(anonymous_7)
FN:86,(anonymous_8)
FN:92,(anonymous_9)
FN:99,(anonymous_10)
FN:104,(anonymous_11)
FN:123,(anonymous_12)
FN:128,(anonymous_13)
FN:138,(anonymous_14)
FN:143,(anonymous_15)
FN:143,(anonymous_16)
FN:153,(anonymous_17)
FN:158,(anonymous_18)
FN:158,(anonymous_19)
FN:167,(anonymous_20)
FN:172,(anonymous_21)
FN:182,(anonymous_22)
FN:187,(anonymous_23)
FN:187,(anonymous_24)
FN:197,(anonymous_25)
FN:202,(anonymous_26)
FN:202,(anonymous_27)
FN:227,(anonymous_28)
FN:232,(anonymous_29)
FN:245,(anonymous_30)
FN:270,(anonymous_31)
FN:275,(anonymous_32)
FNF:33
FNH:0
FNDA:0,(anonymous_0)
FNDA:0,(anonymous_1)
FNDA:0,(anonymous_2)
FNDA:0,(anonymous_3)
FNDA:0,(anonymous_4)
FNDA:0,(anonymous_5)
FNDA:0,(anonymous_6)
FNDA:0,(anonymous_7)
FNDA:0,(anonymous_8)
FNDA:0,(anonymous_9)
FNDA:0,(anonymous_10)
FNDA:0,(anonymous_11)
FNDA:0,(anonymous_12)
FNDA:0,(anonymous_13)
FNDA:0,(anonymous_14)
FNDA:0,(anonymous_15)
FNDA:0,(anonymous_16)
FNDA:0,(anonymous_17)
FNDA:0,(anonymous_18)
FNDA:0,(anonymous_19)
FNDA:0,(anonymous_20)
FNDA:0,(anonymous_21)
FNDA:0,(anonymous_22)
FNDA:0,(anonymous_23)
FNDA:0,(anonymous_24)
FNDA:0,(anonymous_25)
FNDA:0,(anonymous_26)
FNDA:0,(anonymous_27)
FNDA:0,(anonymous_28)
FNDA:0,(anonymous_29)
FNDA:0,(anonymous_30)
FNDA:0,(anonymous_31)
FNDA:0,(anonymous_32)
DA:15,3
DA:25,0
DA:26,0
DA:27,0
DA:28,0
DA:30,0
DA:31,0
DA:33,0
DA:34,0
DA:36,0
DA:37,0
DA:40,0
DA:41,0
DA:46,0
DA:47,0
DA:52,0
DA:53,0
DA:58,0
DA:59,0
DA:64,0
DA:69,0
DA:70,0
DA:75,0
DA:76,0
DA:81,0
DA:82,0
DA:87,0
DA:88,0
DA:93,0
DA:94,0
DA:99,3
DA:100,0
DA:101,0
DA:102,0
DA:104,0
DA:111,0
DA:112,0
DA:113,0
DA:114,0
DA:115,0
DA:117,0
DA:119,0
DA:123,0
DA:124,0
DA:125,0
DA:126,0
DA:127,0
DA:128,0
DA:129,0
DA:131,0
DA:132,0
DA:134,0
DA:138,0
DA:139,0
DA:140,0
DA:141,0
DA:142,0
DA:143,0
DA:144,0
DA:146,0
DA:147,0
DA:149,0
DA:153,0
DA:154,0
DA:155,0
DA:156,0
DA:157,0
DA:158,0
DA:160,0
DA:161,0
DA:163,0
DA:167,0
DA:168,0
DA:169,0
DA:170,0
DA:171,0
DA:172,0
DA:173,0
DA:175,0
DA:176,0
DA:178,0
DA:182,0
DA:183,0
DA:184,0
DA:185,0
DA:186,0
DA:187,0
DA:188,0
DA:190,0
DA:191,0
DA:193,0
DA:197,0
DA:198,0
DA:199,0
DA:200,0
DA:201,0
DA:202,0
DA:203,0
DA:205,0
DA:206,0
DA:208,0
DA:212,0
DA:227,3
DA:228,0
DA:229,0
DA:230,0
DA:232,0
DA:233,0
DA:234,0
DA:235,0
DA:236,0
DA:237,0
DA:239,0
DA:241,0
DA:245,0
DA:246,0
DA:247,0
DA:248,0
DA:249,0
DA:250,0
DA:251,0
DA:253,0
DA:254,0
DA:256,0
DA:260,0
DA:270,3
DA:271,0
DA:272,0
DA:273,0
DA:275,0
DA:276,0
DA:277,0
DA:278,0
DA:279,0
DA:280,0
DA:282,0
DA:284,0
DA:288,0
LF:138
LH:4
BRDA:19,0,0,0
BRDA:20,1,0,0
BRDA:30,2,0,0
BRDA:30,2,1,0
BRDA:33,3,0,0
BRDA:33,3,1,0
BRDA:36,4,0,0
BRDA:36,4,1,0
BRDA:105,5,0,0
BRDA:106,6,0,0
BRDA:117,7,0,0
BRDA:117,7,1,0
BRDA:131,8,0,0
BRDA:131,8,1,0
BRDA:143,9,0,0
BRDA:143,9,1,0
BRDA:146,10,0,0
BRDA:146,10,1,0
BRDA:160,11,0,0
BRDA:160,11,1,0
BRDA:175,12,0,0
BRDA:175,12,1,0
BRDA:187,13,0,0
BRDA:187,13,1,0
BRDA:190,14,0,0
BRDA:190,14,1,0
BRDA:202,15,0,0
BRDA:202,15,1,0
BRDA:205,16,0,0
BRDA:205,16,1,0
BRDA:239,17,0,0
BRDA:239,17,1,0
BRDA:253,18,0,0
BRDA:253,18,1,0
BRDA:282,19,0,0
BRDA:282,19,1,0
BRF:36
BRH:0
end_of_record
TN:
SF:src\api\teamMembers.ts
FN:15,(anonymous_0)
FN:35,(anonymous_1)
FN:41,(anonymous_2)
FN:47,(anonymous_3)
FN:53,(anonymous_4)
FN:58,(anonymous_5)
FN:64,(anonymous_6)
FN:70,(anonymous_7)
FN:77,(anonymous_8)
FN:82,(anonymous_9)
FN:95,(anonymous_10)
FN:100,(anonymous_11)
FN:110,(anonymous_12)
FN:115,(anonymous_13)
FN:115,(anonymous_14)
FN:125,(anonymous_15)
FN:130,(anonymous_16)
FN:130,(anonymous_17)
FN:139,(anonymous_18)
FN:144,(anonymous_19)
FN:154,(anonymous_20)
FN:159,(anonymous_21)
FN:159,(anonymous_22)
FN:183,(anonymous_23)
FN:188,(anonymous_24)
FN:201,(anonymous_25)
FNF:26
FNH:0
FNDA:0,(anonymous_0)
FNDA:0,(anonymous_1)
FNDA:0,(anonymous_2)
FNDA:0,(anonymous_3)
FNDA:0,(anonymous_4)
FNDA:0,(anonymous_5)
FNDA:0,(anonymous_6)
FNDA:0,(anonymous_7)
FNDA:0,(anonymous_8)
FNDA:0,(anonymous_9)
FNDA:0,(anonymous_10)
FNDA:0,(anonymous_11)
FNDA:0,(anonymous_12)
FNDA:0,(anonymous_13)
FNDA:0,(anonymous_14)
FNDA:0,(anonymous_15)
FNDA:0,(anonymous_16)
FNDA:0,(anonymous_17)
FNDA:0,(anonymous_18)
FNDA:0,(anonymous_19)
FNDA:0,(anonymous_20)
FNDA:0,(anonymous_21)
FNDA:0,(anonymous_22)
FNDA:0,(anonymous_23)
FNDA:0,(anonymous_24)
FNDA:0,(anonymous_25)
DA:13,1
DA:21,0
DA:22,0
DA:23,0
DA:24,0
DA:26,0
DA:27,0
DA:30,0
DA:31,0
DA:36,0
DA:37,0
DA:42,0
DA:43,0
DA:48,0
DA:49,0
DA:54,0
DA:59,0
DA:60,0
DA:65,0
DA:66,0
DA:71,0
DA:72,0
DA:77,1
DA:78,0
DA:79,0
DA:80,0
DA:82,0
DA:83,0
DA:84,0
DA:85,0
DA:86,0
DA:87,0
DA:89,0
DA:91,0
DA:95,0
DA:96,0
DA:97,0
DA:98,0
DA:99,0
DA:100,0
DA:101,0
DA:103,0
DA:104,0
DA:106,0
DA:110,0
DA:111,0
DA:112,0
DA:113,0
DA:114,0
DA:115,0
DA:116,0
DA:118,0
DA:119,0
DA:121,0
DA:125,0
DA:126,0
DA:127,0
DA:128,0
DA:129,0
DA:130,0
DA:132,0
DA:133,0
DA:135,0
DA:139,0
DA:140,0
DA:141,0
DA:142,0
DA:143,0
DA:144,0
DA:145,0
DA:147,0
DA:148,0
DA:150,0
DA:154,0
DA:155,0
DA:156,0
DA:157,0
DA:158,0
DA:159,0
DA:160,0
DA:162,0
DA:163,0
DA:165,0
DA:169,0
DA:183,1
DA:184,0
DA:185,0
DA:186,0
DA:188,0
DA:189,0
DA:190,0
DA:191,0
DA:192,0
DA:193,0
DA:195,0
DA:197,0
DA:201,0
DA:202,0
DA:203,0
DA:204,0
DA:205,0
DA:206,0
DA:207,0
DA:209,0
DA:210,0
DA:212,0
DA:216,0
LF:107
LH:3
BRDA:17,0,0,0
BRDA:18,1,0,0
BRDA:26,2,0,0
BRDA:26,2,1,0
BRDA:82,3,0,0
BRDA:82,4,0,0
BRDA:89,5,0,0
BRDA:89,5,1,0
BRDA:103,6,0,0
BRDA:103,6,1,0
BRDA:115,7,0,0
BRDA:115,7,1,0
BRDA:118,8,0,0
BRDA:118,8,1,0
BRDA:132,9,0,0
BRDA:132,9,1,0
BRDA:147,10,0,0
BRDA:147,10,1,0
BRDA:159,11,0,0
BRDA:159,11,1,0
BRDA:162,12,0,0
BRDA:162,12,1,0
BRDA:195,13,0,0
BRDA:195,13,1,0
BRDA:209,14,0,0
BRDA:209,14,1,0
BRF:26
BRH:0
end_of_record
TN:
SF:src\components\ActionItems.jsx
FN:4,ActionItems
FN:8,(anonymous_1)
FN:12,(anonymous_2)
FN:13,(anonymous_3)
FN:18,(anonymous_4)
FN:23,(anonymous_5)
FN:26,(anonymous_6)
FN:30,(anonymous_7)
FN:35,(anonymous_8)
FN:47,(anonymous_9)
FN:56,(anonymous_10)
FNF:11
FNH:10
FNDA:15,ActionItems
FNDA:1,(anonymous_1)
FNDA:1,(anonymous_2)
FNDA:0,(anonymous_3)
FNDA:10,(anonymous_4)
FNDA:8,(anonymous_5)
FNDA:2,(anonymous_6)
FNDA:10,(anonymous_7)
FNDA:2,(anonymous_8)
FNDA:1,(anonymous_9)
FNDA:6,(anonymous_10)
DA:5,15
DA:6,15
DA:8,15
DA:9,1
DA:10,1
DA:12,1
DA:14,0
DA:18,15
DA:19,10
DA:20,10
DA:21,10
DA:24,8
DA:27,2
DA:30,10
DA:31,10
DA:35,15
DA:36,2
DA:37,2
DA:38,1
DA:39,1
DA:40,1
DA:43,15
DA:47,1
DA:57,6
LF:24
LH:23
BRDA:9,0,0,0
BRDA:9,0,1,1
BRDA:20,1,0,1
BRDA:20,1,1,9
BRDA:24,2,0,7
BRDA:24,2,1,1
BRDA:27,3,0,2
BRDA:27,3,1,0
BRDA:37,4,0,1
BRDA:37,4,1,1
BRF:10
BRH:8
end_of_record
TN:
SF:src\components\Checklist.jsx
FN:4,Checklist
FN:11,(anonymous_1)
FN:19,(anonymous_2)
FN:38,(anonymous_3)
FN:44,(anonymous_4)
FN:51,(anonymous_5)
FN:59,(anonymous_6)
FN:62,(anonymous_7)
FN:65,(anonymous_8)
FN:81,(anonymous_9)
FN:86,(anonymous_10)
FN:90,(anonymous_11)
FN:93,(anonymous_12)
FN:95,(anonymous_13)
FNF:14
FNH:14
FNDA:51,Checklist
FNDA:21,(anonymous_1)
FNDA:9,(anonymous_2)
FNDA:18,(anonymous_3)
FNDA:3,(anonymous_4)
FNDA:3,(anonymous_5)
FNDA:1,(anonymous_6)
FNDA:1,(anonymous_7)
FNDA:1,(anonymous_8)
FNDA:1,(anonymous_9)
FNDA:11,(anonymous_10)
FNDA:3,(anonymous_11)
FNDA:2,(anonymous_12)
FNDA:1,(anonymous_13)
DA:5,51
DA:6,51
DA:7,51
DA:8,51
DA:9,51
DA:11,51
DA:12,21
DA:13,21
DA:14,21
DA:15,21
DA:16,20
DA:18,20
DA:20,9
DA:21,9
DA:22,9
DA:24,1
DA:28,20
DA:29,20
DA:31,1
DA:32,1
DA:34,21
DA:38,51
DA:39,18
DA:40,18
DA:44,51
DA:45,3
DA:46,1
DA:47,1
DA:48,1
DA:51,51
DA:52,3
DA:53,3
DA:54,2
DA:55,2
DA:56,2
DA:59,51
DA:60,1
DA:62,1
DA:63,1
DA:64,1
DA:65,1
DA:67,1
DA:71,51
DA:72,18
DA:74,33
DA:75,1
DA:78,32
DA:81,1
DA:87,11
DA:90,3
DA:94,2
DA:95,1
LF:52
LH:52
BRDA:31,0,0,1
BRDA:31,0,1,0
BRDA:39,1,0,18
BRDA:39,1,1,0
BRDA:45,2,0,2
BRDA:45,2,1,1
BRDA:53,3,0,1
BRDA:53,3,1,2
BRDA:54,4,0,1
BRDA:54,4,1,1
BRDA:65,5,0,1
BRDA:65,5,1,0
BRDA:71,6,0,18
BRDA:71,6,1,33
BRDA:74,7,0,1
BRDA:74,7,1,32
BRDA:93,8,0,11
BRDA:93,8,1,0
BRDA:96,9,0,1
BRDA:96,9,1,1
BRDA:100,10,0,11
BRDA:100,10,1,11
BRDA:100,10,2,9
BRDA:106,11,0,32
BRDA:106,11,1,22
BRF:25
BRH:21
end_of_record
TN:
SF:src\components\DarkModeToggle.tsx
FN:3,(anonymous_0)
FN:6,(anonymous_1)
FN:17,(anonymous_2)
FNF:3
FNH:0
FNDA:0,(anonymous_0)
FNDA:0,(anonymous_1)
FNDA:0,(anonymous_2)
DA:3,0
DA:4,0
DA:6,0
DA:8,0
DA:9,0
DA:11,0
DA:12,0
DA:13,0
DA:17,0
DA:18,0
DA:19,0
DA:21,0
DA:22,0
DA:23,0
DA:25,0
DA:26,0
DA:30,0
LF:17
LH:0
BRDA:11,0,0,0
BRDA:11,0,1,0
BRDA:11,1,0,0
BRDA:11,1,1,0
BRDA:11,1,2,0
BRDA:21,2,0,0
BRDA:21,2,1,0
BRDA:36,3,0,0
BRDA:36,3,1,0
BRF:9
BRH:0
end_of_record
TN:
SF:src\components\PortfolioManager.tsx
FN:9,(anonymous_0)
FN:19,(anonymous_1)
FN:23,(anonymous_2)
FN:34,(anonymous_3)
FN:52,(anonymous_4)
FN:62,(anonymous_5)
FN:71,(anonymous_6)
FN:89,(anonymous_7)
FN:103,(anonymous_8)
FN:124,(anonymous_9)
FN:136,(anonymous_10)
FN:147,(anonymous_11)
FN:164,(anonymous_12)
FN:186,(anonymous_13)
FN:212,(anonymous_14)
FN:218,(anonymous_15)
FN:224,(anonymous_16)
FNF:17
FNH:0
FNDA:0,(anonymous_0)
FNDA:0,(anonymous_1)
FNDA:0,(anonymous_2)
FNDA:0,(anonymous_3)
FNDA:0,(anonymous_4)
FNDA:0,(anonymous_5)
FNDA:0,(anonymous_6)
FNDA:0,(anonymous_7)
FNDA:0,(anonymous_8)
FNDA:0,(anonymous_9)
FNDA:0,(anonymous_10)
FNDA:0,(anonymous_11)
FNDA:0,(anonymous_12)
FNDA:0,(anonymous_13)
FNDA:0,(anonymous_14)
FNDA:0,(anonymous_15)
FNDA:0,(anonymous_16)
DA:9,0
DA:10,0
DA:11,0
DA:12,0
DA:13,0
DA:19,0
DA:20,0
DA:23,0
DA:24,0
DA:25,0
DA:26,0
DA:27,0
DA:28,0
DA:30,0
DA:34,0
DA:35,0
DA:36,0
DA:38,0
DA:39,0
DA:44,0
DA:45,0
DA:46,0
DA:48,0
DA:52,0
DA:53,0
DA:54,0
DA:55,0
DA:57,0
DA:62,0
DA:63,0
DA:64,0
DA:71,0
DA:72,0
DA:73,0
DA:76,0
DA:77,0
DA:84,0
DA:85,0
DA:89,0
DA:98,0
DA:103,0
DA:124,0
DA:136,0
DA:147,0
DA:164,0
DA:187,0
DA:212,0
DA:218,0
DA:224,0
LF:49
LH:0
BRDA:36,0,0,0
BRDA:36,0,1,0
BRDA:53,1,0,0
BRDA:53,1,1,0
BRDA:66,2,0,0
BRDA:66,2,1,0
BRDA:76,3,0,0
BRDA:76,3,1,0
BRDA:84,4,0,0
BRDA:84,4,1,0
BRDA:111,5,0,0
BRDA:111,5,1,0
BRDA:111,5,2,0
BRDA:114,6,0,0
BRDA:114,6,1,0
BRDA:116,7,0,0
BRDA:116,7,1,0
BRDA:160,8,0,0
BRDA:160,8,1,0
BRDA:164,9,0,0
BRDA:164,9,1,0
BRDA:180,10,0,0
BRDA:180,10,1,0
BRDA:193,11,0,0
BRDA:193,11,1,0
BRDA:197,12,0,0
BRDA:197,12,1,0
BRDA:200,13,0,0
BRDA:200,13,1,0
BRF:29
BRH:0
end_of_record
TN:
SF:src\components\ProtectedRoute.tsx
FN:7,ProtectedRoute
FNF:1
FNH:0
FNDA:0,ProtectedRoute
DA:8,0
DA:9,0
DA:11,0
DA:12,0
DA:15,0
DA:16,0
DA:19,0
LF:7
LH:0
BRDA:11,0,0,0
BRDA:11,0,1,0
BRDA:15,1,0,0
BRDA:15,1,1,0
BRF:4
BRH:0
end_of_record
TN:
SF:src\components\RiskManager.tsx
FN:9,(anonymous_0)
FN:25,(anonymous_1)
FN:30,(anonymous_2)
FN:50,(anonymous_3)
FN:81,(anonymous_4)
FN:91,(anonymous_5)
FN:105,(anonymous_6)
FN:119,(anonymous_7)
FN:127,(anonymous_8)
FN:150,(anonymous_9)
FN:164,(anonymous_10)
FN:207,(anonymous_11)
FN:219,(anonymous_12)
FN:238,(anonymous_13)
FN:252,(anonymous_14)
FN:272,(anonymous_15)
FN:288,(anonymous_16)
FN:301,(anonymous_17)
FN:316,(anonymous_18)
FN:338,(anonymous_19)
FN:367,(anonymous_20)
FN:373,(anonymous_21)
FNF:22
FNH:0
FNDA:0,(anonymous_0)
FNDA:0,(anonymous_1)
FNDA:0,(anonymous_2)
FNDA:0,(anonymous_3)
FNDA:0,(anonymous_4)
FNDA:0,(anonymous_5)
FNDA:0,(anonymous_6)
FNDA:0,(anonymous_7)
FNDA:0,(anonymous_8)
FNDA:0,(anonymous_9)
FNDA:0,(anonymous_10)
FNDA:0,(anonymous_11)
FNDA:0,(anonymous_12)
FNDA:0,(anonymous_13)
FNDA:0,(anonymous_14)
FNDA:0,(anonymous_15)
FNDA:0,(anonymous_16)
FNDA:0,(anonymous_17)
FNDA:0,(anonymous_18)
FNDA:0,(anonymous_19)
FNDA:0,(anonymous_20)
FNDA:0,(anonymous_21)
DA:9,0
DA:10,0
DA:11,0
DA:12,0
DA:13,0
DA:14,0
DA:25,0
DA:26,0
DA:27,0
DA:30,0
DA:31,0
DA:32,0
DA:33,0
DA:34,0
DA:44,0
DA:46,0
DA:50,0
DA:51,0
DA:52,0
DA:54,0
DA:55,0
DA:64,0
DA:65,0
DA:66,0
DA:77,0
DA:81,0
DA:82,0
DA:83,0
DA:84,0
DA:86,0
DA:91,0
DA:92,0
DA:93,0
DA:105,0
DA:106,0
DA:107,0
DA:119,0
DA:120,0
DA:121,0
DA:122,0
DA:123,0
DA:124,0
DA:127,0
DA:128,0
DA:129,0
DA:130,0
DA:131,0
DA:132,0
DA:133,0
DA:137,0
DA:138,0
DA:145,0
DA:146,0
DA:150,0
DA:159,0
DA:164,0
DA:207,0
DA:219,0
DA:238,0
DA:252,0
DA:272,0
DA:288,0
DA:301,0
DA:316,0
DA:339,0
DA:340,0
DA:367,0
DA:373,0
LF:68
LH:0
BRDA:52,0,0,0
BRDA:52,0,1,0
BRDA:82,1,0,0
BRDA:82,1,1,0
BRDA:101,2,0,0
BRDA:101,2,1,0
BRDA:121,3,0,0
BRDA:121,3,1,0
BRDA:122,4,0,0
BRDA:122,4,1,0
BRDA:123,5,0,0
BRDA:123,5,1,0
BRDA:128,6,0,0
BRDA:128,6,1,0
BRDA:128,6,2,0
BRDA:128,6,3,0
BRDA:128,6,4,0
BRDA:137,7,0,0
BRDA:137,7,1,0
BRDA:145,8,0,0
BRDA:145,8,1,0
BRDA:172,9,0,0
BRDA:172,9,1,0
BRDA:193,10,0,0
BRDA:193,10,1,0
BRDA:193,10,2,0
BRDA:196,11,0,0
BRDA:196,11,1,0
BRDA:198,12,0,0
BRDA:198,12,1,0
BRDA:312,13,0,0
BRDA:312,13,1,0
BRDA:316,14,0,0
BRDA:316,14,1,0
BRDA:332,15,0,0
BRDA:332,15,1,0
BRF:36
BRH:0
end_of_record
TN:
SF:src\components\TeamManager.tsx
FN:9,(anonymous_0)
FN:21,(anonymous_1)
FN:25,(anonymous_2)
FN:42,(anonymous_3)
FN:67,(anonymous_4)
FN:77,(anonymous_5)
FN:85,(anonymous_6)
FN:96,(anonymous_7)
FN:107,(anonymous_8)
FN:119,(anonymous_9)
FN:144,(anonymous_10)
FN:158,(anonymous_11)
FN:180,(anonymous_12)
FN:193,(anonymous_13)
FN:206,(anonymous_14)
FN:223,(anonymous_15)
FN:240,(anonymous_16)
FN:262,(anonymous_17)
FN:287,(anonymous_18)
FN:297,(anonymous_19)
FN:303,(anonymous_20)
FNF:21
FNH:0
FNDA:0,(anonymous_0)
FNDA:0,(anonymous_1)
FNDA:0,(anonymous_2)
FNDA:0,(anonymous_3)
FNDA:0,(anonymous_4)
FNDA:0,(anonymous_5)
FNDA:0,(anonymous_6)
FNDA:0,(anonymous_7)
FNDA:0,(anonymous_8)
FNDA:0,(anonymous_9)
FNDA:0,(anonymous_10)
FNDA:0,(anonymous_11)
FNDA:0,(anonymous_12)
FNDA:0,(anonymous_13)
FNDA:0,(anonymous_14)
FNDA:0,(anonymous_15)
FNDA:0,(anonymous_16)
FNDA:0,(anonymous_17)
FNDA:0,(anonymous_18)
FNDA:0,(anonymous_19)
FNDA:0,(anonymous_20)
DA:9,0
DA:10,0
DA:11,0
DA:12,0
DA:13,0
DA:21,0
DA:22,0
DA:25,0
DA:26,0
DA:27,0
DA:28,0
DA:29,0
DA:36,0
DA:38,0
DA:42,0
DA:43,0
DA:44,0
DA:46,0
DA:47,0
DA:53,0
DA:54,0
DA:55,0
DA:63,0
DA:67,0
DA:68,0
DA:69,0
DA:70,0
DA:72,0
DA:77,0
DA:78,0
DA:79,0
DA:81,0
DA:85,0
DA:86,0
DA:87,0
DA:96,0
DA:97,0
DA:98,0
DA:107,0
DA:108,0
DA:109,0
DA:110,0
DA:111,0
DA:112,0
DA:113,0
DA:114,0
DA:115,0
DA:119,0
DA:120,0
DA:121,0
DA:122,0
DA:123,0
DA:124,0
DA:125,0
DA:126,0
DA:127,0
DA:131,0
DA:132,0
DA:139,0
DA:140,0
DA:144,0
DA:153,0
DA:158,0
DA:180,0
DA:193,0
DA:206,0
DA:223,0
DA:240,0
DA:263,0
DA:287,0
DA:297,0
DA:303,0
LF:72
LH:0
BRDA:44,0,0,0
BRDA:44,0,1,0
BRDA:68,1,0,0
BRDA:68,1,1,0
BRDA:108,2,0,0
BRDA:108,2,1,0
BRDA:108,2,2,0
BRDA:108,2,3,0
BRDA:108,2,4,0
BRDA:108,2,5,0
BRDA:108,2,6,0
BRDA:120,3,0,0
BRDA:120,3,1,0
BRDA:120,3,2,0
BRDA:120,3,3,0
BRDA:120,3,4,0
BRDA:120,3,5,0
BRDA:120,3,6,0
BRDA:131,4,0,0
BRDA:131,4,1,0
BRDA:139,5,0,0
BRDA:139,5,1,0
BRDA:166,6,0,0
BRDA:166,6,1,0
BRDA:166,6,2,0
BRDA:169,7,0,0
BRDA:169,7,1,0
BRDA:171,8,0,0
BRDA:171,8,1,0
BRDA:236,9,0,0
BRDA:236,9,1,0
BRDA:240,10,0,0
BRDA:240,10,1,0
BRDA:256,11,0,0
BRDA:256,11,1,0
BRDA:272,12,0,0
BRDA:272,12,1,0
BRDA:276,13,0,0
BRDA:276,13,1,0
BRDA:289,14,0,0
BRDA:289,14,1,0
BRDA:294,15,0,0
BRDA:294,15,1,0
BRF:43
BRH:0
end_of_record
TN:
SF:src\components\index.ts
FNF:0
FNH:0
LF:0
LH:0
BRF:0
BRH:0
end_of_record
TN:
SF:src\components\dashboard\PortfolioOverview.tsx
FN:5,(anonymous_0)
FN:23,(anonymous_1)
FN:27,(anonymous_2)
FN:36,(anonymous_3)
FN:125,(anonymous_4)
FN:140,(anonymous_5)
FN:195,(anonymous_6)
FN:237,(anonymous_7)
FN:248,(anonymous_8)
FNF:9
FNH:9
FNDA:20,(anonymous_0)
FNDA:6,(anonymous_1)
FNDA:7,(anonymous_2)
FNDA:13,(anonymous_3)
FNDA:11,(anonymous_4)
FNDA:6,(anonymous_5)
FNDA:6,(anonymous_6)
FNDA:17,(anonymous_7)
FNDA:17,(anonymous_8)
DA:5,3
DA:11,20
DA:18,20
DA:20,20
DA:21,20
DA:23,20
DA:24,6
DA:27,20
DA:29,7
DA:36,20
DA:37,13
DA:38,13
DA:39,6
DA:40,6
DA:41,6
DA:42,6
DA:44,13
DA:47,20
DA:48,7
DA:55,13
DA:56,1
DA:81,12
DA:126,11
DA:141,6
DA:142,6
DA:196,6
DA:237,3
DA:238,17
DA:239,7
DA:240,5
DA:241,1
DA:242,1
DA:243,2
DA:244,1
DA:248,3
DA:249,17
DA:250,7
DA:251,5
DA:252,1
DA:253,1
DA:254,2
DA:255,1
LF:42
LH:42
BRDA:20,0,0,20
BRDA:20,0,1,13
BRDA:21,1,0,20
BRDA:21,1,1,20
BRDA:39,2,0,6
BRDA:39,2,1,6
BRDA:47,3,0,7
BRDA:47,3,1,13
BRDA:55,4,0,1
BRDA:55,4,1,12
BRDA:125,5,0,12
BRDA:125,5,1,6
BRDA:140,6,0,12
BRDA:140,6,1,6
BRDA:141,7,0,6
BRDA:141,7,1,0
BRDA:210,8,0,6
BRDA:210,8,1,6
BRDA:216,9,0,5
BRDA:216,9,1,1
BRDA:222,10,0,6
BRDA:222,10,1,1
BRDA:225,11,0,6
BRDA:225,11,1,1
BRDA:238,12,0,7
BRDA:238,12,1,5
BRDA:238,12,2,1
BRDA:238,12,3,1
BRDA:238,12,4,2
BRDA:238,12,5,1
BRDA:249,13,0,7
BRDA:249,13,1,5
BRDA:249,13,2,1
BRDA:249,13,3,1
BRDA:249,13,4,2
BRDA:249,13,5,1
BRF:36
BRH:35
end_of_record
TN:
SF:src\pages\Hub.tsx
FN:6,Hub
FN:12,(anonymous_1)
FN:17,(anonymous_2)
FN:24,(anonymous_3)
FN:30,(anonymous_4)
FN:33,(anonymous_5)
FN:36,(anonymous_6)
FN:50,(anonymous_7)
FN:54,(anonymous_8)
FNF:9
FNH:0
FNDA:0,Hub
FNDA:0,(anonymous_1)
FNDA:0,(anonymous_2)
FNDA:0,(anonymous_3)
FNDA:0,(anonymous_4)
FNDA:0,(anonymous_5)
FNDA:0,(anonymous_6)
FNDA:0,(anonymous_7)
FNDA:0,(anonymous_8)
DA:7,0
DA:8,0
DA:9,0
DA:10,0
DA:12,0
DA:13,0
DA:17,0
DA:18,0
DA:19,0
DA:20,0
DA:21,0
DA:22,0
DA:23,0
DA:24,0
DA:26,0
DA:30,0
DA:31,0
DA:33,0
DA:34,0
DA:36,0
DA:37,0
DA:40,0
DA:50,0
DA:55,0
LF:24
LH:0
BRDA:19,0,0,0
BRDA:19,0,1,0
BRDA:20,1,0,0
BRDA:20,1,1,0
BRDA:22,2,0,0
BRDA:22,2,1,0
BRDA:23,3,0,0
BRDA:23,3,1,0
BRDA:43,4,0,0
BRDA:43,4,1,0
BRDA:55,5,0,0
BRDA:55,5,1,0
BRDA:55,5,2,0
BRF:13
BRH:0
end_of_record
TN:
SF:src\pages\Importer.tsx
FN:20,Importer
FN:26,(anonymous_1)
FN:34,(anonymous_2)
FN:50,(anonymous_3)
FN:55,(anonymous_4)
FN:61,(anonymous_5)
FN:65,(anonymous_6)
FN:67,(anonymous_7)
FN:68,(anonymous_8)
FN:71,(anonymous_9)
FN:140,(anonymous_10)
FN:152,(anonymous_11)
FN:162,(anonymous_12)
FN:177,(anonymous_13)
FN:183,(anonymous_14)
FN:185,(anonymous_15)
FNF:16
FNH:0
FNDA:0,Importer
FNDA:0,(anonymous_1)
FNDA:0,(anonymous_2)
FNDA:0,(anonymous_3)
FNDA:0,(anonymous_4)
FNDA:0,(anonymous_5)
FNDA:0,(anonymous_6)
FNDA:0,(anonymous_7)
FNDA:0,(anonymous_8)
FNDA:0,(anonymous_9)
FNDA:0,(anonymous_10)
FNDA:0,(anonymous_11)
FNDA:0,(anonymous_12)
FNDA:0,(anonymous_13)
FNDA:0,(anonymous_14)
FNDA:0,(anonymous_15)
DA:9,0
DA:21,0
DA:22,0
DA:23,0
DA:24,0
DA:26,0
DA:27,0
DA:28,0
DA:29,0
DA:30,0
DA:31,0
DA:33,0
DA:34,0
DA:35,0
DA:36,0
DA:37,0
DA:38,0
DA:41,0
DA:42,0
DA:44,0
DA:46,0
DA:50,0
DA:51,0
DA:52,0
DA:55,0
DA:56,0
DA:57,0
DA:58,0
DA:61,0
DA:62,0
DA:65,0
DA:66,0
DA:67,0
DA:68,0
DA:71,0
DA:72,0
DA:73,0
DA:74,0
DA:79,0
DA:80,0
DA:82,0
DA:86,0
DA:141,0
DA:153,0
DA:163,0
DA:164,0
DA:165,0
DA:166,0
DA:178,0
DA:184,0
DA:186,0
LF:51
LH:0
BRDA:36,0,0,0
BRDA:36,0,1,0
BRDA:44,1,0,0
BRDA:44,1,1,0
BRDA:52,2,0,0
BRDA:52,2,1,0
BRDA:58,3,0,0
BRDA:58,3,1,0
BRDA:66,4,0,0
BRDA:66,4,1,0
BRDA:72,5,0,0
BRDA:72,5,1,0
BRDA:82,6,0,0
BRDA:82,6,1,0
BRDA:112,7,0,0
BRDA:112,7,1,0
BRDA:116,8,0,0
BRDA:116,8,1,0
BRDA:120,9,0,0
BRDA:120,9,1,0
BRDA:148,10,0,0
BRDA:148,10,1,0
BRDA:163,11,0,0
BRDA:163,11,1,0
BRDA:164,12,0,0
BRDA:164,12,1,0
BRDA:171,13,0,0
BRDA:171,13,1,0
BRDA:186,14,0,0
BRDA:186,14,1,0
BRF:30
BRH:0
end_of_record
TN:
SF:src\pages\Login.tsx
FN:5,Login
FN:15,(anonymous_1)
FN:44,(anonymous_2)
FN:55,(anonymous_3)
FNF:4
FNH:0
FNDA:0,Login
FNDA:0,(anonymous_1)
FNDA:0,(anonymous_2)
FNDA:0,(anonymous_3)
DA:6,0
DA:7,0
DA:8,0
DA:9,0
DA:11,0
DA:12,0
DA:13,0
DA:15,0
DA:16,0
DA:17,0
DA:18,0
DA:19,0
DA:20,0
DA:22,0
DA:26,0
DA:32,0
DA:44,0
DA:55,0
LF:18
LH:0
BRDA:9,0,0,0
BRDA:9,0,1,0
BRDA:22,1,0,0
BRDA:22,1,1,0
BRDA:26,2,0,0
BRDA:26,2,1,0
BRDA:26,3,0,0
BRDA:26,3,1,0
BRDA:27,4,0,0
BRDA:27,4,1,0
BRDA:27,5,0,0
BRDA:27,5,1,0
BRDA:29,6,0,0
BRDA:29,6,1,0
BRDA:35,7,0,0
BRDA:35,7,1,0
BRDA:67,8,0,0
BRDA:67,8,1,0
BRF:18
BRH:0
end_of_record
TN:
SF:src\pages\ProjectDetail.jsx
FN:8,ProjectDetail
FN:18,(anonymous_1)
FN:19,(anonymous_2)
FN:38,(anonymous_3)
FN:39,(anonymous_4)
FN:70,(anonymous_5)
FN:104,(anonymous_6)
FN:105,(anonymous_7)
FN:106,(anonymous_8)
FN:129,(anonymous_9)
FNF:10
FNH:7
FNDA:33,ProjectDetail
FNDA:14,(anonymous_1)
FNDA:14,(anonymous_2)
FNDA:18,(anonymous_3)
FNDA:0,(anonymous_4)
FNDA:1,(anonymous_5)
FNDA:1,(anonymous_6)
FNDA:3,(anonymous_7)
FNDA:0,(anonymous_8)
FNDA:0,(anonymous_9)
DA:9,33
DA:10,32
DA:11,32
DA:12,32
DA:13,32
DA:14,32
DA:15,32
DA:16,32
DA:18,32
DA:19,14
DA:20,14
DA:21,14
DA:22,14
DA:23,14
DA:24,10
DA:26,3
DA:27,3
DA:29,13
DA:33,14
DA:34,14
DA:38,32
DA:39,18
DA:40,0
DA:41,0
DA:42,0
DA:43,0
DA:44,0
DA:45,0
DA:47,0
DA:49,0
DA:52,18
DA:53,0
DA:57,32
DA:58,15
DA:65,17
DA:66,3
DA:71,1
DA:72,1
DA:73,1
DA:74,1
DA:75,1
DA:77,0
DA:79,1
DA:90,14
DA:91,1
DA:98,13
DA:104,1
DA:105,3
DA:106,0
DA:130,0
LF:50
LH:38
BRDA:26,0,0,3
BRDA:26,0,1,0
BRDA:33,1,0,14
BRDA:33,1,1,0
BRDA:41,2,0,0
BRDA:41,2,1,0
BRDA:47,3,0,0
BRDA:47,3,1,0
BRDA:52,4,0,0
BRDA:52,4,1,18
BRDA:57,5,0,15
BRDA:57,5,1,17
BRDA:65,6,0,3
BRDA:65,6,1,14
BRDA:77,7,0,0
BRDA:77,7,1,0
BRDA:90,8,0,1
BRDA:90,8,1,13
BRDA:109,9,0,13
BRDA:109,9,1,10
BRDA:112,10,0,13
BRDA:112,10,1,3
BRDA:115,11,0,13
BRDA:115,11,1,0
BRDA:117,12,0,0
BRDA:117,12,1,0
BRDA:122,13,0,0
BRDA:122,13,1,0
BRDA:127,14,0,0
BRDA:127,14,1,0
BRDA:127,14,2,0
BRDA:134,15,0,0
BRDA:134,15,1,0
BRF:33
BRH:14
end_of_record
TN:
SF:src\pages\ProjectManagement.tsx
FN:6,(anonymous_0)
FN:11,(anonymous_1)
FN:17,(anonymous_2)
FN:37,(anonymous_3)
FN:47,(anonymous_4)
FN:57,(anonymous_5)
FNF:6
FNH:0
FNDA:0,(anonymous_0)
FNDA:0,(anonymous_1)
FNDA:0,(anonymous_2)
FNDA:0,(anonymous_3)
FNDA:0,(anonymous_4)
FNDA:0,(anonymous_5)
DA:6,0
DA:7,0
DA:8,0
DA:9,0
DA:11,0
DA:12,0
DA:14,0
DA:17,0
DA:18,0
DA:19,0
DA:22,0
DA:37,0
DA:47,0
DA:57,0
LF:14
LH:0
BRDA:39,0,0,0
BRDA:39,0,1,0
BRDA:49,1,0,0
BRDA:49,1,1,0
BRDA:59,2,0,0
BRDA:59,2,1,0
BRDA:70,3,0,0
BRDA:70,3,1,0
BRDA:70,3,2,0
BRDA:83,4,0,0
BRDA:83,4,1,0
BRDA:86,5,0,0
BRDA:86,5,1,0
BRDA:97,6,0,0
BRDA:97,6,1,0
BRDA:103,7,0,0
BRDA:103,7,1,0
BRDA:105,8,0,0
BRDA:105,8,1,0
BRDA:121,9,0,0
BRDA:121,9,1,0
BRDA:123,10,0,0
BRDA:123,10,1,0
BRF:23
BRH:0
end_of_record
TN:
SF:src\pages\ProjectsList.tsx
FN:7,PageInner
FN:25,(anonymous_1)
FN:34,(anonymous_2)
FN:35,(anonymous_3)
FN:43,(anonymous_4)
FN:46,(anonymous_5)
FN:51,(anonymous_6)
FN:65,(anonymous_7)
FN:86,(anonymous_8)
FN:106,(anonymous_9)
FN:113,(anonymous_10)
FN:129,(anonymous_11)
FN:134,(anonymous_12)
FN:143,(anonymous_13)
FN:154,(anonymous_14)
FN:166,ProjectsList
FNF:16
FNH:16
FNDA:23,PageInner
FNDA:18,(anonymous_1)
FNDA:18,(anonymous_2)
FNDA:9,(anonymous_3)
FNDA:18,(anonymous_4)
FNDA:18,(anonymous_5)
FNDA:82,(anonymous_6)
FNDA:23,(anonymous_7)
FNDA:1,(anonymous_8)
FNDA:1,(anonymous_9)
FNDA:1,(anonymous_10)
FNDA:1,(anonymous_11)
FNDA:77,(anonymous_12)
FNDA:3,(anonymous_13)
FNDA:2,(anonymous_14)
FNDA:16,ProjectsList
DA:8,23
DA:19,23
DA:21,23
DA:24,23
DA:25,23
DA:26,18
DA:27,3
DA:29,15
DA:34,23
DA:35,18
DA:36,9
DA:41,9
DA:43,18
DA:46,23
DA:47,18
DA:48,18
DA:49,18
DA:51,18
DA:52,82
DA:56,82
DA:57,82
DA:58,82
DA:62,23
DA:63,23
DA:65,23
DA:66,23
DA:67,23
DA:70,23
DA:71,1
DA:81,22
DA:82,3
DA:86,1
DA:95,19
DA:106,1
DA:113,1
DA:129,1
DA:135,77
DA:143,3
DA:154,2
DA:167,16
LF:40
LH:40
BRDA:26,0,0,3
BRDA:26,0,1,15
BRDA:37,1,0,1
BRDA:37,1,1,8
BRDA:37,2,0,9
BRDA:37,2,1,9
BRDA:38,3,0,1
BRDA:38,3,1,8
BRDA:38,4,0,9
BRDA:38,4,1,9
BRDA:39,5,0,9
BRDA:39,5,1,9
BRDA:42,6,0,1
BRDA:42,6,1,17
BRDA:47,7,0,18
BRDA:47,7,1,17
BRDA:48,8,0,2
BRDA:48,8,1,16
BRDA:48,9,0,18
BRDA:48,9,1,18
BRDA:49,10,0,1
BRDA:49,10,1,17
BRDA:49,11,0,18
BRDA:49,11,1,18
BRDA:52,12,0,82
BRDA:52,12,1,2
BRDA:52,12,2,1
BRDA:53,13,0,2
BRDA:53,13,1,0
BRDA:56,14,0,82
BRDA:56,14,1,4
BRDA:57,15,0,82
BRDA:57,15,1,2
BRDA:58,16,0,82
BRDA:58,16,1,81
BRDA:58,16,2,79
BRDA:70,17,0,1
BRDA:70,17,1,22
BRDA:81,18,0,3
BRDA:81,18,1,19
BRF:40
BRH:39
end_of_record
TN:
SF:src\pages\ProjectsStatusPage.tsx
FN:27,PageInner
FN:48,(anonymous_1)
FN:53,(anonymous_2)
FN:55,(anonymous_3)
FN:65,(anonymous_4)
FN:72,(anonymous_5)
FN:79,(anonymous_6)
FN:81,(anonymous_7)
FN:82,(anonymous_8)
FN:83,(anonymous_9)
FN:84,(anonymous_10)
FN:144,(anonymous_11)
FN:148,(anonymous_12)
FN:153,(anonymous_13)
FN:158,(anonymous_14)
FN:162,(anonymous_15)
FN:169,(anonymous_16)
FN:182,(anonymous_17)
FN:183,(anonymous_18)
FN:184,(anonymous_19)
FN:187,(anonymous_20)
FN:191,(anonymous_21)
FN:209,(anonymous_22)
FN:238,(anonymous_23)
FN:240,(anonymous_24)
FN:240,(anonymous_25)
FN:241,(anonymous_26)
FN:241,(anonymous_27)
FN:245,(anonymous_28)
FN:261,(anonymous_29)
FN:287,(anonymous_30)
FN:297,(anonymous_31)
FN:384,(anonymous_32)
FN:398,(anonymous_33)
FN:412,(anonymous_34)
FN:434,(anonymous_35)
FN:447,(anonymous_36)
FN:454,(anonymous_37)
FN:464,(anonymous_38)
FN:501,(anonymous_39)
FN:504,(anonymous_40)
FN:526,(anonymous_41)
FN:601,(anonymous_42)
FN:645,ProjectsStatusPage
FNF:44
FNH:35
FNDA:22,PageInner
FNDA:10,(anonymous_1)
FNDA:22,(anonymous_2)
FNDA:10,(anonymous_3)
FNDA:22,(anonymous_4)
FNDA:22,(anonymous_5)
FNDA:22,(anonymous_6)
FNDA:44,(anonymous_7)
FNDA:44,(anonymous_8)
FNDA:44,(anonymous_9)
FNDA:44,(anonymous_10)
FNDA:0,(anonymous_11)
FNDA:0,(anonymous_12)
FNDA:0,(anonymous_13)
FNDA:0,(anonymous_14)
FNDA:0,(anonymous_15)
FNDA:8,(anonymous_16)
FNDA:22,(anonymous_17)
FNDA:44,(anonymous_18)
FNDA:44,(anonymous_19)
FNDA:44,(anonymous_20)
FNDA:44,(anonymous_21)
FNDA:44,(anonymous_22)
FNDA:22,(anonymous_23)
FNDA:44,(anonymous_24)
FNDA:44,(anonymous_25)
FNDA:44,(anonymous_26)
FNDA:44,(anonymous_27)
FNDA:44,(anonymous_28)
FNDA:22,(anonymous_29)
FNDA:0,(anonymous_30)
FNDA:0,(anonymous_31)
FNDA:1,(anonymous_32)
FNDA:2,(anonymous_33)
FNDA:2,(anonymous_34)
FNDA:0,(anonymous_35)
FNDA:0,(anonymous_36)
FNDA:1,(anonymous_37)
FNDA:1,(anonymous_38)
FNDA:20,(anonymous_39)
FNDA:8,(anonymous_40)
FNDA:8,(anonymous_41)
FNDA:12,(anonymous_42)
FNDA:4,ProjectsStatusPage
DA:25,1
DA:28,22
DA:29,22
DA:30,22
DA:31,22
DA:39,22
DA:45,22
DA:48,22
DA:49,10
DA:53,22
DA:54,22
DA:55,22
DA:56,10
DA:62,10
DA:65,22
DA:66,22
DA:67,22
DA:72,22
DA:73,22
DA:74,0
DA:79,22
DA:80,22
DA:81,44
DA:82,44
DA:83,44
DA:84,44
DA:85,22
DA:87,22
DA:97,22
DA:137,22
DA:144,22
DA:145,0
DA:148,22
DA:149,0
DA:150,0
DA:153,22
DA:154,0
DA:155,0
DA:158,22
DA:159,0
DA:162,22
DA:163,0
DA:164,0
DA:169,22
DA:170,8
DA:171,8
DA:172,8
DA:173,0
DA:175,8
DA:176,8
DA:177,8
DA:178,8
DA:182,22
DA:183,44
DA:184,44
DA:186,22
DA:187,44
DA:191,44
DA:196,22
DA:209,22
DA:210,44
DA:211,44
DA:213,22
DA:229,22
DA:234,22
DA:238,22
DA:239,22
DA:240,44
DA:241,44
DA:242,22
DA:243,22
DA:244,22
DA:245,22
DA:246,44
DA:247,44
DA:248,44
DA:249,44
DA:250,44
DA:251,44
DA:252,44
DA:255,22
DA:256,22
DA:257,22
DA:261,22
DA:262,22
DA:264,0
DA:288,0
DA:298,0
DA:338,22
DA:384,1
DA:398,2
DA:412,2
DA:435,0
DA:436,0
DA:437,0
DA:438,0
DA:447,0
DA:454,1
DA:464,1
DA:502,20
DA:505,8
DA:527,8
DA:528,8
DA:602,12
DA:646,4
LF:105
LH:87
BRDA:57,0,0,0
BRDA:57,0,1,10
BRDA:57,1,0,10
BRDA:57,1,1,10
BRDA:58,2,0,0
BRDA:58,2,1,10
BRDA:58,3,0,10
BRDA:58,3,1,10
BRDA:59,4,0,10
BRDA:59,4,1,10
BRDA:63,5,0,0
BRDA:63,5,1,22
BRDA:73,6,0,0
BRDA:73,6,1,22
BRDA:81,7,0,44
BRDA:81,7,1,22
BRDA:82,8,0,44
BRDA:82,8,1,22
BRDA:85,9,0,22
BRDA:85,9,1,0
BRDA:163,10,0,0
BRDA:163,10,1,0
BRDA:172,11,0,0
BRDA:172,11,1,8
BRDA:172,12,0,8
BRDA:172,12,1,8
BRDA:172,12,2,8
BRDA:173,13,0,0
BRDA:173,13,1,0
BRDA:184,14,0,22
BRDA:184,14,1,0
BRDA:184,15,0,44
BRDA:184,15,1,0
BRDA:191,16,0,44
BRDA:191,16,1,0
BRDA:210,17,0,44
BRDA:210,17,1,44
BRDA:239,18,0,0
BRDA:239,18,1,22
BRDA:248,19,0,0
BRDA:248,19,1,44
BRDA:249,20,0,0
BRDA:249,20,1,44
BRDA:262,21,0,22
BRDA:262,21,1,0
BRDA:262,22,0,22
BRDA:262,22,1,0
BRDA:285,23,0,0
BRDA:285,23,1,0
BRDA:291,24,0,0
BRDA:291,24,1,0
BRDA:302,25,0,0
BRDA:302,25,1,0
BRDA:307,26,0,0
BRDA:307,26,1,0
BRDA:308,27,0,0
BRDA:308,27,1,0
BRDA:309,28,0,0
BRDA:309,28,1,0
BRDA:315,29,0,0
BRDA:315,29,1,0
BRDA:316,30,0,0
BRDA:316,30,1,0
BRDA:317,31,0,0
BRDA:317,31,1,0
BRDA:386,32,0,12
BRDA:386,32,1,10
BRDA:400,33,0,4
BRDA:400,33,1,18
BRDA:414,34,0,6
BRDA:414,34,1,16
BRDA:425,35,0,22
BRDA:425,35,1,12
BRDA:444,36,0,12
BRDA:444,36,1,0
BRDA:446,37,0,12
BRDA:446,37,1,0
BRDA:453,38,0,12
BRDA:453,38,1,0
BRDA:491,39,0,22
BRDA:491,39,1,4
BRDA:508,40,0,4
BRDA:508,40,1,4
BRDA:509,41,0,4
BRDA:509,41,1,0
BRDA:510,42,0,0
BRDA:510,42,1,0
BRDA:511,43,0,0
BRDA:511,43,1,0
BRDA:520,44,0,4
BRDA:520,44,1,0
BRDA:521,45,0,4
BRDA:521,45,1,0
BRDA:547,46,0,4
BRDA:547,46,1,0
BRDA:554,47,0,22
BRDA:554,47,1,6
BRDA:608,48,0,12
BRDA:608,48,1,6
BRDA:611,49,0,6
BRDA:611,49,1,0
BRDA:624,50,0,22
BRDA:624,50,1,0
BRF:103
BRH:54
end_of_record
TN:
SF:src\pages\index.ts
FNF:0
FNH:0
LF:0
LH:0
BRF:0
BRH:0
end_of_record
TN:
SF:src\pages\routes\ActionsPage.tsx
FN:9,ActionsPage
FN:16,(anonymous_1)
FN:21,(anonymous_2)
FN:26,(anonymous_3)
FN:43,(anonymous_4)
FN:48,(anonymous_5)
FN:59,(anonymous_6)
FN:64,(anonymous_7)
FN:84,(anonymous_8)
FN:94,(anonymous_9)
FNF:10
FNH:10
FNDA:5,ActionsPage
FNDA:5,(anonymous_1)
FNDA:5,(anonymous_2)
FNDA:1,(anonymous_3)
FNDA:1,(anonymous_4)
FNDA:25,(anonymous_5)
FNDA:1,(anonymous_6)
FNDA:20,(anonymous_7)
FNDA:10,(anonymous_8)
FNDA:1,(anonymous_9)
DA:6,1
DA:7,1
DA:10,5
DA:11,5
DA:13,5
DA:14,5
DA:16,5
DA:21,5
DA:22,5
DA:26,5
DA:27,1
DA:30,5
DA:43,1
DA:49,25
DA:59,1
DA:65,20
DA:85,10
DA:94,1
LF:18
LH:18
BRDA:17,0,0,2
BRDA:17,0,1,3
BRDA:18,1,0,1
BRDA:18,1,1,4
BRDA:90,2,0,5
BRDA:90,2,1,5
BRDA:104,3,0,5
BRDA:104,3,1,0
BRDA:104,3,2,0
BRDA:104,3,3,0
BRDA:115,4,0,5
BRDA:115,4,1,0
BRDA:118,5,0,5
BRDA:118,5,1,0
BRF:14
BRH:9
end_of_record
TN:
SF:src\pages\routes\ChecklistsPage.tsx
FN:5,ChecklistsPage
FN:9,(anonymous_1)
FN:27,(anonymous_2)
FN:30,(anonymous_3)
FNF:4
FNH:0
FNDA:0,ChecklistsPage
FNDA:0,(anonymous_1)
FNDA:0,(anonymous_2)
FNDA:0,(anonymous_3)
DA:6,0
DA:7,0
DA:9,0
DA:10,0
DA:13,0
DA:15,0
DA:27,0
DA:31,0
LF:8
LH:0
BRDA:13,0,0,0
BRDA:13,0,1,0
BRDA:13,0,2,0
BRDA:20,1,0,0
BRDA:20,1,1,0
BRDA:21,2,0,0
BRDA:21,2,1,0
BRDA:36,3,0,0
BRDA:36,3,1,0
BRF:9
BRH:0
end_of_record
TN:
SF:src\pages\routes\ReportsPage.tsx
FN:17,ReportsPage
FN:21,(anonymous_1)
FN:29,(anonymous_2)
FN:44,(anonymous_3)
FN:53,(anonymous_4)
FN:63,(anonymous_5)
FN:71,(anonymous_6)
FN:74,(anonymous_7)
FN:75,(anonymous_8)
FN:102,(anonymous_9)
FN:134,mapStatusLabel
FNF:11
FNH:7
FNDA:2,ReportsPage
FNDA:2,(anonymous_1)
FNDA:2,(anonymous_2)
FNDA:2,(anonymous_3)
FNDA:2,(anonymous_4)
FNDA:2,(anonymous_5)
FNDA:0,(anonymous_6)
FNDA:0,(anonymous_7)
FNDA:0,(anonymous_8)
FNDA:0,(anonymous_9)
FNDA:2,mapStatusLabel
DA:15,1
DA:18,2
DA:19,2
DA:21,2
DA:22,2
DA:23,2
DA:26,2
DA:27,2
DA:29,2
DA:30,2
DA:31,2
DA:32,2
DA:34,2
DA:35,2
DA:36,2
DA:38,2
DA:44,2
DA:53,2
DA:63,2
DA:71,2
DA:72,0
DA:73,0
DA:74,0
DA:75,0
DA:76,0
DA:77,0
DA:78,0
DA:79,0
DA:80,0
DA:81,0
DA:82,0
DA:85,2
DA:86,0
DA:93,2
DA:94,1
DA:102,0
DA:109,1
DA:135,2
DA:136,0
DA:137,1
DA:138,0
DA:139,1
DA:140,0
DA:141,0
LF:44
LH:27
BRDA:26,0,0,2
BRDA:26,0,1,2
BRDA:27,1,0,2
BRDA:27,1,1,1
BRDA:30,2,0,2
BRDA:30,2,1,1
BRDA:31,3,0,2
BRDA:31,3,1,1
BRDA:32,4,0,2
BRDA:32,4,1,1
BRDA:44,5,0,2
BRDA:44,5,1,0
BRDA:53,6,0,2
BRDA:53,6,1,0
BRDA:63,7,0,2
BRDA:63,7,1,0
BRDA:72,8,0,0
BRDA:72,8,1,0
BRDA:74,9,0,0
BRDA:74,9,1,0
BRDA:74,10,0,0
BRDA:74,10,1,0
BRDA:85,11,0,0
BRDA:85,11,1,2
BRDA:93,12,0,1
BRDA:93,12,1,1
BRDA:135,13,0,0
BRDA:135,13,1,1
BRDA:135,13,2,0
BRDA:135,13,3,1
BRDA:135,13,4,0
BRDA:135,13,5,0
BRF:32
BRH:18
end_of_record
TN:
SF:src\state\AuthContext.tsx
FN:19,(anonymous_0)
FN:25,(anonymous_1)
FN:37,(anonymous_2)
FN:60,(anonymous_3)
FN:73,(anonymous_4)
FN:90,(anonymous_5)
FNF:6
FNH:4
FNDA:58,(anonymous_0)
FNDA:28,(anonymous_1)
FNDA:0,(anonymous_2)
FNDA:0,(anonymous_3)
FNDA:56,(anonymous_4)
FNDA:58,(anonymous_5)
DA:14,1
DA:16,1
DA:17,1
DA:19,1
DA:20,58
DA:21,58
DA:22,58
DA:23,58
DA:25,58
DA:26,28
DA:27,28
DA:28,28
DA:29,28
DA:30,0
DA:31,0
DA:34,28
DA:37,58
DA:38,0
DA:39,0
DA:40,0
DA:41,0
DA:42,0
DA:43,0
DA:44,0
DA:45,0
DA:46,0
DA:48,0
DA:49,0
DA:53,0
DA:54,0
DA:56,0
DA:60,58
DA:61,0
DA:62,0
DA:63,0
DA:64,0
DA:65,0
DA:67,0
DA:68,0
DA:73,58
DA:83,58
DA:90,1
DA:91,58
DA:92,58
DA:93,58
LF:45
LH:22
BRDA:27,0,0,28
BRDA:27,0,1,0
BRDA:28,1,0,28
BRDA:28,1,1,0
BRDA:29,2,0,0
BRDA:29,2,1,28
BRDA:29,3,0,28
BRDA:29,3,1,0
BRDA:44,4,0,0
BRDA:44,4,1,0
BRDA:48,5,0,0
BRDA:48,5,1,0
BRDA:53,6,0,0
BRDA:53,6,1,0
BRDA:63,7,0,0
BRDA:63,7,1,0
BRDA:67,8,0,0
BRDA:67,8,1,0
BRDA:76,9,0,56
BRDA:76,9,1,0
BRDA:92,10,0,0
BRDA:92,10,1,58
BRF:22
BRH:6
end_of_record
TN:
SF:src\state\StatusContext.tsx
FN:23,(anonymous_0)
FN:26,(anonymous_1)
FN:51,(anonymous_2)
FN:69,(anonymous_3)
FN:81,(anonymous_4)
FN:90,(anonymous_5)
FN:91,(anonymous_6)
FN:95,(anonymous_7)
FN:97,(anonymous_8)
FN:99,(anonymous_9)
FN:101,(anonymous_10)
FN:103,(anonymous_11)
FN:105,(anonymous_12)
FN:115,(anonymous_13)
FNF:14
FNH:14
FNDA:85,(anonymous_0)
FNDA:22,(anonymous_1)
FNDA:22,(anonymous_2)
FNDA:42,(anonymous_3)
FNDA:85,(anonymous_4)
FNDA:138,(anonymous_5)
FNDA:80,(anonymous_6)
FNDA:42,(anonymous_7)
FNDA:7,(anonymous_8)
FNDA:2,(anonymous_9)
FNDA:2,(anonymous_10)
FNDA:2,(anonymous_11)
FNDA:20,(anonymous_12)
FNDA:54,(anonymous_13)
DA:19,4
DA:21,4
DA:23,4
DA:24,85
DA:26,85
DA:33,22
DA:34,22
DA:35,22
DA:36,22
DA:38,22
DA:39,22
DA:40,22
DA:41,22
DA:43,0
DA:46,22
DA:52,22
DA:53,22
DA:54,19
DA:55,19
DA:60,85
DA:62,85
DA:63,85
DA:64,85
DA:65,85
DA:66,85
DA:69,85
DA:70,42
DA:71,42
DA:81,85
DA:82,85
DA:83,85
DA:84,85
DA:85,85
DA:86,85
DA:87,85
DA:90,138
DA:91,80
DA:92,85
DA:95,85
DA:97,7
DA:99,2
DA:101,2
DA:103,2
DA:105,20
DA:108,85
DA:115,4
DA:116,54
DA:117,54
DA:118,54
LF:49
LH:48
BRDA:33,0,0,22
BRDA:33,0,1,21
BRDA:41,1,0,6
BRDA:41,1,1,16
BRDA:47,2,0,22
BRDA:47,2,1,21
BRDA:47,2,2,15
BRDA:48,3,0,22
BRDA:48,3,1,21
BRDA:48,3,2,19
BRDA:49,4,0,22
BRDA:49,4,1,21
BRDA:49,4,2,19
BRDA:50,5,0,22
BRDA:50,5,1,21
BRDA:50,5,2,19
BRDA:53,6,0,3
BRDA:53,6,1,19
BRDA:53,7,0,22
BRDA:53,7,1,22
BRDA:55,8,0,2
BRDA:55,8,1,17
BRDA:55,9,0,19
BRDA:55,9,1,2
BRDA:83,10,0,85
BRDA:83,10,1,0
BRDA:84,11,0,15
BRDA:84,11,1,70
BRDA:85,12,0,15
BRDA:85,12,1,70
BRDA:85,13,0,85
BRDA:85,13,1,85
BRDA:86,14,0,11
BRDA:86,14,1,74
BRDA:86,15,0,85
BRDA:86,15,1,85
BRDA:87,16,0,17
BRDA:87,16,1,68
BRDA:87,17,0,85
BRDA:87,17,1,85
BRDA:90,18,0,85
BRDA:90,18,1,45
BRDA:92,19,0,42
BRDA:92,19,1,43
BRDA:117,20,0,0
BRDA:117,20,1,54
BRF:46
BRH:44
end_of_record
TN:
SF:src\types\actionItems.ts
FNF:0
FNH:0
LF:0
LH:0
BRF:0
BRH:0
end_of_record
TN:
SF:src\types\index.ts
FNF:0
FNH:0
LF:0
LH:0
BRF:0
BRH:0
end_of_record
TN:
SF:src\types\portfolio.ts
FNF:0
FNH:0
LF:0
LH:0
BRF:0
BRH:0
end_of_record
TN:
SF:src\ui\components\index.ts
FNF:0
FNH:0
LF:0
LH:0
BRF:0
BRH:0
end_of_record
TN:
SF:src\ui\components\Cards\KPICard.tsx
FN:21,(anonymous_0)
FN:33,(anonymous_1)
FN:73,(anonymous_2)
FNF:3
FNH:3
FNDA:30,(anonymous_0)
FNDA:30,(anonymous_1)
FNDA:30,(anonymous_2)
DA:21,1
DA:33,30
DA:34,30
DA:36,1
DA:43,1
DA:50,1
DA:57,1
DA:64,26
DA:73,30
DA:74,30
DA:76,1
DA:83,1
DA:90,28
DA:99,30
DA:100,30
DA:102,30
DA:103,1
DA:114,29
DA:166,1
LF:19
LH:19
BRDA:27,0,0,26
BRDA:28,1,0,28
BRDA:30,2,0,29
BRDA:31,3,0,28
BRDA:34,4,0,1
BRDA:34,4,1,1
BRDA:34,4,2,1
BRDA:34,4,3,1
BRDA:34,4,4,26
BRDA:74,5,0,1
BRDA:74,5,1,1
BRDA:74,5,2,28
BRDA:102,6,0,1
BRDA:102,6,1,29
BRDA:120,7,0,2
BRDA:120,7,1,27
BRDA:132,8,0,26
BRDA:132,8,1,3
BRDA:135,9,0,29
BRDA:135,9,1,1
BRDA:141,10,0,29
BRDA:141,10,1,3
BRDA:143,11,0,2
BRDA:143,11,1,1
BRDA:144,12,0,2
BRDA:144,12,1,1
BRDA:146,13,0,3
BRDA:146,13,1,1
BRDA:155,14,0,29
BRDA:155,14,1,8
BRF:30
BRH:30
end_of_record
TN:
SF:src\ui\components\Layout\Breadcrumbs.tsx
FN:16,(anonymous_0)
FN:28,(anonymous_1)
FN:41,(anonymous_2)
FN:56,(anonymous_3)
FN:66,(anonymous_4)
FN:80,(anonymous_5)
FN:83,(anonymous_6)
FN:84,(anonymous_7)
FN:87,(anonymous_8)
FN:88,(anonymous_9)
FN:91,(anonymous_10)
FN:92,(anonymous_11)
FN:92,(anonymous_12)
FN:97,(anonymous_13)
FN:101,(anonymous_14)
FNF:15
FNH:15
FNDA:15,(anonymous_0)
FNDA:3,(anonymous_1)
FNDA:26,(anonymous_2)
FNDA:2,(anonymous_3)
FNDA:1,(anonymous_4)
FNDA:12,(anonymous_5)
FNDA:1,(anonymous_6)
FNDA:1,(anonymous_7)
FNDA:1,(anonymous_8)
FNDA:1,(anonymous_9)
FNDA:1,(anonymous_10)
FNDA:1,(anonymous_11)
FNDA:1,(anonymous_12)
FNDA:1,(anonymous_13)
FNDA:1,(anonymous_14)
DA:16,1
DA:23,15
DA:28,15
DA:29,3
DA:30,3
DA:34,15
DA:35,1
DA:38,14
DA:42,26
DA:57,2
DA:58,2
DA:66,1
DA:80,1
DA:81,12
DA:83,12
DA:84,1
DA:87,12
DA:88,1
DA:91,12
DA:92,1
DA:93,1
DA:97,12
DA:98,1
DA:101,12
DA:102,1
DA:105,12
LF:26
LH:26
BRDA:19,0,0,14
BRDA:29,1,0,3
BRDA:29,1,1,0
BRDA:29,2,0,3
BRDA:29,2,1,3
BRDA:34,3,0,1
BRDA:34,3,1,14
BRDA:43,4,0,26
BRDA:43,4,1,12
BRDA:45,5,0,12
BRDA:45,5,1,11
BRDA:49,6,0,8
BRDA:49,6,1,18
BRDA:53,7,0,14
BRDA:53,7,1,4
BRDA:80,8,0,0
BRDA:93,9,0,1
BRDA:93,9,1,0
BRF:18
BRH:15
end_of_record
TN:
SF:src\ui\components\Layout\SideNav.tsx
FN:23,(anonymous_0)
FN:32,(anonymous_1)
FN:76,(anonymous_2)
FN:80,(anonymous_3)
FN:116,(anonymous_4)
FN:123,(anonymous_5)
FNF:6
FNH:4
FNDA:58,(anonymous_0)
FNDA:3,(anonymous_1)
FNDA:152,(anonymous_2)
FNDA:3,(anonymous_3)
FNDA:0,(anonymous_4)
FNDA:0,(anonymous_5)
DA:23,1
DA:30,58
DA:31,58
DA:32,58
DA:33,3
DA:34,2
DA:38,58
DA:77,152
DA:81,3
DA:82,3
DA:116,0
DA:123,0
DA:135,1
LF:13
LH:11
BRDA:26,0,0,56
BRDA:27,1,0,44
BRDA:33,2,0,2
BRDA:33,2,1,1
BRDA:47,3,0,58
BRDA:47,3,1,48
BRDA:55,4,0,58
BRDA:55,4,1,56
BRDA:59,5,0,10
BRDA:59,5,1,46
BRDA:66,6,0,10
BRDA:66,6,1,46
BRDA:86,7,0,48
BRDA:86,7,1,104
BRDA:90,8,0,30
BRDA:90,8,1,122
BRDA:92,9,0,30
BRDA:92,9,1,122
BRDA:94,10,0,30
BRDA:94,10,1,122
BRDA:97,11,0,152
BRDA:97,11,1,122
BRDA:100,12,0,122
BRDA:100,12,1,80
BRDA:100,12,2,78
BRDA:102,13,0,2
BRDA:102,13,1,76
BRDA:119,14,0,10
BRDA:119,14,1,48
BRDA:120,15,0,58
BRDA:120,15,1,48
BRDA:126,16,0,10
BRDA:126,16,1,48
BRDA:127,17,0,58
BRDA:127,17,1,48
BRF:35
BRH:35
end_of_record
TN:
SF:src\ui\components\Layout\TopBar.tsx
FN:18,(anonymous_0)
FNF:1
FNH:1
FNDA:32,(anonymous_0)
DA:18,1
DA:27,32
LF:2
LH:2
BRDA:19,0,0,30
BRDA:23,1,0,31
BRDA:24,2,0,31
BRDA:25,3,0,31
BRDA:48,4,0,32
BRDA:48,4,1,31
BRDA:72,5,0,32
BRDA:72,5,1,31
BRDA:72,5,2,15
BRDA:79,6,0,11
BRDA:79,6,1,4
BRF:11
BRH:11
end_of_record
TN:
SF:src\ui\components\Tables\ProjectsTable.tsx
FN:30,(anonymous_0)
FN:60,(anonymous_1)
FN:65,(anonymous_2)
FN:72,(anonymous_3)
FN:78,(anonymous_4)
FN:83,(anonymous_5)
FN:92,(anonymous_6)
FN:97,(anonymous_7)
FN:101,(anonymous_8)
FN:102,(anonymous_9)
FN:130,(anonymous_10)
FN:134,(anonymous_11)
FN:146,(anonymous_12)
FN:147,(anonymous_13)
FN:153,(anonymous_14)
FN:177,(anonymous_15)
FN:184,(anonymous_16)
FN:195,(anonymous_17)
FN:222,(anonymous_18)
FN:236,(anonymous_19)
FN:249,(anonymous_20)
FN:253,(anonymous_21)
FN:253,(anonymous_22)
FN:270,(anonymous_23)
FN:281,(anonymous_24)
FN:292,(anonymous_25)
FN:303,(anonymous_26)
FN:314,(anonymous_27)
FN:332,(anonymous_28)
FN:336,(anonymous_29)
FN:371,(anonymous_30)
FN:396,(anonymous_31)
FN:405,(anonymous_32)
FNF:33
FNH:28
FNDA:38,(anonymous_0)
FNDA:2,(anonymous_1)
FNDA:2,(anonymous_2)
FNDA:0,(anonymous_3)
FNDA:38,(anonymous_4)
FNDA:15,(anonymous_5)
FNDA:9,(anonymous_6)
FNDA:4,(anonymous_7)
FNDA:88,(anonymous_8)
FNDA:53,(anonymous_9)
FNDA:88,(anonymous_10)
FNDA:35,(anonymous_11)
FNDA:3,(anonymous_12)
FNDA:3,(anonymous_13)
FNDA:85,(anonymous_14)
FNDA:85,(anonymous_15)
FNDA:85,(anonymous_16)
FNDA:5,(anonymous_17)
FNDA:4,(anonymous_18)
FNDA:2,(anonymous_19)
FNDA:2,(anonymous_20)
FNDA:99,(anonymous_21)
FNDA:67,(anonymous_22)
FNDA:1,(anonymous_23)
FNDA:0,(anonymous_24)
FNDA:1,(anonymous_25)
FNDA:0,(anonymous_26)
FNDA:1,(anonymous_27)
FNDA:85,(anonymous_28)
FNDA:1,(anonymous_29)
FNDA:1,(anonymous_30)
FNDA:0,(anonymous_31)
FNDA:0,(anonymous_32)
DA:30,1
DA:49,38
DA:54,38
DA:55,38
DA:57,38
DA:58,38
DA:60,38
DA:61,2
DA:62,2
DA:65,38
DA:66,2
DA:67,2
DA:70,38
DA:71,38
DA:72,38
DA:73,0
DA:74,0
DA:78,38
DA:79,38
DA:82,38
DA:83,5
DA:84,15
DA:91,38
DA:92,9
DA:96,38
DA:97,4
DA:101,88
DA:102,38
DA:103,53
DA:104,53
DA:107,53
DA:108,0
DA:109,0
DA:113,53
DA:114,53
DA:115,53
DA:116,53
DA:117,53
DA:119,53
DA:120,53
DA:121,49
DA:122,4
DA:123,2
DA:124,0
DA:126,53
DA:127,53
DA:130,88
DA:134,38
DA:135,35
DA:136,0
DA:140,38
DA:141,38
DA:142,38
DA:146,38
DA:147,3
DA:153,38
DA:154,85
DA:155,85
DA:163,85
DA:177,38
DA:178,85
DA:184,38
DA:185,85
DA:188,38
DA:189,1
DA:196,5
DA:205,37
DA:222,4
DA:236,2
DA:249,2
DA:253,99
DA:254,67
DA:270,1
DA:281,0
DA:292,1
DA:303,0
DA:314,1
DA:333,85
DA:336,1
DA:372,1
DA:373,1
DA:396,0
DA:405,0
LF:83
LH:73
BRDA:32,0,0,37
BRDA:35,1,0,33
BRDA:37,2,0,37
BRDA:38,3,0,37
BRDA:39,4,0,37
BRDA:44,5,0,38
BRDA:45,6,0,38
BRDA:57,7,0,38
BRDA:57,7,1,38
BRDA:58,8,0,38
BRDA:58,8,1,38
BRDA:61,9,0,0
BRDA:61,9,1,2
BRDA:66,10,0,0
BRDA:66,10,1,2
BRDA:71,11,0,38
BRDA:71,11,1,38
BRDA:73,12,0,0
BRDA:73,12,1,0
BRDA:82,13,0,5
BRDA:82,13,1,33
BRDA:84,14,0,15
BRDA:84,14,1,12
BRDA:84,14,2,12
BRDA:84,14,3,11
BRDA:84,14,4,11
BRDA:91,15,0,3
BRDA:91,15,1,35
BRDA:96,16,0,2
BRDA:96,16,1,36
BRDA:107,17,0,0
BRDA:107,17,1,53
BRDA:107,18,0,53
BRDA:107,18,1,53
BRDA:113,19,0,53
BRDA:113,19,1,53
BRDA:114,20,0,53
BRDA:114,20,1,53
BRDA:115,21,0,0
BRDA:115,21,1,53
BRDA:115,22,0,53
BRDA:115,22,1,0
BRDA:116,23,0,0
BRDA:116,23,1,53
BRDA:117,24,0,0
BRDA:117,24,1,53
BRDA:120,25,0,49
BRDA:120,25,1,4
BRDA:120,26,0,53
BRDA:120,26,1,49
BRDA:122,27,0,2
BRDA:122,27,1,2
BRDA:123,28,0,2
BRDA:123,28,1,0
BRDA:126,29,0,0
BRDA:126,29,1,53
BRDA:127,30,0,51
BRDA:127,30,1,2
BRDA:135,31,0,35
BRDA:135,31,1,0
BRDA:141,32,0,0
BRDA:141,32,1,38
BRDA:142,33,0,0
BRDA:142,33,1,38
BRDA:149,34,0,1
BRDA:149,34,1,2
BRDA:149,35,0,3
BRDA:149,35,1,1
BRDA:172,36,0,85
BRDA:172,36,1,1
BRDA:188,37,0,1
BRDA:188,37,1,37
BRDA:216,38,0,37
BRDA:216,38,1,36
BRDA:232,39,0,37
BRDA:232,39,1,36
BRDA:274,40,0,37
BRDA:274,40,1,35
BRDA:275,41,0,34
BRDA:275,41,1,1
BRDA:285,42,0,37
BRDA:285,42,1,0
BRDA:286,43,0,0
BRDA:286,43,1,0
BRDA:296,44,0,37
BRDA:296,44,1,1
BRDA:297,45,0,1
BRDA:297,45,1,0
BRDA:307,46,0,37
BRDA:307,46,1,0
BRDA:308,47,0,0
BRDA:308,47,1,0
BRDA:318,48,0,37
BRDA:318,48,1,1
BRDA:319,49,0,1
BRDA:319,49,1,0
BRDA:344,50,0,85
BRDA:344,50,1,1
BRDA:362,51,0,58
BRDA:362,51,1,27
BRDA:362,52,0,85
BRDA:362,52,1,27
BRDA:366,53,0,85
BRDA:366,53,1,27
BRDA:387,54,0,37
BRDA:387,54,1,0
BRDA:387,54,2,0
BRDA:416,55,0,37
BRDA:416,55,1,1
BRDA:416,55,2,1
BRDA:423,56,0,0
BRDA:423,56,1,1
BRDA:423,57,0,1
BRDA:423,57,1,1
BRDA:423,57,2,1
BRF:115
BRH:90
end_of_record
TN:
SF:src\ui\tokens\colors.ts
FN:94,(anonymous_0)
FN:105,(anonymous_1)
FN:116,(anonymous_2)
FN:126,(anonymous_3)
FNF:4
FNH:4
FNDA:18,(anonymous_0)
FNDA:18,(anonymous_1)
FNDA:18,(anonymous_2)
FNDA:21,(anonymous_3)
DA:2,1
DA:94,1
DA:95,18
DA:102,18
DA:105,1
DA:106,18
DA:113,18
DA:116,1
DA:117,18
DA:123,18
DA:126,1
DA:127,21
DA:137,21
LF:13
LH:13
BRDA:102,0,0,18
BRDA:102,0,1,13
BRDA:113,1,0,18
BRDA:113,1,1,13
BRDA:123,2,0,18
BRDA:123,2,1,14
BRDA:137,3,0,21
BRDA:137,3,1,13
BRF:8
BRH:8
end_of_record
